-------------------------------------------------------------------------------
Test set: com.write.api.adapters.in.web.controller.apiKey.ApiKeyControllerTest
-------------------------------------------------------------------------------
Tests run: 3, Failures: 2, Errors: 0, Skipped: 0, Time elapsed: 0.495 s <<< FAILURE! -- in com.write.api.adapters.in.web.controller.apiKey.ApiKeyControllerTest
com.write.api.adapters.in.web.controller.apiKey.ApiKeyControllerTest.shouldCreateNewKey -- Time elapsed: 0.156 s <<< FAILURE!
java.lang.AssertionError: Status expected:<201> but was:<403>
	at org.springframework.test.util.AssertionErrors.fail(AssertionErrors.java:62)
	at org.springframework.test.util.AssertionErrors.assertEquals(AssertionErrors.java:129)
	at org.springframework.test.web.servlet.result.StatusResultMatchers.lambda$matcher$0(StatusResultMatchers.java:600)
	at org.springframework.test.web.servlet.MockMvc$1.andExpect(MockMvc.java:212)
	at com.write.api.adapters.in.web.controller.util.helps.HelperTest.createApiKey(HelperTest.java:69)
	at com.write.api.adapters.in.web.controller.apiKey.ApiKeyControllerTest.shouldCreateNewKey(ApiKeyControllerTest.java:40)

com.write.api.adapters.in.web.controller.apiKey.ApiKeyControllerTest.shouldSuccessTheTestApiKey -- Time elapsed: 0.161 s <<< FAILURE!
java.lang.AssertionError: Status expected:<201> but was:<403>
	at org.springframework.test.util.AssertionErrors.fail(AssertionErrors.java:62)
	at org.springframework.test.util.AssertionErrors.assertEquals(AssertionErrors.java:129)
	at org.springframework.test.web.servlet.result.StatusResultMatchers.lambda$matcher$0(StatusResultMatchers.java:600)
	at org.springframework.test.web.servlet.MockMvc$1.andExpect(MockMvc.java:212)
	at com.write.api.adapters.in.web.controller.util.helps.HelperTest.createApiKey(HelperTest.java:69)
	at com.write.api.adapters.in.web.controller.apiKey.ApiKeyControllerTest.shouldSuccessTheTestApiKey(ApiKeyControllerTest.java:49)

