-------------------------------------------------------------------------------
Test set: com.write.api.adapters.out.persistence.repository.JooqApiKeyRepositoryTest
-------------------------------------------------------------------------------
Tests run: 13, Failures: 0, Errors: 8, Skipped: 0, Time elapsed: 0.187 s <<< FAILURE! -- in com.write.api.adapters.out.persistence.repository.JooqApiKeyRepositoryTest
com.write.api.adapters.out.persistence.repository.JooqApiKeyRepositoryTest.shouldFindById -- Time elapsed: 0.015 s <<< ERROR!
org.springframework.dao.DataIntegrityViolationException: jOOQ; SQL [insert into `API_KEYS` (`ID`, `USER_ID`, `OWNER_USER_ID`, `KEY_HASH`, `NAME`, `ACTIVE`, `LAST_USED_AT`, `EXPIRES_AT`, `CREATED_AT`, `UPDATED_AT`) values (?, ?, ?, ?, ?, ?, ?, ?, ?, ?)]; Column 'owner_user_id' cannot be null
	at org.jooq_3.20.5.MYSQL.debug(Unknown Source)
	at org.springframework.jdbc.support.SQLExceptionSubclassTranslator.doTranslate(SQLExceptionSubclassTranslator.java:106)
	at org.springframework.jdbc.support.AbstractFallbackSQLExceptionTranslator.translate(AbstractFallbackSQLExceptionTranslator.java:102)
	at org.springframework.jdbc.support.AbstractFallbackSQLExceptionTranslator.translate(AbstractFallbackSQLExceptionTranslator.java:111)
	at org.springframework.boot.jooq.autoconfigure.DefaultExceptionTranslatorExecuteListener.handle(DefaultExceptionTranslatorExecuteListener.java:94)
	at org.springframework.boot.jooq.autoconfigure.DefaultExceptionTranslatorExecuteListener.exception(DefaultExceptionTranslatorExecuteListener.java:79)
	at org.jooq.impl.ExecuteListeners.exception(ExecuteListeners.java:304)
	at org.jooq.impl.AbstractQuery.execute(AbstractQuery.java:364)
	at org.jooq.impl.AbstractDelegatingQuery.execute(AbstractDelegatingQuery.java:115)
	at com.write.api.adapters.out.persistence.repository.JooqApiKeyRepository.insert(JooqApiKeyRepository.java:44)
	at java.base/jdk.internal.reflect.DirectMethodHandleAccessor.invoke(DirectMethodHandleAccessor.java:104)
	at java.base/java.lang.reflect.Method.invoke(Method.java:565)
	at org.springframework.aop.support.AopUtils.invokeJoinpointUsingReflection(AopUtils.java:359)
	at org.springframework.aop.framework.ReflectiveMethodInvocation.invokeJoinpoint(ReflectiveMethodInvocation.java:190)
	at org.springframework.aop.framework.ReflectiveMethodInvocation.proceed(ReflectiveMethodInvocation.java:158)
	at org.springframework.dao.support.PersistenceExceptionTranslationInterceptor.invoke(PersistenceExceptionTranslationInterceptor.java:135)
	at org.springframework.aop.framework.ReflectiveMethodInvocation.proceed(ReflectiveMethodInvocation.java:179)
	at org.springframework.aop.framework.CglibAopProxy$DynamicAdvisedInterceptor.intercept(CglibAopProxy.java:719)
	at com.write.api.adapters.out.persistence.repository.JooqApiKeyRepository$$SpringCGLIB$$0.insert(<generated>)
	at com.write.api.adapters.out.persistence.repository.JooqApiKeyRepositoryTest.shouldFindById(JooqApiKeyRepositoryTest.java:77)
Caused by: java.sql.SQLIntegrityConstraintViolationException: Column 'owner_user_id' cannot be null
	at com.mysql.cj.jdbc.exceptions.SQLError.createSQLException(SQLError.java:109)
	at com.mysql.cj.jdbc.exceptions.SQLExceptionsMapping.translateException(SQLExceptionsMapping.java:114)
	at com.mysql.cj.jdbc.ClientPreparedStatement.executeInternal(ClientPreparedStatement.java:988)
	at com.mysql.cj.jdbc.ClientPreparedStatement.execute(ClientPreparedStatement.java:383)
	at com.zaxxer.hikari.pool.ProxyPreparedStatement.execute(ProxyPreparedStatement.java:44)
	at com.zaxxer.hikari.pool.HikariProxyPreparedStatement.execute(HikariProxyPreparedStatement.java)
	at org.jooq.tools.jdbc.DefaultPreparedStatement.execute(DefaultPreparedStatement.java:219)
	at org.jooq.impl.AbstractQuery.execute(AbstractQuery.java:459)
	at org.jooq.impl.AbstractDMLQuery.execute(AbstractDMLQuery.java:1115)
	at org.jooq.impl.AbstractQuery.execute(AbstractQuery.java:349)
	... 12 more

com.write.api.adapters.out.persistence.repository.JooqApiKeyRepositoryTest.shouldFindByKeyHash -- Time elapsed: 0.015 s <<< ERROR!
org.springframework.dao.DataIntegrityViolationException: jOOQ; SQL [insert into `API_KEYS` (`ID`, `USER_ID`, `OWNER_USER_ID`, `KEY_HASH`, `NAME`, `ACTIVE`, `LAST_USED_AT`, `EXPIRES_AT`, `CREATED_AT`, `UPDATED_AT`) values (?, ?, ?, ?, ?, ?, ?, ?, ?, ?)]; Column 'owner_user_id' cannot be null
	at org.jooq_3.20.5.MYSQL.debug(Unknown Source)
	at org.springframework.jdbc.support.SQLExceptionSubclassTranslator.doTranslate(SQLExceptionSubclassTranslator.java:106)
	at org.springframework.jdbc.support.AbstractFallbackSQLExceptionTranslator.translate(AbstractFallbackSQLExceptionTranslator.java:102)
	at org.springframework.jdbc.support.AbstractFallbackSQLExceptionTranslator.translate(AbstractFallbackSQLExceptionTranslator.java:111)
	at org.springframework.boot.jooq.autoconfigure.DefaultExceptionTranslatorExecuteListener.handle(DefaultExceptionTranslatorExecuteListener.java:94)
	at org.springframework.boot.jooq.autoconfigure.DefaultExceptionTranslatorExecuteListener.exception(DefaultExceptionTranslatorExecuteListener.java:79)
	at org.jooq.impl.ExecuteListeners.exception(ExecuteListeners.java:304)
	at org.jooq.impl.AbstractQuery.execute(AbstractQuery.java:364)
	at org.jooq.impl.AbstractDelegatingQuery.execute(AbstractDelegatingQuery.java:115)
	at com.write.api.adapters.out.persistence.repository.JooqApiKeyRepository.insert(JooqApiKeyRepository.java:44)
	at java.base/jdk.internal.reflect.DirectMethodHandleAccessor.invoke(DirectMethodHandleAccessor.java:104)
	at java.base/java.lang.reflect.Method.invoke(Method.java:565)
	at org.springframework.aop.support.AopUtils.invokeJoinpointUsingReflection(AopUtils.java:359)
	at org.springframework.aop.framework.ReflectiveMethodInvocation.invokeJoinpoint(ReflectiveMethodInvocation.java:190)
	at org.springframework.aop.framework.ReflectiveMethodInvocation.proceed(ReflectiveMethodInvocation.java:158)
	at org.springframework.dao.support.PersistenceExceptionTranslationInterceptor.invoke(PersistenceExceptionTranslationInterceptor.java:135)
	at org.springframework.aop.framework.ReflectiveMethodInvocation.proceed(ReflectiveMethodInvocation.java:179)
	at org.springframework.aop.framework.CglibAopProxy$DynamicAdvisedInterceptor.intercept(CglibAopProxy.java:719)
	at com.write.api.adapters.out.persistence.repository.JooqApiKeyRepository$$SpringCGLIB$$0.insert(<generated>)
	at com.write.api.adapters.out.persistence.repository.JooqApiKeyRepositoryTest.shouldFindByKeyHash(JooqApiKeyRepositoryTest.java:102)
Caused by: java.sql.SQLIntegrityConstraintViolationException: Column 'owner_user_id' cannot be null
	at com.mysql.cj.jdbc.exceptions.SQLError.createSQLException(SQLError.java:109)
	at com.mysql.cj.jdbc.exceptions.SQLExceptionsMapping.translateException(SQLExceptionsMapping.java:114)
	at com.mysql.cj.jdbc.ClientPreparedStatement.executeInternal(ClientPreparedStatement.java:988)
	at com.mysql.cj.jdbc.ClientPreparedStatement.execute(ClientPreparedStatement.java:383)
	at com.zaxxer.hikari.pool.ProxyPreparedStatement.execute(ProxyPreparedStatement.java:44)
	at com.zaxxer.hikari.pool.HikariProxyPreparedStatement.execute(HikariProxyPreparedStatement.java)
	at org.jooq.tools.jdbc.DefaultPreparedStatement.execute(DefaultPreparedStatement.java:219)
	at org.jooq.impl.AbstractQuery.execute(AbstractQuery.java:459)
	at org.jooq.impl.AbstractDMLQuery.execute(AbstractDMLQuery.java:1115)
	at org.jooq.impl.AbstractQuery.execute(AbstractQuery.java:349)
	... 12 more

com.write.api.adapters.out.persistence.repository.JooqApiKeyRepositoryTest.shouldFailWhenInsertingDuplicateHash -- Time elapsed: 0.014 s <<< ERROR!
org.springframework.dao.DataIntegrityViolationException: jOOQ; SQL [insert into `API_KEYS` (`ID`, `USER_ID`, `OWNER_USER_ID`, `KEY_HASH`, `NAME`, `ACTIVE`, `LAST_USED_AT`, `EXPIRES_AT`, `CREATED_AT`, `UPDATED_AT`) values (?, ?, ?, ?, ?, ?, ?, ?, ?, ?)]; Column 'owner_user_id' cannot be null
	at org.jooq_3.20.5.MYSQL.debug(Unknown Source)
	at org.springframework.jdbc.support.SQLExceptionSubclassTranslator.doTranslate(SQLExceptionSubclassTranslator.java:106)
	at org.springframework.jdbc.support.AbstractFallbackSQLExceptionTranslator.translate(AbstractFallbackSQLExceptionTranslator.java:102)
	at org.springframework.jdbc.support.AbstractFallbackSQLExceptionTranslator.translate(AbstractFallbackSQLExceptionTranslator.java:111)
	at org.springframework.boot.jooq.autoconfigure.DefaultExceptionTranslatorExecuteListener.handle(DefaultExceptionTranslatorExecuteListener.java:94)
	at org.springframework.boot.jooq.autoconfigure.DefaultExceptionTranslatorExecuteListener.exception(DefaultExceptionTranslatorExecuteListener.java:79)
	at org.jooq.impl.ExecuteListeners.exception(ExecuteListeners.java:304)
	at org.jooq.impl.AbstractQuery.execute(AbstractQuery.java:364)
	at org.jooq.impl.AbstractDelegatingQuery.execute(AbstractDelegatingQuery.java:115)
	at com.write.api.adapters.out.persistence.repository.JooqApiKeyRepository.insert(JooqApiKeyRepository.java:44)
	at java.base/jdk.internal.reflect.DirectMethodHandleAccessor.invoke(DirectMethodHandleAccessor.java:104)
	at java.base/java.lang.reflect.Method.invoke(Method.java:565)
	at org.springframework.aop.support.AopUtils.invokeJoinpointUsingReflection(AopUtils.java:359)
	at org.springframework.aop.framework.ReflectiveMethodInvocation.invokeJoinpoint(ReflectiveMethodInvocation.java:190)
	at org.springframework.aop.framework.ReflectiveMethodInvocation.proceed(ReflectiveMethodInvocation.java:158)
	at org.springframework.dao.support.PersistenceExceptionTranslationInterceptor.invoke(PersistenceExceptionTranslationInterceptor.java:135)
	at org.springframework.aop.framework.ReflectiveMethodInvocation.proceed(ReflectiveMethodInvocation.java:179)
	at org.springframework.aop.framework.CglibAopProxy$DynamicAdvisedInterceptor.intercept(CglibAopProxy.java:719)
	at com.write.api.adapters.out.persistence.repository.JooqApiKeyRepository$$SpringCGLIB$$0.insert(<generated>)
	at com.write.api.adapters.out.persistence.repository.JooqApiKeyRepositoryTest.shouldFailWhenInsertingDuplicateHash(JooqApiKeyRepositoryTest.java:182)
Caused by: java.sql.SQLIntegrityConstraintViolationException: Column 'owner_user_id' cannot be null
	at com.mysql.cj.jdbc.exceptions.SQLError.createSQLException(SQLError.java:109)
	at com.mysql.cj.jdbc.exceptions.SQLExceptionsMapping.translateException(SQLExceptionsMapping.java:114)
	at com.mysql.cj.jdbc.ClientPreparedStatement.executeInternal(ClientPreparedStatement.java:988)
	at com.mysql.cj.jdbc.ClientPreparedStatement.execute(ClientPreparedStatement.java:383)
	at com.zaxxer.hikari.pool.ProxyPreparedStatement.execute(ProxyPreparedStatement.java:44)
	at com.zaxxer.hikari.pool.HikariProxyPreparedStatement.execute(HikariProxyPreparedStatement.java)
	at org.jooq.tools.jdbc.DefaultPreparedStatement.execute(DefaultPreparedStatement.java:219)
	at org.jooq.impl.AbstractQuery.execute(AbstractQuery.java:459)
	at org.jooq.impl.AbstractDMLQuery.execute(AbstractDMLQuery.java:1115)
	at org.jooq.impl.AbstractQuery.execute(AbstractQuery.java:349)
	... 12 more

com.write.api.adapters.out.persistence.repository.JooqApiKeyRepositoryTest.shouldUpdateApiKey -- Time elapsed: 0.011 s <<< ERROR!
org.springframework.dao.DataIntegrityViolationException: jOOQ; SQL [insert into `API_KEYS` (`ID`, `USER_ID`, `OWNER_USER_ID`, `KEY_HASH`, `NAME`, `ACTIVE`, `LAST_USED_AT`, `EXPIRES_AT`, `CREATED_AT`, `UPDATED_AT`) values (?, ?, ?, ?, ?, ?, ?, ?, ?, ?)]; Column 'owner_user_id' cannot be null
	at org.jooq_3.20.5.MYSQL.debug(Unknown Source)
	at org.springframework.jdbc.support.SQLExceptionSubclassTranslator.doTranslate(SQLExceptionSubclassTranslator.java:106)
	at org.springframework.jdbc.support.AbstractFallbackSQLExceptionTranslator.translate(AbstractFallbackSQLExceptionTranslator.java:102)
	at org.springframework.jdbc.support.AbstractFallbackSQLExceptionTranslator.translate(AbstractFallbackSQLExceptionTranslator.java:111)
	at org.springframework.boot.jooq.autoconfigure.DefaultExceptionTranslatorExecuteListener.handle(DefaultExceptionTranslatorExecuteListener.java:94)
	at org.springframework.boot.jooq.autoconfigure.DefaultExceptionTranslatorExecuteListener.exception(DefaultExceptionTranslatorExecuteListener.java:79)
	at org.jooq.impl.ExecuteListeners.exception(ExecuteListeners.java:304)
	at org.jooq.impl.AbstractQuery.execute(AbstractQuery.java:364)
	at org.jooq.impl.AbstractDelegatingQuery.execute(AbstractDelegatingQuery.java:115)
	at com.write.api.adapters.out.persistence.repository.JooqApiKeyRepository.insert(JooqApiKeyRepository.java:44)
	at java.base/jdk.internal.reflect.DirectMethodHandleAccessor.invoke(DirectMethodHandleAccessor.java:104)
	at java.base/java.lang.reflect.Method.invoke(Method.java:565)
	at org.springframework.aop.support.AopUtils.invokeJoinpointUsingReflection(AopUtils.java:359)
	at org.springframework.aop.framework.ReflectiveMethodInvocation.invokeJoinpoint(ReflectiveMethodInvocation.java:190)
	at org.springframework.aop.framework.ReflectiveMethodInvocation.proceed(ReflectiveMethodInvocation.java:158)
	at org.springframework.dao.support.PersistenceExceptionTranslationInterceptor.invoke(PersistenceExceptionTranslationInterceptor.java:135)
	at org.springframework.aop.framework.ReflectiveMethodInvocation.proceed(ReflectiveMethodInvocation.java:179)
	at org.springframework.aop.framework.CglibAopProxy$DynamicAdvisedInterceptor.intercept(CglibAopProxy.java:719)
	at com.write.api.adapters.out.persistence.repository.JooqApiKeyRepository$$SpringCGLIB$$0.insert(<generated>)
	at com.write.api.adapters.out.persistence.repository.JooqApiKeyRepositoryTest.shouldUpdateApiKey(JooqApiKeyRepositoryTest.java:64)
Caused by: java.sql.SQLIntegrityConstraintViolationException: Column 'owner_user_id' cannot be null
	at com.mysql.cj.jdbc.exceptions.SQLError.createSQLException(SQLError.java:109)
	at com.mysql.cj.jdbc.exceptions.SQLExceptionsMapping.translateException(SQLExceptionsMapping.java:114)
	at com.mysql.cj.jdbc.ClientPreparedStatement.executeInternal(ClientPreparedStatement.java:988)
	at com.mysql.cj.jdbc.ClientPreparedStatement.execute(ClientPreparedStatement.java:383)
	at com.zaxxer.hikari.pool.ProxyPreparedStatement.execute(ProxyPreparedStatement.java:44)
	at com.zaxxer.hikari.pool.HikariProxyPreparedStatement.execute(HikariProxyPreparedStatement.java)
	at org.jooq.tools.jdbc.DefaultPreparedStatement.execute(DefaultPreparedStatement.java:219)
	at org.jooq.impl.AbstractQuery.execute(AbstractQuery.java:459)
	at org.jooq.impl.AbstractDMLQuery.execute(AbstractDMLQuery.java:1115)
	at org.jooq.impl.AbstractQuery.execute(AbstractQuery.java:349)
	... 12 more

com.write.api.adapters.out.persistence.repository.JooqApiKeyRepositoryTest.shouldDeleteApiKey -- Time elapsed: 0.011 s <<< ERROR!
org.springframework.dao.DataIntegrityViolationException: jOOQ; SQL [insert into `API_KEYS` (`ID`, `USER_ID`, `OWNER_USER_ID`, `KEY_HASH`, `NAME`, `ACTIVE`, `LAST_USED_AT`, `EXPIRES_AT`, `CREATED_AT`, `UPDATED_AT`) values (?, ?, ?, ?, ?, ?, ?, ?, ?, ?)]; Column 'owner_user_id' cannot be null
	at org.jooq_3.20.5.MYSQL.debug(Unknown Source)
	at org.springframework.jdbc.support.SQLExceptionSubclassTranslator.doTranslate(SQLExceptionSubclassTranslator.java:106)
	at org.springframework.jdbc.support.AbstractFallbackSQLExceptionTranslator.translate(AbstractFallbackSQLExceptionTranslator.java:102)
	at org.springframework.jdbc.support.AbstractFallbackSQLExceptionTranslator.translate(AbstractFallbackSQLExceptionTranslator.java:111)
	at org.springframework.boot.jooq.autoconfigure.DefaultExceptionTranslatorExecuteListener.handle(DefaultExceptionTranslatorExecuteListener.java:94)
	at org.springframework.boot.jooq.autoconfigure.DefaultExceptionTranslatorExecuteListener.exception(DefaultExceptionTranslatorExecuteListener.java:79)
	at org.jooq.impl.ExecuteListeners.exception(ExecuteListeners.java:304)
	at org.jooq.impl.AbstractQuery.execute(AbstractQuery.java:364)
	at org.jooq.impl.AbstractDelegatingQuery.execute(AbstractDelegatingQuery.java:115)
	at com.write.api.adapters.out.persistence.repository.JooqApiKeyRepository.insert(JooqApiKeyRepository.java:44)
	at java.base/jdk.internal.reflect.DirectMethodHandleAccessor.invoke(DirectMethodHandleAccessor.java:104)
	at java.base/java.lang.reflect.Method.invoke(Method.java:565)
	at org.springframework.aop.support.AopUtils.invokeJoinpointUsingReflection(AopUtils.java:359)
	at org.springframework.aop.framework.ReflectiveMethodInvocation.invokeJoinpoint(ReflectiveMethodInvocation.java:190)
	at org.springframework.aop.framework.ReflectiveMethodInvocation.proceed(ReflectiveMethodInvocation.java:158)
	at org.springframework.dao.support.PersistenceExceptionTranslationInterceptor.invoke(PersistenceExceptionTranslationInterceptor.java:135)
	at org.springframework.aop.framework.ReflectiveMethodInvocation.proceed(ReflectiveMethodInvocation.java:179)
	at org.springframework.aop.framework.CglibAopProxy$DynamicAdvisedInterceptor.intercept(CglibAopProxy.java:719)
	at com.write.api.adapters.out.persistence.repository.JooqApiKeyRepository$$SpringCGLIB$$0.insert(<generated>)
	at com.write.api.adapters.out.persistence.repository.JooqApiKeyRepositoryTest.shouldDeleteApiKey(JooqApiKeyRepositoryTest.java:122)
Caused by: java.sql.SQLIntegrityConstraintViolationException: Column 'owner_user_id' cannot be null
	at com.mysql.cj.jdbc.exceptions.SQLError.createSQLException(SQLError.java:109)
	at com.mysql.cj.jdbc.exceptions.SQLExceptionsMapping.translateException(SQLExceptionsMapping.java:114)
	at com.mysql.cj.jdbc.ClientPreparedStatement.executeInternal(ClientPreparedStatement.java:988)
	at com.mysql.cj.jdbc.ClientPreparedStatement.execute(ClientPreparedStatement.java:383)
	at com.zaxxer.hikari.pool.ProxyPreparedStatement.execute(ProxyPreparedStatement.java:44)
	at com.zaxxer.hikari.pool.HikariProxyPreparedStatement.execute(HikariProxyPreparedStatement.java)
	at org.jooq.tools.jdbc.DefaultPreparedStatement.execute(DefaultPreparedStatement.java:219)
	at org.jooq.impl.AbstractQuery.execute(AbstractQuery.java:459)
	at org.jooq.impl.AbstractDMLQuery.execute(AbstractDMLQuery.java:1115)
	at org.jooq.impl.AbstractQuery.execute(AbstractQuery.java:349)
	... 12 more

com.write.api.adapters.out.persistence.repository.JooqApiKeyRepositoryTest.shouldReturnTrueWhenApiKeyExists -- Time elapsed: 0.013 s <<< ERROR!
org.springframework.dao.DataIntegrityViolationException: jOOQ; SQL [insert into `API_KEYS` (`ID`, `USER_ID`, `OWNER_USER_ID`, `KEY_HASH`, `NAME`, `ACTIVE`, `LAST_USED_AT`, `EXPIRES_AT`, `CREATED_AT`, `UPDATED_AT`) values (?, ?, ?, ?, ?, ?, ?, ?, ?, ?)]; Column 'owner_user_id' cannot be null
	at org.jooq_3.20.5.MYSQL.debug(Unknown Source)
	at org.springframework.jdbc.support.SQLExceptionSubclassTranslator.doTranslate(SQLExceptionSubclassTranslator.java:106)
	at org.springframework.jdbc.support.AbstractFallbackSQLExceptionTranslator.translate(AbstractFallbackSQLExceptionTranslator.java:102)
	at org.springframework.jdbc.support.AbstractFallbackSQLExceptionTranslator.translate(AbstractFallbackSQLExceptionTranslator.java:111)
	at org.springframework.boot.jooq.autoconfigure.DefaultExceptionTranslatorExecuteListener.handle(DefaultExceptionTranslatorExecuteListener.java:94)
	at org.springframework.boot.jooq.autoconfigure.DefaultExceptionTranslatorExecuteListener.exception(DefaultExceptionTranslatorExecuteListener.java:79)
	at org.jooq.impl.ExecuteListeners.exception(ExecuteListeners.java:304)
	at org.jooq.impl.AbstractQuery.execute(AbstractQuery.java:364)
	at org.jooq.impl.AbstractDelegatingQuery.execute(AbstractDelegatingQuery.java:115)
	at com.write.api.adapters.out.persistence.repository.JooqApiKeyRepository.insert(JooqApiKeyRepository.java:44)
	at java.base/jdk.internal.reflect.DirectMethodHandleAccessor.invoke(DirectMethodHandleAccessor.java:104)
	at java.base/java.lang.reflect.Method.invoke(Method.java:565)
	at org.springframework.aop.support.AopUtils.invokeJoinpointUsingReflection(AopUtils.java:359)
	at org.springframework.aop.framework.ReflectiveMethodInvocation.invokeJoinpoint(ReflectiveMethodInvocation.java:190)
	at org.springframework.aop.framework.ReflectiveMethodInvocation.proceed(ReflectiveMethodInvocation.java:158)
	at org.springframework.dao.support.PersistenceExceptionTranslationInterceptor.invoke(PersistenceExceptionTranslationInterceptor.java:135)
	at org.springframework.aop.framework.ReflectiveMethodInvocation.proceed(ReflectiveMethodInvocation.java:179)
	at org.springframework.aop.framework.CglibAopProxy$DynamicAdvisedInterceptor.intercept(CglibAopProxy.java:719)
	at com.write.api.adapters.out.persistence.repository.JooqApiKeyRepository$$SpringCGLIB$$0.insert(<generated>)
	at com.write.api.adapters.out.persistence.repository.JooqApiKeyRepositoryTest.shouldReturnTrueWhenApiKeyExists(JooqApiKeyRepositoryTest.java:139)
Caused by: java.sql.SQLIntegrityConstraintViolationException: Column 'owner_user_id' cannot be null
	at com.mysql.cj.jdbc.exceptions.SQLError.createSQLException(SQLError.java:109)
	at com.mysql.cj.jdbc.exceptions.SQLExceptionsMapping.translateException(SQLExceptionsMapping.java:114)
	at com.mysql.cj.jdbc.ClientPreparedStatement.executeInternal(ClientPreparedStatement.java:988)
	at com.mysql.cj.jdbc.ClientPreparedStatement.execute(ClientPreparedStatement.java:383)
	at com.zaxxer.hikari.pool.ProxyPreparedStatement.execute(ProxyPreparedStatement.java:44)
	at com.zaxxer.hikari.pool.HikariProxyPreparedStatement.execute(HikariProxyPreparedStatement.java)
	at org.jooq.tools.jdbc.DefaultPreparedStatement.execute(DefaultPreparedStatement.java:219)
	at org.jooq.impl.AbstractQuery.execute(AbstractQuery.java:459)
	at org.jooq.impl.AbstractDMLQuery.execute(AbstractDMLQuery.java:1115)
	at org.jooq.impl.AbstractQuery.execute(AbstractQuery.java:349)
	... 12 more

com.write.api.adapters.out.persistence.repository.JooqApiKeyRepositoryTest.shouldDeleteAndThenNotFindApiKey -- Time elapsed: 0.008 s <<< ERROR!
org.springframework.dao.DataIntegrityViolationException: jOOQ; SQL [insert into `API_KEYS` (`ID`, `USER_ID`, `OWNER_USER_ID`, `KEY_HASH`, `NAME`, `ACTIVE`, `LAST_USED_AT`, `EXPIRES_AT`, `CREATED_AT`, `UPDATED_AT`) values (?, ?, ?, ?, ?, ?, ?, ?, ?, ?)]; Column 'owner_user_id' cannot be null
	at org.jooq_3.20.5.MYSQL.debug(Unknown Source)
	at org.springframework.jdbc.support.SQLExceptionSubclassTranslator.doTranslate(SQLExceptionSubclassTranslator.java:106)
	at org.springframework.jdbc.support.AbstractFallbackSQLExceptionTranslator.translate(AbstractFallbackSQLExceptionTranslator.java:102)
	at org.springframework.jdbc.support.AbstractFallbackSQLExceptionTranslator.translate(AbstractFallbackSQLExceptionTranslator.java:111)
	at org.springframework.boot.jooq.autoconfigure.DefaultExceptionTranslatorExecuteListener.handle(DefaultExceptionTranslatorExecuteListener.java:94)
	at org.springframework.boot.jooq.autoconfigure.DefaultExceptionTranslatorExecuteListener.exception(DefaultExceptionTranslatorExecuteListener.java:79)
	at org.jooq.impl.ExecuteListeners.exception(ExecuteListeners.java:304)
	at org.jooq.impl.AbstractQuery.execute(AbstractQuery.java:364)
	at org.jooq.impl.AbstractDelegatingQuery.execute(AbstractDelegatingQuery.java:115)
	at com.write.api.adapters.out.persistence.repository.JooqApiKeyRepository.insert(JooqApiKeyRepository.java:44)
	at java.base/jdk.internal.reflect.DirectMethodHandleAccessor.invoke(DirectMethodHandleAccessor.java:104)
	at java.base/java.lang.reflect.Method.invoke(Method.java:565)
	at org.springframework.aop.support.AopUtils.invokeJoinpointUsingReflection(AopUtils.java:359)
	at org.springframework.aop.framework.ReflectiveMethodInvocation.invokeJoinpoint(ReflectiveMethodInvocation.java:190)
	at org.springframework.aop.framework.ReflectiveMethodInvocation.proceed(ReflectiveMethodInvocation.java:158)
	at org.springframework.dao.support.PersistenceExceptionTranslationInterceptor.invoke(PersistenceExceptionTranslationInterceptor.java:135)
	at org.springframework.aop.framework.ReflectiveMethodInvocation.proceed(ReflectiveMethodInvocation.java:179)
	at org.springframework.aop.framework.CglibAopProxy$DynamicAdvisedInterceptor.intercept(CglibAopProxy.java:719)
	at com.write.api.adapters.out.persistence.repository.JooqApiKeyRepository$$SpringCGLIB$$0.insert(<generated>)
	at com.write.api.adapters.out.persistence.repository.JooqApiKeyRepositoryTest.shouldDeleteAndThenNotFindApiKey(JooqApiKeyRepositoryTest.java:155)
Caused by: java.sql.SQLIntegrityConstraintViolationException: Column 'owner_user_id' cannot be null
	at com.mysql.cj.jdbc.exceptions.SQLError.createSQLException(SQLError.java:109)
	at com.mysql.cj.jdbc.exceptions.SQLExceptionsMapping.translateException(SQLExceptionsMapping.java:114)
	at com.mysql.cj.jdbc.ClientPreparedStatement.executeInternal(ClientPreparedStatement.java:988)
	at com.mysql.cj.jdbc.ClientPreparedStatement.execute(ClientPreparedStatement.java:383)
	at com.zaxxer.hikari.pool.ProxyPreparedStatement.execute(ProxyPreparedStatement.java:44)
	at com.zaxxer.hikari.pool.HikariProxyPreparedStatement.execute(HikariProxyPreparedStatement.java)
	at org.jooq.tools.jdbc.DefaultPreparedStatement.execute(DefaultPreparedStatement.java:219)
	at org.jooq.impl.AbstractQuery.execute(AbstractQuery.java:459)
	at org.jooq.impl.AbstractDMLQuery.execute(AbstractDMLQuery.java:1115)
	at org.jooq.impl.AbstractQuery.execute(AbstractQuery.java:349)
	... 12 more

com.write.api.adapters.out.persistence.repository.JooqApiKeyRepositoryTest.shouldInsertApiKey -- Time elapsed: 0.010 s <<< ERROR!
org.springframework.dao.DataIntegrityViolationException: jOOQ; SQL [insert into `API_KEYS` (`ID`, `USER_ID`, `OWNER_USER_ID`, `KEY_HASH`, `NAME`, `ACTIVE`, `LAST_USED_AT`, `EXPIRES_AT`, `CREATED_AT`, `UPDATED_AT`) values (?, ?, ?, ?, ?, ?, ?, ?, ?, ?)]; Column 'owner_user_id' cannot be null
	at org.jooq_3.20.5.MYSQL.debug(Unknown Source)
	at org.springframework.jdbc.support.SQLExceptionSubclassTranslator.doTranslate(SQLExceptionSubclassTranslator.java:106)
	at org.springframework.jdbc.support.AbstractFallbackSQLExceptionTranslator.translate(AbstractFallbackSQLExceptionTranslator.java:102)
	at org.springframework.jdbc.support.AbstractFallbackSQLExceptionTranslator.translate(AbstractFallbackSQLExceptionTranslator.java:111)
	at org.springframework.boot.jooq.autoconfigure.DefaultExceptionTranslatorExecuteListener.handle(DefaultExceptionTranslatorExecuteListener.java:94)
	at org.springframework.boot.jooq.autoconfigure.DefaultExceptionTranslatorExecuteListener.exception(DefaultExceptionTranslatorExecuteListener.java:79)
	at org.jooq.impl.ExecuteListeners.exception(ExecuteListeners.java:304)
	at org.jooq.impl.AbstractQuery.execute(AbstractQuery.java:364)
	at org.jooq.impl.AbstractDelegatingQuery.execute(AbstractDelegatingQuery.java:115)
	at com.write.api.adapters.out.persistence.repository.JooqApiKeyRepository.insert(JooqApiKeyRepository.java:44)
	at java.base/jdk.internal.reflect.DirectMethodHandleAccessor.invoke(DirectMethodHandleAccessor.java:104)
	at java.base/java.lang.reflect.Method.invoke(Method.java:565)
	at org.springframework.aop.support.AopUtils.invokeJoinpointUsingReflection(AopUtils.java:359)
	at org.springframework.aop.framework.ReflectiveMethodInvocation.invokeJoinpoint(ReflectiveMethodInvocation.java:190)
	at org.springframework.aop.framework.ReflectiveMethodInvocation.proceed(ReflectiveMethodInvocation.java:158)
	at org.springframework.dao.support.PersistenceExceptionTranslationInterceptor.invoke(PersistenceExceptionTranslationInterceptor.java:135)
	at org.springframework.aop.framework.ReflectiveMethodInvocation.proceed(ReflectiveMethodInvocation.java:179)
	at org.springframework.aop.framework.CglibAopProxy$DynamicAdvisedInterceptor.intercept(CglibAopProxy.java:719)
	at com.write.api.adapters.out.persistence.repository.JooqApiKeyRepository$$SpringCGLIB$$0.insert(<generated>)
	at com.write.api.adapters.out.persistence.repository.JooqApiKeyRepositoryTest.shouldInsertApiKey(JooqApiKeyRepositoryTest.java:50)
Caused by: java.sql.SQLIntegrityConstraintViolationException: Column 'owner_user_id' cannot be null
	at com.mysql.cj.jdbc.exceptions.SQLError.createSQLException(SQLError.java:109)
	at com.mysql.cj.jdbc.exceptions.SQLExceptionsMapping.translateException(SQLExceptionsMapping.java:114)
	at com.mysql.cj.jdbc.ClientPreparedStatement.executeInternal(ClientPreparedStatement.java:988)
	at com.mysql.cj.jdbc.ClientPreparedStatement.execute(ClientPreparedStatement.java:383)
	at com.zaxxer.hikari.pool.ProxyPreparedStatement.execute(ProxyPreparedStatement.java:44)
	at com.zaxxer.hikari.pool.HikariProxyPreparedStatement.execute(HikariProxyPreparedStatement.java)
	at org.jooq.tools.jdbc.DefaultPreparedStatement.execute(DefaultPreparedStatement.java:219)
	at org.jooq.impl.AbstractQuery.execute(AbstractQuery.java:459)
	at org.jooq.impl.AbstractDMLQuery.execute(AbstractDMLQuery.java:1115)
	at org.jooq.impl.AbstractQuery.execute(AbstractQuery.java:349)
	... 12 more

