-------------------------------------------------------------------------------
Test set: com.write.api.application.service.userRole.DeleteUserRoleServiceTest
-------------------------------------------------------------------------------
Tests run: 10, Failures: 6, Errors: 0, Skipped: 0, Time elapsed: 0.026 s <<< FAILURE! -- in com.write.api.application.service.userRole.DeleteUserRoleServiceTest
com.write.api.application.service.userRole.DeleteUserRoleServiceTest.shouldReturn409WhenTryingToRemoveSuperAdminRole -- Time elapsed: 0.002 s <<< FAILURE!
org.mockito.exceptions.verification.NoInteractionsWanted: 

No interactions wanted here:
-> at com.write.api.application.service.userRole.DeleteUserRoleServiceTest.shouldReturn409WhenTryingToRemoveSuperAdminRole(DeleteUserRoleServiceTest.java:187)
But found this interaction on mock 'repository':
-> at com.write.api.application.service.userRole.DeleteUserRoleService.deleteById(DeleteUserRoleService.java:56)
***
For your reference, here is the list of all invocations ([?] - means unverified).
1. -> at com.write.api.application.service.userRole.DeleteUserRoleService.deleteById(DeleteUserRoleService.java:32)
2. [?]-> at com.write.api.application.service.userRole.DeleteUserRoleService.deleteById(DeleteUserRoleService.java:56)

	at com.write.api.application.service.userRole.DeleteUserRoleServiceTest.shouldReturn409WhenTryingToRemoveSuperAdminRole(DeleteUserRoleServiceTest.java:187)

com.write.api.application.service.userRole.DeleteUserRoleServiceTest.shouldDeleteUserRoleSuccessfully -- Time elapsed: 0.003 s <<< FAILURE!
org.mockito.exceptions.verification.NoInteractionsWanted: 

No interactions wanted here:
-> at com.write.api.application.service.userRole.DeleteUserRoleServiceTest.shouldDeleteUserRoleSuccessfully(DeleteUserRoleServiceTest.java:94)
But found this interaction on mock 'repository':
-> at com.write.api.application.service.userRole.DeleteUserRoleService.deleteById(DeleteUserRoleService.java:56)
***
For your reference, here is the list of all invocations ([?] - means unverified).
1. -> at com.write.api.application.service.userRole.DeleteUserRoleService.deleteById(DeleteUserRoleService.java:32)
2. [?]-> at com.write.api.application.service.userRole.DeleteUserRoleService.deleteById(DeleteUserRoleService.java:56)
3. -> at com.write.api.application.service.userRole.DeleteUserRoleService.deleteById(DeleteUserRoleService.java:83)

	at com.write.api.application.service.userRole.DeleteUserRoleServiceTest.shouldDeleteUserRoleSuccessfully(DeleteUserRoleServiceTest.java:94)

com.write.api.application.service.userRole.DeleteUserRoleServiceTest.shouldReturn409WhenNonSuperAdminTriesToRemoveAdminRole -- Time elapsed: 0.003 s <<< FAILURE!
org.mockito.exceptions.verification.NoInteractionsWanted: 

No interactions wanted here:
-> at com.write.api.application.service.userRole.DeleteUserRoleServiceTest.shouldReturn409WhenNonSuperAdminTriesToRemoveAdminRole(DeleteUserRoleServiceTest.java:208)
But found this interaction on mock 'repository':
-> at com.write.api.application.service.userRole.DeleteUserRoleService.deleteById(DeleteUserRoleService.java:56)
***
For your reference, here is the list of all invocations ([?] - means unverified).
1. -> at com.write.api.application.service.userRole.DeleteUserRoleService.deleteById(DeleteUserRoleService.java:32)
2. [?]-> at com.write.api.application.service.userRole.DeleteUserRoleService.deleteById(DeleteUserRoleService.java:56)

	at com.write.api.application.service.userRole.DeleteUserRoleServiceTest.shouldReturn409WhenNonSuperAdminTriesToRemoveAdminRole(DeleteUserRoleServiceTest.java:208)

com.write.api.application.service.userRole.DeleteUserRoleServiceTest.shouldAllowSuperAdminToRemoveAdminRole -- Time elapsed: 0.003 s <<< FAILURE!
org.opentest4j.AssertionFailedError: 

Expecting value to be true but was false
	at com.write.api.application.service.userRole.DeleteUserRoleServiceTest.shouldAllowSuperAdminToRemoveAdminRole(DeleteUserRoleServiceTest.java:221)

com.write.api.application.service.userRole.DeleteUserRoleServiceTest.shouldReturn404WhenPerformedByUserNotFound -- Time elapsed: 0.002 s <<< FAILURE!
org.mockito.exceptions.verification.NoInteractionsWanted: 

No interactions wanted here:
-> at com.write.api.application.service.userRole.DeleteUserRoleServiceTest.shouldReturn404WhenPerformedByUserNotFound(DeleteUserRoleServiceTest.java:167)
But found this interaction on mock 'repository':
-> at com.write.api.application.service.userRole.DeleteUserRoleService.deleteById(DeleteUserRoleService.java:56)
***
For your reference, here is the list of all invocations ([?] - means unverified).
1. -> at com.write.api.application.service.userRole.DeleteUserRoleService.deleteById(DeleteUserRoleService.java:32)
2. [?]-> at com.write.api.application.service.userRole.DeleteUserRoleService.deleteById(DeleteUserRoleService.java:56)

	at com.write.api.application.service.userRole.DeleteUserRoleServiceTest.shouldReturn404WhenPerformedByUserNotFound(DeleteUserRoleServiceTest.java:167)

com.write.api.application.service.userRole.DeleteUserRoleServiceTest.shouldReturn500WhenDeleteAffectsZeroRowsAfterPassingChecks -- Time elapsed: 0.003 s <<< FAILURE!
org.mockito.exceptions.verification.NoInteractionsWanted: 

No interactions wanted here:
-> at com.write.api.application.service.userRole.DeleteUserRoleServiceTest.shouldReturn500WhenDeleteAffectsZeroRowsAfterPassingChecks(DeleteUserRoleServiceTest.java:247)
But found this interaction on mock 'repository':
-> at com.write.api.application.service.userRole.DeleteUserRoleService.deleteById(DeleteUserRoleService.java:56)
***
For your reference, here is the list of all invocations ([?] - means unverified).
1. -> at com.write.api.application.service.userRole.DeleteUserRoleService.deleteById(DeleteUserRoleService.java:32)
2. [?]-> at com.write.api.application.service.userRole.DeleteUserRoleService.deleteById(DeleteUserRoleService.java:56)
3. -> at com.write.api.application.service.userRole.DeleteUserRoleService.deleteById(DeleteUserRoleService.java:83)

	at com.write.api.application.service.userRole.DeleteUserRoleServiceTest.shouldReturn500WhenDeleteAffectsZeroRowsAfterPassingChecks(DeleteUserRoleServiceTest.java:247)

