-------------------------------------------------------------------------------
Test set: com.write.api.adapters.out.persistence.repository.JooqUserRepositoryTest
-------------------------------------------------------------------------------
Tests run: 7, Failures: 0, Errors: 7, Skipped: 0, Time elapsed: 0.090 s <<< FAILURE! -- in com.write.api.adapters.out.persistence.repository.JooqUserRepositoryTest
com.write.api.adapters.out.persistence.repository.JooqUserRepositoryTest.shouldReturnFalseWhenGetByEmail -- Time elapsed: 0.029 s <<< ERROR!
org.springframework.dao.DataIntegrityViolationException: jOOQ; SQL [delete from users]; Cannot delete or update a parent row: a foreign key constraint fails (`url_shortener`.`user_roles`, CONSTRAINT `fk_user_roles_assigned_by_user_id` FOREIGN KEY (`assigned_by_user_id`) REFERENCES `users` (`id`) ON DELETE RESTRICT)
	at org.jooq_3.20.5.MYSQL.debug(Unknown Source)
	at org.springframework.jdbc.support.SQLErrorCodeSQLExceptionTranslator.doTranslate(SQLErrorCodeSQLExceptionTranslator.java:256)
	at org.springframework.jdbc.support.AbstractFallbackSQLExceptionTranslator.translate(AbstractFallbackSQLExceptionTranslator.java:102)
	at org.springframework.boot.jooq.autoconfigure.DefaultExceptionTranslatorExecuteListener.handle(DefaultExceptionTranslatorExecuteListener.java:94)
	at org.springframework.boot.jooq.autoconfigure.DefaultExceptionTranslatorExecuteListener.exception(DefaultExceptionTranslatorExecuteListener.java:79)
	at org.jooq.impl.ExecuteListeners.exception(ExecuteListeners.java:304)
	at org.jooq.impl.AbstractQuery.execute(AbstractQuery.java:364)
	at org.jooq.impl.AbstractDelegatingQuery.execute(AbstractDelegatingQuery.java:115)
	at com.write.api.adapters.out.persistence.repository.JooqUserRepositoryTest.setUp(JooqUserRepositoryTest.java:32)
Caused by: java.sql.SQLIntegrityConstraintViolationException: Cannot delete or update a parent row: a foreign key constraint fails (`url_shortener`.`user_roles`, CONSTRAINT `fk_user_roles_assigned_by_user_id` FOREIGN KEY (`assigned_by_user_id`) REFERENCES `users` (`id`) ON DELETE RESTRICT)
	at com.mysql.cj.jdbc.exceptions.SQLError.createSQLException(SQLError.java:109)
	at com.mysql.cj.jdbc.exceptions.SQLExceptionsMapping.translateException(SQLExceptionsMapping.java:114)
	at com.mysql.cj.jdbc.ClientPreparedStatement.executeInternal(ClientPreparedStatement.java:988)
	at com.mysql.cj.jdbc.ClientPreparedStatement.execute(ClientPreparedStatement.java:383)
	at com.zaxxer.hikari.pool.ProxyPreparedStatement.execute(ProxyPreparedStatement.java:44)
	at com.zaxxer.hikari.pool.HikariProxyPreparedStatement.execute(HikariProxyPreparedStatement.java)
	at org.jooq.tools.jdbc.DefaultPreparedStatement.execute(DefaultPreparedStatement.java:219)
	at org.jooq.impl.AbstractQuery.execute(AbstractQuery.java:459)
	at org.jooq.impl.AbstractDMLQuery.execute(AbstractDMLQuery.java:1115)
	at org.jooq.impl.AbstractQuery.execute(AbstractQuery.java:349)
	... 2 more

com.write.api.adapters.out.persistence.repository.JooqUserRepositoryTest.shouldReturnTrueWhenGetByEmail -- Time elapsed: 0.007 s <<< ERROR!
org.springframework.dao.DataIntegrityViolationException: jOOQ; SQL [delete from users]; Cannot delete or update a parent row: a foreign key constraint fails (`url_shortener`.`user_roles`, CONSTRAINT `fk_user_roles_assigned_by_user_id` FOREIGN KEY (`assigned_by_user_id`) REFERENCES `users` (`id`) ON DELETE RESTRICT)
	at org.jooq_3.20.5.MYSQL.debug(Unknown Source)
	at org.springframework.jdbc.support.SQLErrorCodeSQLExceptionTranslator.doTranslate(SQLErrorCodeSQLExceptionTranslator.java:256)
	at org.springframework.jdbc.support.AbstractFallbackSQLExceptionTranslator.translate(AbstractFallbackSQLExceptionTranslator.java:102)
	at org.springframework.boot.jooq.autoconfigure.DefaultExceptionTranslatorExecuteListener.handle(DefaultExceptionTranslatorExecuteListener.java:94)
	at org.springframework.boot.jooq.autoconfigure.DefaultExceptionTranslatorExecuteListener.exception(DefaultExceptionTranslatorExecuteListener.java:79)
	at org.jooq.impl.ExecuteListeners.exception(ExecuteListeners.java:304)
	at org.jooq.impl.AbstractQuery.execute(AbstractQuery.java:364)
	at org.jooq.impl.AbstractDelegatingQuery.execute(AbstractDelegatingQuery.java:115)
	at com.write.api.adapters.out.persistence.repository.JooqUserRepositoryTest.setUp(JooqUserRepositoryTest.java:32)
Caused by: java.sql.SQLIntegrityConstraintViolationException: Cannot delete or update a parent row: a foreign key constraint fails (`url_shortener`.`user_roles`, CONSTRAINT `fk_user_roles_assigned_by_user_id` FOREIGN KEY (`assigned_by_user_id`) REFERENCES `users` (`id`) ON DELETE RESTRICT)
	at com.mysql.cj.jdbc.exceptions.SQLError.createSQLException(SQLError.java:109)
	at com.mysql.cj.jdbc.exceptions.SQLExceptionsMapping.translateException(SQLExceptionsMapping.java:114)
	at com.mysql.cj.jdbc.ClientPreparedStatement.executeInternal(ClientPreparedStatement.java:988)
	at com.mysql.cj.jdbc.ClientPreparedStatement.execute(ClientPreparedStatement.java:383)
	at com.zaxxer.hikari.pool.ProxyPreparedStatement.execute(ProxyPreparedStatement.java:44)
	at com.zaxxer.hikari.pool.HikariProxyPreparedStatement.execute(HikariProxyPreparedStatement.java)
	at org.jooq.tools.jdbc.DefaultPreparedStatement.execute(DefaultPreparedStatement.java:219)
	at org.jooq.impl.AbstractQuery.execute(AbstractQuery.java:459)
	at org.jooq.impl.AbstractDMLQuery.execute(AbstractDMLQuery.java:1115)
	at org.jooq.impl.AbstractQuery.execute(AbstractQuery.java:349)
	... 2 more

com.write.api.adapters.out.persistence.repository.JooqUserRepositoryTest.shouldUpdateUserSuccessfully -- Time elapsed: 0.008 s <<< ERROR!
org.springframework.dao.DataIntegrityViolationException: jOOQ; SQL [delete from users]; Cannot delete or update a parent row: a foreign key constraint fails (`url_shortener`.`user_roles`, CONSTRAINT `fk_user_roles_assigned_by_user_id` FOREIGN KEY (`assigned_by_user_id`) REFERENCES `users` (`id`) ON DELETE RESTRICT)
	at org.jooq_3.20.5.MYSQL.debug(Unknown Source)
	at org.springframework.jdbc.support.SQLErrorCodeSQLExceptionTranslator.doTranslate(SQLErrorCodeSQLExceptionTranslator.java:256)
	at org.springframework.jdbc.support.AbstractFallbackSQLExceptionTranslator.translate(AbstractFallbackSQLExceptionTranslator.java:102)
	at org.springframework.boot.jooq.autoconfigure.DefaultExceptionTranslatorExecuteListener.handle(DefaultExceptionTranslatorExecuteListener.java:94)
	at org.springframework.boot.jooq.autoconfigure.DefaultExceptionTranslatorExecuteListener.exception(DefaultExceptionTranslatorExecuteListener.java:79)
	at org.jooq.impl.ExecuteListeners.exception(ExecuteListeners.java:304)
	at org.jooq.impl.AbstractQuery.execute(AbstractQuery.java:364)
	at org.jooq.impl.AbstractDelegatingQuery.execute(AbstractDelegatingQuery.java:115)
	at com.write.api.adapters.out.persistence.repository.JooqUserRepositoryTest.setUp(JooqUserRepositoryTest.java:32)
Caused by: java.sql.SQLIntegrityConstraintViolationException: Cannot delete or update a parent row: a foreign key constraint fails (`url_shortener`.`user_roles`, CONSTRAINT `fk_user_roles_assigned_by_user_id` FOREIGN KEY (`assigned_by_user_id`) REFERENCES `users` (`id`) ON DELETE RESTRICT)
	at com.mysql.cj.jdbc.exceptions.SQLError.createSQLException(SQLError.java:109)
	at com.mysql.cj.jdbc.exceptions.SQLExceptionsMapping.translateException(SQLExceptionsMapping.java:114)
	at com.mysql.cj.jdbc.ClientPreparedStatement.executeInternal(ClientPreparedStatement.java:988)
	at com.mysql.cj.jdbc.ClientPreparedStatement.execute(ClientPreparedStatement.java:383)
	at com.zaxxer.hikari.pool.ProxyPreparedStatement.execute(ProxyPreparedStatement.java:44)
	at com.zaxxer.hikari.pool.HikariProxyPreparedStatement.execute(HikariProxyPreparedStatement.java)
	at org.jooq.tools.jdbc.DefaultPreparedStatement.execute(DefaultPreparedStatement.java:219)
	at org.jooq.impl.AbstractQuery.execute(AbstractQuery.java:459)
	at org.jooq.impl.AbstractDMLQuery.execute(AbstractDMLQuery.java:1115)
	at org.jooq.impl.AbstractQuery.execute(AbstractQuery.java:349)
	... 2 more

com.write.api.adapters.out.persistence.repository.JooqUserRepositoryTest.shouldThrowExceptionWhenUpdatingNonExistentUser -- Time elapsed: 0.006 s <<< ERROR!
org.springframework.dao.DataIntegrityViolationException: jOOQ; SQL [delete from users]; Cannot delete or update a parent row: a foreign key constraint fails (`url_shortener`.`user_roles`, CONSTRAINT `fk_user_roles_assigned_by_user_id` FOREIGN KEY (`assigned_by_user_id`) REFERENCES `users` (`id`) ON DELETE RESTRICT)
	at org.jooq_3.20.5.MYSQL.debug(Unknown Source)
	at org.springframework.jdbc.support.SQLErrorCodeSQLExceptionTranslator.doTranslate(SQLErrorCodeSQLExceptionTranslator.java:256)
	at org.springframework.jdbc.support.AbstractFallbackSQLExceptionTranslator.translate(AbstractFallbackSQLExceptionTranslator.java:102)
	at org.springframework.boot.jooq.autoconfigure.DefaultExceptionTranslatorExecuteListener.handle(DefaultExceptionTranslatorExecuteListener.java:94)
	at org.springframework.boot.jooq.autoconfigure.DefaultExceptionTranslatorExecuteListener.exception(DefaultExceptionTranslatorExecuteListener.java:79)
	at org.jooq.impl.ExecuteListeners.exception(ExecuteListeners.java:304)
	at org.jooq.impl.AbstractQuery.execute(AbstractQuery.java:364)
	at org.jooq.impl.AbstractDelegatingQuery.execute(AbstractDelegatingQuery.java:115)
	at com.write.api.adapters.out.persistence.repository.JooqUserRepositoryTest.setUp(JooqUserRepositoryTest.java:32)
Caused by: java.sql.SQLIntegrityConstraintViolationException: Cannot delete or update a parent row: a foreign key constraint fails (`url_shortener`.`user_roles`, CONSTRAINT `fk_user_roles_assigned_by_user_id` FOREIGN KEY (`assigned_by_user_id`) REFERENCES `users` (`id`) ON DELETE RESTRICT)
	at com.mysql.cj.jdbc.exceptions.SQLError.createSQLException(SQLError.java:109)
	at com.mysql.cj.jdbc.exceptions.SQLExceptionsMapping.translateException(SQLExceptionsMapping.java:114)
	at com.mysql.cj.jdbc.ClientPreparedStatement.executeInternal(ClientPreparedStatement.java:988)
	at com.mysql.cj.jdbc.ClientPreparedStatement.execute(ClientPreparedStatement.java:383)
	at com.zaxxer.hikari.pool.ProxyPreparedStatement.execute(ProxyPreparedStatement.java:44)
	at com.zaxxer.hikari.pool.HikariProxyPreparedStatement.execute(HikariProxyPreparedStatement.java)
	at org.jooq.tools.jdbc.DefaultPreparedStatement.execute(DefaultPreparedStatement.java:219)
	at org.jooq.impl.AbstractQuery.execute(AbstractQuery.java:459)
	at org.jooq.impl.AbstractDMLQuery.execute(AbstractDMLQuery.java:1115)
	at org.jooq.impl.AbstractQuery.execute(AbstractQuery.java:349)
	... 2 more

com.write.api.adapters.out.persistence.repository.JooqUserRepositoryTest.shouldFailTheDeleteUserById -- Time elapsed: 0.007 s <<< ERROR!
org.springframework.dao.DataIntegrityViolationException: jOOQ; SQL [delete from users]; Cannot delete or update a parent row: a foreign key constraint fails (`url_shortener`.`user_roles`, CONSTRAINT `fk_user_roles_assigned_by_user_id` FOREIGN KEY (`assigned_by_user_id`) REFERENCES `users` (`id`) ON DELETE RESTRICT)
	at org.jooq_3.20.5.MYSQL.debug(Unknown Source)
	at org.springframework.jdbc.support.SQLErrorCodeSQLExceptionTranslator.doTranslate(SQLErrorCodeSQLExceptionTranslator.java:256)
	at org.springframework.jdbc.support.AbstractFallbackSQLExceptionTranslator.translate(AbstractFallbackSQLExceptionTranslator.java:102)
	at org.springframework.boot.jooq.autoconfigure.DefaultExceptionTranslatorExecuteListener.handle(DefaultExceptionTranslatorExecuteListener.java:94)
	at org.springframework.boot.jooq.autoconfigure.DefaultExceptionTranslatorExecuteListener.exception(DefaultExceptionTranslatorExecuteListener.java:79)
	at org.jooq.impl.ExecuteListeners.exception(ExecuteListeners.java:304)
	at org.jooq.impl.AbstractQuery.execute(AbstractQuery.java:364)
	at org.jooq.impl.AbstractDelegatingQuery.execute(AbstractDelegatingQuery.java:115)
	at com.write.api.adapters.out.persistence.repository.JooqUserRepositoryTest.setUp(JooqUserRepositoryTest.java:32)
Caused by: java.sql.SQLIntegrityConstraintViolationException: Cannot delete or update a parent row: a foreign key constraint fails (`url_shortener`.`user_roles`, CONSTRAINT `fk_user_roles_assigned_by_user_id` FOREIGN KEY (`assigned_by_user_id`) REFERENCES `users` (`id`) ON DELETE RESTRICT)
	at com.mysql.cj.jdbc.exceptions.SQLError.createSQLException(SQLError.java:109)
	at com.mysql.cj.jdbc.exceptions.SQLExceptionsMapping.translateException(SQLExceptionsMapping.java:114)
	at com.mysql.cj.jdbc.ClientPreparedStatement.executeInternal(ClientPreparedStatement.java:988)
	at com.mysql.cj.jdbc.ClientPreparedStatement.execute(ClientPreparedStatement.java:383)
	at com.zaxxer.hikari.pool.ProxyPreparedStatement.execute(ProxyPreparedStatement.java:44)
	at com.zaxxer.hikari.pool.HikariProxyPreparedStatement.execute(HikariProxyPreparedStatement.java)
	at org.jooq.tools.jdbc.DefaultPreparedStatement.execute(DefaultPreparedStatement.java:219)
	at org.jooq.impl.AbstractQuery.execute(AbstractQuery.java:459)
	at org.jooq.impl.AbstractDMLQuery.execute(AbstractDMLQuery.java:1115)
	at org.jooq.impl.AbstractQuery.execute(AbstractQuery.java:349)
	... 2 more

com.write.api.adapters.out.persistence.repository.JooqUserRepositoryTest.shouldDeleteUserById -- Time elapsed: 0.008 s <<< ERROR!
org.springframework.dao.DataIntegrityViolationException: jOOQ; SQL [delete from users]; Cannot delete or update a parent row: a foreign key constraint fails (`url_shortener`.`user_roles`, CONSTRAINT `fk_user_roles_assigned_by_user_id` FOREIGN KEY (`assigned_by_user_id`) REFERENCES `users` (`id`) ON DELETE RESTRICT)
	at org.jooq_3.20.5.MYSQL.debug(Unknown Source)
	at org.springframework.jdbc.support.SQLErrorCodeSQLExceptionTranslator.doTranslate(SQLErrorCodeSQLExceptionTranslator.java:256)
	at org.springframework.jdbc.support.AbstractFallbackSQLExceptionTranslator.translate(AbstractFallbackSQLExceptionTranslator.java:102)
	at org.springframework.boot.jooq.autoconfigure.DefaultExceptionTranslatorExecuteListener.handle(DefaultExceptionTranslatorExecuteListener.java:94)
	at org.springframework.boot.jooq.autoconfigure.DefaultExceptionTranslatorExecuteListener.exception(DefaultExceptionTranslatorExecuteListener.java:79)
	at org.jooq.impl.ExecuteListeners.exception(ExecuteListeners.java:304)
	at org.jooq.impl.AbstractQuery.execute(AbstractQuery.java:364)
	at org.jooq.impl.AbstractDelegatingQuery.execute(AbstractDelegatingQuery.java:115)
	at com.write.api.adapters.out.persistence.repository.JooqUserRepositoryTest.setUp(JooqUserRepositoryTest.java:32)
Caused by: java.sql.SQLIntegrityConstraintViolationException: Cannot delete or update a parent row: a foreign key constraint fails (`url_shortener`.`user_roles`, CONSTRAINT `fk_user_roles_assigned_by_user_id` FOREIGN KEY (`assigned_by_user_id`) REFERENCES `users` (`id`) ON DELETE RESTRICT)
	at com.mysql.cj.jdbc.exceptions.SQLError.createSQLException(SQLError.java:109)
	at com.mysql.cj.jdbc.exceptions.SQLExceptionsMapping.translateException(SQLExceptionsMapping.java:114)
	at com.mysql.cj.jdbc.ClientPreparedStatement.executeInternal(ClientPreparedStatement.java:988)
	at com.mysql.cj.jdbc.ClientPreparedStatement.execute(ClientPreparedStatement.java:383)
	at com.zaxxer.hikari.pool.ProxyPreparedStatement.execute(ProxyPreparedStatement.java:44)
	at com.zaxxer.hikari.pool.HikariProxyPreparedStatement.execute(HikariProxyPreparedStatement.java)
	at org.jooq.tools.jdbc.DefaultPreparedStatement.execute(DefaultPreparedStatement.java:219)
	at org.jooq.impl.AbstractQuery.execute(AbstractQuery.java:459)
	at org.jooq.impl.AbstractDMLQuery.execute(AbstractDMLQuery.java:1115)
	at org.jooq.impl.AbstractQuery.execute(AbstractQuery.java:349)
	... 2 more

com.write.api.adapters.out.persistence.repository.JooqUserRepositoryTest.shouldInsertUserWithSnowflakeId -- Time elapsed: 0.010 s <<< ERROR!
org.springframework.dao.DataIntegrityViolationException: jOOQ; SQL [delete from users]; Cannot delete or update a parent row: a foreign key constraint fails (`url_shortener`.`user_roles`, CONSTRAINT `fk_user_roles_assigned_by_user_id` FOREIGN KEY (`assigned_by_user_id`) REFERENCES `users` (`id`) ON DELETE RESTRICT)
	at org.jooq_3.20.5.MYSQL.debug(Unknown Source)
	at org.springframework.jdbc.support.SQLErrorCodeSQLExceptionTranslator.doTranslate(SQLErrorCodeSQLExceptionTranslator.java:256)
	at org.springframework.jdbc.support.AbstractFallbackSQLExceptionTranslator.translate(AbstractFallbackSQLExceptionTranslator.java:102)
	at org.springframework.boot.jooq.autoconfigure.DefaultExceptionTranslatorExecuteListener.handle(DefaultExceptionTranslatorExecuteListener.java:94)
	at org.springframework.boot.jooq.autoconfigure.DefaultExceptionTranslatorExecuteListener.exception(DefaultExceptionTranslatorExecuteListener.java:79)
	at org.jooq.impl.ExecuteListeners.exception(ExecuteListeners.java:304)
	at org.jooq.impl.AbstractQuery.execute(AbstractQuery.java:364)
	at org.jooq.impl.AbstractDelegatingQuery.execute(AbstractDelegatingQuery.java:115)
	at com.write.api.adapters.out.persistence.repository.JooqUserRepositoryTest.setUp(JooqUserRepositoryTest.java:32)
Caused by: java.sql.SQLIntegrityConstraintViolationException: Cannot delete or update a parent row: a foreign key constraint fails (`url_shortener`.`user_roles`, CONSTRAINT `fk_user_roles_assigned_by_user_id` FOREIGN KEY (`assigned_by_user_id`) REFERENCES `users` (`id`) ON DELETE RESTRICT)
	at com.mysql.cj.jdbc.exceptions.SQLError.createSQLException(SQLError.java:109)
	at com.mysql.cj.jdbc.exceptions.SQLExceptionsMapping.translateException(SQLExceptionsMapping.java:114)
	at com.mysql.cj.jdbc.ClientPreparedStatement.executeInternal(ClientPreparedStatement.java:988)
	at com.mysql.cj.jdbc.ClientPreparedStatement.execute(ClientPreparedStatement.java:383)
	at com.zaxxer.hikari.pool.ProxyPreparedStatement.execute(ProxyPreparedStatement.java:44)
	at com.zaxxer.hikari.pool.HikariProxyPreparedStatement.execute(HikariProxyPreparedStatement.java)
	at org.jooq.tools.jdbc.DefaultPreparedStatement.execute(DefaultPreparedStatement.java:219)
	at org.jooq.impl.AbstractQuery.execute(AbstractQuery.java:459)
	at org.jooq.impl.AbstractDMLQuery.execute(AbstractDMLQuery.java:1115)
	at org.jooq.impl.AbstractQuery.execute(AbstractQuery.java:349)
	... 2 more

