<?xml version="1.0" encoding="UTF-8"?>
<testsuite xmlns:xsi="http://www.w3.org/2001/XMLSchema-instance" xsi:noNamespaceSchemaLocation="https://maven.apache.org/surefire/maven-surefire-plugin/xsd/surefire-test-report.xsd" version="3.0.2" name="com.write.api.adapters.out.persistence.repository.JooqApiKeyRepositoryTest" time="1.021" tests="13" errors="0" skipped="0" failures="0">
  <properties>
[...]
</properties>
  <testcase name="shouldReturnFalseWhenApiKeyDoesNotExist" classname="com.write.api.adapters.out.persistence.repository.JooqApiKeyRepositoryTest" time="0.011">
    <system-out><![CDATA[2026-06-06T14:38:27.701-03:00  INFO 143126 --- [demo] [           main] t.c.s.AnnotationConfigContextLoaderUtils : Could not detect default configuration classes for test class [com.write.api.adapters.out.persistence.repository.JooqApiKeyRepositoryTest]: JooqApiKeyRepositoryTest does not declare any static, non-private, non-final, nested classes annotated with @Configuration.
2026-06-06T14:38:27.705-03:00  INFO 143126 --- [demo] [           main] .b.t.c.SpringBootTestContextBootstrapper : Found @SpringBootConfiguration com.write.api.DemoApplication for test class com.write.api.adapters.out.persistence.repository.JooqApiKeyRepositoryTest
2026-06-06T14:38:27.707-03:00  INFO 143126 --- [demo] [           main] o.a.kafka.common.config.AbstractConfig   : ConsumerConfig values: 
	allow.auto.create.topics = true
	auto.commit.interval.ms = 5000
	auto.offset.reset = earliest
	bootstrap.servers = [localhost:9092]
	check.crcs = true
	client.dns.lookup = use_all_dns_ips
	client.id = consumer-url-shortener-dlq-82
	client.rack = 
	connections.max.idle.ms = 540000
	default.api.timeout.ms = 60000
	enable.auto.commit = false
	enable.metrics.push = true
	exclude.internal.topics = true
	fetch.max.bytes = 52428800
	fetch.max.wait.ms = 500
	fetch.min.bytes = 1
	group.id = url-shortener-dlq
	group.instance.id = null
	group.protocol = classic
	group.remote.assignor = null
	heartbeat.interval.ms = 3000
	interceptor.classes = []
	internal.leave.group.on.close = true
	internal.throw.on.fetch.stable.offset.unsupported = false
	isolation.level = read_uncommitted
	key.deserializer = class org.apache.kafka.common.serialization.StringDeserializer
	max.partition.fetch.bytes = 1048576
	max.poll.interval.ms = 300000
	max.poll.records = 500
	metadata.max.age.ms = 300000
	metadata.recovery.rebootstrap.trigger.ms = 300000
	metadata.recovery.strategy = rebootstrap
	metric.reporters = [org.apache.kafka.common.metrics.JmxReporter]
	metrics.num.samples = 2
	metrics.recording.level = INFO
	metrics.sample.window.ms = 30000
	partition.assignment.strategy = [class org.apache.kafka.clients.consumer.RangeAssignor, class org.apache.kafka.clients.consumer.CooperativeStickyAssignor]
	receive.buffer.bytes = 65536
	reconnect.backoff.max.ms = 1000
	reconnect.backoff.ms = 50
	request.timeout.ms = 30000
	retry.backoff.max.ms = 1000
	retry.backoff.ms = 100
	sasl.client.callback.handler.class = null
	sasl.jaas.config = null
	sasl.kerberos.kinit.cmd = /usr/bin/kinit
	sasl.kerberos.min.time.before.relogin = 60000
	sasl.kerberos.service.name = null
	sasl.kerberos.ticket.renew.jitter = 0.05
	sasl.kerberos.ticket.renew.window.factor = 0.8
	sasl.login.callback.handler.class = null
	sasl.login.class = null
	sasl.login.connect.timeout.ms = null
	sasl.login.read.timeout.ms = null
	sasl.login.refresh.buffer.seconds = 300
	sasl.login.refresh.min.period.seconds = 60
	sasl.login.refresh.window.factor = 0.8
	sasl.login.refresh.window.jitter = 0.05
	sasl.login.retry.backoff.max.ms = 10000
	sasl.login.retry.backoff.ms = 100
	sasl.mechanism = GSSAPI
	sasl.oauthbearer.assertion.algorithm = RS256
	sasl.oauthbearer.assertion.claim.aud = null
	sasl.oauthbearer.assertion.claim.exp.seconds = 300
	sasl.oauthbearer.assertion.claim.iss = null
	sasl.oauthbearer.assertion.claim.jti.include = false
	sasl.oauthbearer.assertion.claim.nbf.seconds = 60
	sasl.oauthbearer.assertion.claim.sub = null
	sasl.oauthbearer.assertion.file = null
	sasl.oauthbearer.assertion.private.key.file = null
	sasl.oauthbearer.assertion.private.key.passphrase = null
	sasl.oauthbearer.assertion.template.file = null
	sasl.oauthbearer.client.credentials.client.id = null
	sasl.oauthbearer.client.credentials.client.secret = null
	sasl.oauthbearer.clock.skew.seconds = 30
	sasl.oauthbearer.expected.audience = null
	sasl.oauthbearer.expected.issuer = null
	sasl.oauthbearer.header.urlencode = false
	sasl.oauthbearer.jwks.endpoint.refresh.ms = 3600000
	sasl.oauthbearer.jwks.endpoint.retry.backoff.max.ms = 10000
	sasl.oauthbearer.jwks.endpoint.retry.backoff.ms = 100
	sasl.oauthbearer.jwks.endpoint.url = null
	sasl.oauthbearer.jwt.retriever.class = class org.apache.kafka.common.security.oauthbearer.DefaultJwtRetriever
	sasl.oauthbearer.jwt.validator.class = class org.apache.kafka.common.security.oauthbearer.DefaultJwtValidator
	sasl.oauthbearer.scope = null
	sasl.oauthbearer.scope.claim.name = scope
	sasl.oauthbearer.sub.claim.name = sub
	sasl.oauthbearer.token.endpoint.url = null
	security.protocol = PLAINTEXT
	security.providers = null
	send.buffer.bytes = 131072
	session.timeout.ms = 45000
	share.acknowledgement.mode = implicit
	socket.connection.setup.timeout.max.ms = 30000
	socket.connection.setup.timeout.ms = 10000
	ssl.cipher.suites = null
	ssl.enabled.protocols = [TLSv1.2, TLSv1.3]
	ssl.endpoint.identification.algorithm = https
	ssl.engine.factory.class = null
	ssl.key.password = null
	ssl.keymanager.algorithm = SunX509
	ssl.keystore.certificate.chain = null
	ssl.keystore.key = null
	ssl.keystore.location = null
	ssl.keystore.password = null
	ssl.keystore.type = JKS
	ssl.protocol = TLSv1.3
	ssl.provider = null
	ssl.secure.random.implementation = null
	ssl.trustmanager.algorithm = PKIX
	ssl.truststore.certificates = null
	ssl.truststore.location = null
	ssl.truststore.password = null
	ssl.truststore.type = JKS
	value.deserializer = class org.apache.kafka.common.serialization.StringDeserializer

2026-06-06T14:38:27.708-03:00  INFO 143126 --- [demo] [           main] o.a.k.c.t.i.KafkaMetricsCollector        : initializing Kafka metrics collector
2026-06-06T14:38:27.709-03:00  INFO 143126 --- [demo] [           main] o.a.kafka.common.utils.AppInfoParser     : Kafka version: 4.1.1
2026-06-06T14:38:27.709-03:00  INFO 143126 --- [demo] [           main] o.a.kafka.common.utils.AppInfoParser     : Kafka commitId: be816b82d25370ce
2026-06-06T14:38:27.709-03:00  INFO 143126 --- [demo] [           main] o.a.kafka.common.utils.AppInfoParser     : Kafka startTimeMs: 1780767507709
2026-06-06T14:38:27.710-03:00  INFO 143126 --- [demo] [           main] o.a.k.c.c.i.ClassicKafkaConsumer         : [Consumer clientId=consumer-url-shortener-dlq-82, groupId=url-shortener-dlq] Subscribed to topic(s): user.deleted.dlq
2026-06-06T14:38:27.711-03:00  INFO 143126 --- [demo] [           main] o.a.kafka.common.config.AbstractConfig   : ConsumerConfig values: 
	allow.auto.create.topics = true
	auto.commit.interval.ms = 5000
	auto.offset.reset = earliest
	bootstrap.servers = [localhost:9092]
	check.crcs = true
	client.dns.lookup = use_all_dns_ips
	client.id = consumer-url-shortener-dlq-83
	client.rack = 
	connections.max.idle.ms = 540000
	default.api.timeout.ms = 60000
	enable.auto.commit = false
	enable.metrics.push = true
	exclude.internal.topics = true
	fetch.max.bytes = 52428800
	fetch.max.wait.ms = 500
	fetch.min.bytes = 1
	group.id = url-shortener-dlq
	group.instance.id = null
	group.protocol = classic
	group.remote.assignor = null
	heartbeat.interval.ms = 3000
	interceptor.classes = []
	internal.leave.group.on.close = true
	internal.throw.on.fetch.stable.offset.unsupported = false
	isolation.level = read_uncommitted
	key.deserializer = class org.apache.kafka.common.serialization.StringDeserializer
	max.partition.fetch.bytes = 1048576
	max.poll.interval.ms = 300000
	max.poll.records = 500
	metadata.max.age.ms = 300000
	metadata.recovery.rebootstrap.trigger.ms = 300000
	metadata.recovery.strategy = rebootstrap
	metric.reporters = [org.apache.kafka.common.metrics.JmxReporter]
	metrics.num.samples = 2
	metrics.recording.level = INFO
	metrics.sample.window.ms = 30000
	partition.assignment.strategy = [class org.apache.kafka.clients.consumer.RangeAssignor, class org.apache.kafka.clients.consumer.CooperativeStickyAssignor]
	receive.buffer.bytes = 65536
	reconnect.backoff.max.ms = 1000
	reconnect.backoff.ms = 50
	request.timeout.ms = 30000
	retry.backoff.max.ms = 1000
	retry.backoff.ms = 100
	sasl.client.callback.handler.class = null
	sasl.jaas.config = null
	sasl.kerberos.kinit.cmd = /usr/bin/kinit
	sasl.kerberos.min.time.before.relogin = 60000
	sasl.kerberos.service.name = null
	sasl.kerberos.ticket.renew.jitter = 0.05
	sasl.kerberos.ticket.renew.window.factor = 0.8
	sasl.login.callback.handler.class = null
	sasl.login.class = null
	sasl.login.connect.timeout.ms = null
	sasl.login.read.timeout.ms = null
	sasl.login.refresh.buffer.seconds = 300
	sasl.login.refresh.min.period.seconds = 60
	sasl.login.refresh.window.factor = 0.8
	sasl.login.refresh.window.jitter = 0.05
	sasl.login.retry.backoff.max.ms = 10000
	sasl.login.retry.backoff.ms = 100
	sasl.mechanism = GSSAPI
	sasl.oauthbearer.assertion.algorithm = RS256
	sasl.oauthbearer.assertion.claim.aud = null
	sasl.oauthbearer.assertion.claim.exp.seconds = 300
	sasl.oauthbearer.assertion.claim.iss = null
	sasl.oauthbearer.assertion.claim.jti.include = false
	sasl.oauthbearer.assertion.claim.nbf.seconds = 60
	sasl.oauthbearer.assertion.claim.sub = null
	sasl.oauthbearer.assertion.file = null
	sasl.oauthbearer.assertion.private.key.file = null
	sasl.oauthbearer.assertion.private.key.passphrase = null
	sasl.oauthbearer.assertion.template.file = null
	sasl.oauthbearer.client.credentials.client.id = null
	sasl.oauthbearer.client.credentials.client.secret = null
	sasl.oauthbearer.clock.skew.seconds = 30
	sasl.oauthbearer.expected.audience = null
	sasl.oauthbearer.expected.issuer = null
	sasl.oauthbearer.header.urlencode = false
	sasl.oauthbearer.jwks.endpoint.refresh.ms = 3600000
	sasl.oauthbearer.jwks.endpoint.retry.backoff.max.ms = 10000
	sasl.oauthbearer.jwks.endpoint.retry.backoff.ms = 100
	sasl.oauthbearer.jwks.endpoint.url = null
	sasl.oauthbearer.jwt.retriever.class = class org.apache.kafka.common.security.oauthbearer.DefaultJwtRetriever
	sasl.oauthbearer.jwt.validator.class = class org.apache.kafka.common.security.oauthbearer.DefaultJwtValidator
	sasl.oauthbearer.scope = null
	sasl.oauthbearer.scope.claim.name = scope
	sasl.oauthbearer.sub.claim.name = sub
	sasl.oauthbearer.token.endpoint.url = null
	security.protocol = PLAINTEXT
	security.providers = null
	send.buffer.bytes = 131072
	session.timeout.ms = 45000
	share.acknowledgement.mode = implicit
	socket.connection.setup.timeout.max.ms = 30000
	socket.connection.setup.timeout.ms = 10000
	ssl.cipher.suites = null
	ssl.enabled.protocols = [TLSv1.2, TLSv1.3]
	ssl.endpoint.identification.algorithm = https
	ssl.engine.factory.class = null
	ssl.key.password = null
	ssl.keymanager.algorithm = SunX509
	ssl.keystore.certificate.chain = null
	ssl.keystore.key = null
	ssl.keystore.location = null
	ssl.keystore.password = null
	ssl.keystore.type = JKS
	ssl.protocol = TLSv1.3
	ssl.provider = null
	ssl.secure.random.implementation = null
	ssl.trustmanager.algorithm = PKIX
	ssl.truststore.certificates = null
	ssl.truststore.location = null
	ssl.truststore.password = null
	ssl.truststore.type = JKS
	value.deserializer = class org.apache.kafka.common.serialization.StringDeserializer

2026-06-06T14:38:27.711-03:00  INFO 143126 --- [demo] [           main] o.a.k.c.t.i.KafkaMetricsCollector        : initializing Kafka metrics collector
2026-06-06T14:38:27.712-03:00  INFO 143126 --- [demo] [       kafka-82] org.apache.kafka.clients.Metadata        : [Consumer clientId=consumer-url-shortener-dlq-82, groupId=url-shortener-dlq] Cluster ID: redpanda.18cf06dc-a38c-4800-adbf-5345a5fc9456
2026-06-06T14:38:27.712-03:00  INFO 143126 --- [demo] [       kafka-82] o.a.k.c.c.internals.ConsumerCoordinator  : [Consumer clientId=consumer-url-shortener-dlq-82, groupId=url-shortener-dlq] Discovered group coordinator localhost:9092 (id: 2147483647 rack: null isFenced: false)
2026-06-06T14:38:27.712-03:00  INFO 143126 --- [demo] [       kafka-82] o.a.k.c.c.internals.ConsumerCoordinator  : [Consumer clientId=consumer-url-shortener-dlq-82, groupId=url-shortener-dlq] (Re-)joining group
2026-06-06T14:38:27.713-03:00  INFO 143126 --- [demo] [           main] o.a.kafka.common.utils.AppInfoParser     : Kafka version: 4.1.1
2026-06-06T14:38:27.713-03:00  INFO 143126 --- [demo] [           main] o.a.kafka.common.utils.AppInfoParser     : Kafka commitId: be816b82d25370ce
2026-06-06T14:38:27.713-03:00  INFO 143126 --- [demo] [           main] o.a.kafka.common.utils.AppInfoParser     : Kafka startTimeMs: 1780767507713
2026-06-06T14:38:27.714-03:00  INFO 143126 --- [demo] [       kafka-82] o.a.k.c.c.internals.ConsumerCoordinator  : [Consumer clientId=consumer-url-shortener-dlq-82, groupId=url-shortener-dlq] Request joining group due to: need to re-join with the given member-id: consumer-url-shortener-dlq-82-0636396f-e3f1-4f2d-9557-3b971e5a4c86
2026-06-06T14:38:27.714-03:00  INFO 143126 --- [demo] [       kafka-82] o.a.k.c.c.internals.ConsumerCoordinator  : [Consumer clientId=consumer-url-shortener-dlq-82, groupId=url-shortener-dlq] (Re-)joining group
2026-06-06T14:38:27.714-03:00  INFO 143126 --- [demo] [       kafka-82] o.a.k.c.c.internals.ConsumerCoordinator  : [Consumer clientId=consumer-url-shortener-dlq-82, groupId=url-shortener-dlq] Successfully joined group with generation Generation{generationId=26, memberId='consumer-url-shortener-dlq-82-0636396f-e3f1-4f2d-9557-3b971e5a4c86', protocol='range'}
2026-06-06T14:38:27.714-03:00  INFO 143126 --- [demo] [       kafka-82] o.a.k.c.c.internals.ConsumerCoordinator  : [Consumer clientId=consumer-url-shortener-dlq-82, groupId=url-shortener-dlq] Finished assignment for group at generation 26: {consumer-url-shortener-dlq-82-0636396f-e3f1-4f2d-9557-3b971e5a4c86=Assignment(partitions=[user.deleted.dlq-0, user.deleted.dlq-1, user.deleted.dlq-2])}
2026-06-06T14:38:27.715-03:00  INFO 143126 --- [demo] [           main] o.a.k.c.c.i.ClassicKafkaConsumer         : [Consumer clientId=consumer-url-shortener-dlq-83, groupId=url-shortener-dlq] Subscribed to topic(s): user.login_failed.dlq
2026-06-06T14:38:27.715-03:00  INFO 143126 --- [demo] [       kafka-82] o.a.k.c.c.internals.ConsumerCoordinator  : [Consumer clientId=consumer-url-shortener-dlq-82, groupId=url-shortener-dlq] Successfully synced group in generation Generation{generationId=26, memberId='consumer-url-shortener-dlq-82-0636396f-e3f1-4f2d-9557-3b971e5a4c86', protocol='range'}
2026-06-06T14:38:27.715-03:00  INFO 143126 --- [demo] [       kafka-82] o.a.k.c.c.internals.ConsumerCoordinator  : [Consumer clientId=consumer-url-shortener-dlq-82, groupId=url-shortener-dlq] Notifying assignor about the new Assignment(partitions=[user.deleted.dlq-0, user.deleted.dlq-1, user.deleted.dlq-2])
2026-06-06T14:38:27.715-03:00  INFO 143126 --- [demo] [       kafka-82] k.c.c.i.ConsumerRebalanceListenerInvoker : [Consumer clientId=consumer-url-shortener-dlq-82, groupId=url-shortener-dlq] Adding newly assigned partitions: [user.deleted.dlq-0, user.deleted.dlq-1, user.deleted.dlq-2]
2026-06-06T14:38:27.716-03:00  INFO 143126 --- [demo] [       kafka-82] o.a.k.c.c.internals.ConsumerCoordinator  : [Consumer clientId=consumer-url-shortener-dlq-82, groupId=url-shortener-dlq] Found no committed offset for partition user.deleted.dlq-1
2026-06-06T14:38:27.716-03:00  INFO 143126 --- [demo] [       kafka-82] o.a.k.c.c.internals.ConsumerCoordinator  : [Consumer clientId=consumer-url-shortener-dlq-82, groupId=url-shortener-dlq] Found no committed offset for partition user.deleted.dlq-2
2026-06-06T14:38:27.716-03:00  INFO 143126 --- [demo] [       kafka-82] o.a.k.c.c.internals.ConsumerCoordinator  : [Consumer clientId=consumer-url-shortener-dlq-82, groupId=url-shortener-dlq] Found no committed offset for partition user.deleted.dlq-0
2026-06-06T14:38:27.716-03:00  INFO 143126 --- [demo] [           main] o.a.kafka.common.config.AbstractConfig   : ConsumerConfig values: 
	allow.auto.create.topics = true
	auto.commit.interval.ms = 5000
	auto.offset.reset = earliest
	bootstrap.servers = [localhost:9092]
	check.crcs = true
	client.dns.lookup = use_all_dns_ips
	client.id = consumer-url-shortener-dlq-84
	client.rack = 
	connections.max.idle.ms = 540000
	default.api.timeout.ms = 60000
	enable.auto.commit = false
	enable.metrics.push = true
	exclude.internal.topics = true
	fetch.max.bytes = 52428800
	fetch.max.wait.ms = 500
	fetch.min.bytes = 1
	group.id = url-shortener-dlq
	group.instance.id = null
	group.protocol = classic
	group.remote.assignor = null
	heartbeat.interval.ms = 3000
	interceptor.classes = []
	internal.leave.group.on.close = true
	internal.throw.on.fetch.stable.offset.unsupported = false
	isolation.level = read_uncommitted
	key.deserializer = class org.apache.kafka.common.serialization.StringDeserializer
	max.partition.fetch.bytes = 1048576
	max.poll.interval.ms = 300000
	max.poll.records = 500
	metadata.max.age.ms = 300000
	metadata.recovery.rebootstrap.trigger.ms = 300000
	metadata.recovery.strategy = rebootstrap
	metric.reporters = [org.apache.kafka.common.metrics.JmxReporter]
	metrics.num.samples = 2
	metrics.recording.level = INFO
	metrics.sample.window.ms = 30000
	partition.assignment.strategy = [class org.apache.kafka.clients.consumer.RangeAssignor, class org.apache.kafka.clients.consumer.CooperativeStickyAssignor]
	receive.buffer.bytes = 65536
	reconnect.backoff.max.ms = 1000
	reconnect.backoff.ms = 50
	request.timeout.ms = 30000
	retry.backoff.max.ms = 1000
	retry.backoff.ms = 100
	sasl.client.callback.handler.class = null
	sasl.jaas.config = null
	sasl.kerberos.kinit.cmd = /usr/bin/kinit
	sasl.kerberos.min.time.before.relogin = 60000
	sasl.kerberos.service.name = null
	sasl.kerberos.ticket.renew.jitter = 0.05
	sasl.kerberos.ticket.renew.window.factor = 0.8
	sasl.login.callback.handler.class = null
	sasl.login.class = null
	sasl.login.connect.timeout.ms = null
	sasl.login.read.timeout.ms = null
	sasl.login.refresh.buffer.seconds = 300
	sasl.login.refresh.min.period.seconds = 60
	sasl.login.refresh.window.factor = 0.8
	sasl.login.refresh.window.jitter = 0.05
	sasl.login.retry.backoff.max.ms = 10000
	sasl.login.retry.backoff.ms = 100
	sasl.mechanism = GSSAPI
	sasl.oauthbearer.assertion.algorithm = RS256
	sasl.oauthbearer.assertion.claim.aud = null
	sasl.oauthbearer.assertion.claim.exp.seconds = 300
	sasl.oauthbearer.assertion.claim.iss = null
	sasl.oauthbearer.assertion.claim.jti.include = false
	sasl.oauthbearer.assertion.claim.nbf.seconds = 60
	sasl.oauthbearer.assertion.claim.sub = null
	sasl.oauthbearer.assertion.file = null
	sasl.oauthbearer.assertion.private.key.file = null
	sasl.oauthbearer.assertion.private.key.passphrase = null
	sasl.oauthbearer.assertion.template.file = null
	sasl.oauthbearer.client.credentials.client.id = null
	sasl.oauthbearer.client.credentials.client.secret = null
	sasl.oauthbearer.clock.skew.seconds = 30
	sasl.oauthbearer.expected.audience = null
	sasl.oauthbearer.expected.issuer = null
	sasl.oauthbearer.header.urlencode = false
	sasl.oauthbearer.jwks.endpoint.refresh.ms = 3600000
	sasl.oauthbearer.jwks.endpoint.retry.backoff.max.ms = 10000
	sasl.oauthbearer.jwks.endpoint.retry.backoff.ms = 100
	sasl.oauthbearer.jwks.endpoint.url = null
	sasl.oauthbearer.jwt.retriever.class = class org.apache.kafka.common.security.oauthbearer.DefaultJwtRetriever
	sasl.oauthbearer.jwt.validator.class = class org.apache.kafka.common.security.oauthbearer.DefaultJwtValidator
	sasl.oauthbearer.scope = null
	sasl.oauthbearer.scope.claim.name = scope
	sasl.oauthbearer.sub.claim.name = sub
	sasl.oauthbearer.token.endpoint.url = null
	security.protocol = PLAINTEXT
	security.providers = null
	send.buffer.bytes = 131072
	session.timeout.ms = 45000
	share.acknowledgement.mode = implicit
	socket.connection.setup.timeout.max.ms = 30000
	socket.connection.setup.timeout.ms = 10000
	ssl.cipher.suites = null
	ssl.enabled.protocols = [TLSv1.2, TLSv1.3]
	ssl.endpoint.identification.algorithm = https
	ssl.engine.factory.class = null
	ssl.key.password = null
	ssl.keymanager.algorithm = SunX509
	ssl.keystore.certificate.chain = null
	ssl.keystore.key = null
	ssl.keystore.location = null
	ssl.keystore.password = null
	ssl.keystore.type = JKS
	ssl.protocol = TLSv1.3
	ssl.provider = null
	ssl.secure.random.implementation = null
	ssl.trustmanager.algorithm = PKIX
	ssl.truststore.certificates = null
	ssl.truststore.location = null
	ssl.truststore.password = null
	ssl.truststore.type = JKS
	value.deserializer = class org.apache.kafka.common.serialization.StringDeserializer

2026-06-06T14:38:27.716-03:00  INFO 143126 --- [demo] [           main] o.a.k.c.t.i.KafkaMetricsCollector        : initializing Kafka metrics collector
2026-06-06T14:38:27.716-03:00  INFO 143126 --- [demo] [       kafka-83] org.apache.kafka.clients.Metadata        : [Consumer clientId=consumer-url-shortener-dlq-83, groupId=url-shortener-dlq] Cluster ID: redpanda.18cf06dc-a38c-4800-adbf-5345a5fc9456
2026-06-06T14:38:27.717-03:00  INFO 143126 --- [demo] [       kafka-83] o.a.k.c.c.internals.ConsumerCoordinator  : [Consumer clientId=consumer-url-shortener-dlq-83, groupId=url-shortener-dlq] Discovered group coordinator localhost:9092 (id: 2147483647 rack: null isFenced: false)
2026-06-06T14:38:27.717-03:00  INFO 143126 --- [demo] [       kafka-82] o.a.k.c.c.internals.SubscriptionState    : [Consumer clientId=consumer-url-shortener-dlq-82, groupId=url-shortener-dlq] Resetting offset for partition user.deleted.dlq-1 to position FetchPosition{offset=0, offsetEpoch=Optional.empty, currentLeader=LeaderAndEpoch{leader=Optional[localhost:9092 (id: 0 rack: null isFenced: false)], epoch=absent}}.
2026-06-06T14:38:27.717-03:00  INFO 143126 --- [demo] [       kafka-82] o.a.k.c.c.internals.SubscriptionState    : [Consumer clientId=consumer-url-shortener-dlq-82, groupId=url-shortener-dlq] Resetting offset for partition user.deleted.dlq-2 to position FetchPosition{offset=0, offsetEpoch=Optional.empty, currentLeader=LeaderAndEpoch{leader=Optional[localhost:9092 (id: 0 rack: null isFenced: false)], epoch=absent}}.
2026-06-06T14:38:27.717-03:00  INFO 143126 --- [demo] [       kafka-82] o.a.k.c.c.internals.SubscriptionState    : [Consumer clientId=consumer-url-shortener-dlq-82, groupId=url-shortener-dlq] Resetting offset for partition user.deleted.dlq-0 to position FetchPosition{offset=0, offsetEpoch=Optional.empty, currentLeader=LeaderAndEpoch{leader=Optional[localhost:9092 (id: 0 rack: null isFenced: false)], epoch=absent}}.
2026-06-06T14:38:27.717-03:00  INFO 143126 --- [demo] [       kafka-82] o.s.k.l.KafkaMessageListenerContainer    : url-shortener-dlq: partitions assigned: [user.deleted.dlq-0, user.deleted.dlq-1, user.deleted.dlq-2]
2026-06-06T14:38:27.717-03:00  INFO 143126 --- [demo] [       kafka-83] o.a.k.c.c.internals.ConsumerCoordinator  : [Consumer clientId=consumer-url-shortener-dlq-83, groupId=url-shortener-dlq] (Re-)joining group
2026-06-06T14:38:27.718-03:00  INFO 143126 --- [demo] [           main] o.a.kafka.common.utils.AppInfoParser     : Kafka version: 4.1.1
2026-06-06T14:38:27.718-03:00  INFO 143126 --- [demo] [           main] o.a.kafka.common.utils.AppInfoParser     : Kafka commitId: be816b82d25370ce
2026-06-06T14:38:27.718-03:00  INFO 143126 --- [demo] [           main] o.a.kafka.common.utils.AppInfoParser     : Kafka startTimeMs: 1780767507718
2026-06-06T14:38:27.718-03:00  INFO 143126 --- [demo] [       kafka-83] o.a.k.c.c.internals.ConsumerCoordinator  : [Consumer clientId=consumer-url-shortener-dlq-83, groupId=url-shortener-dlq] Request joining group due to: need to re-join with the given member-id: consumer-url-shortener-dlq-83-8c3aee8f-8c96-4ff0-82a7-9628bfb74099
2026-06-06T14:38:27.718-03:00  INFO 143126 --- [demo] [       kafka-83] o.a.k.c.c.internals.ConsumerCoordinator  : [Consumer clientId=consumer-url-shortener-dlq-83, groupId=url-shortener-dlq] (Re-)joining group
2026-06-06T14:38:27.719-03:00  INFO 143126 --- [demo] [           main] o.a.k.c.c.i.ClassicKafkaConsumer         : [Consumer clientId=consumer-url-shortener-dlq-84, groupId=url-shortener-dlq] Subscribed to topic(s): user.login_success.dlq
2026-06-06T14:38:27.720-03:00  INFO 143126 --- [demo] [           main] o.a.kafka.common.config.AbstractConfig   : ConsumerConfig values: 
	allow.auto.create.topics = true
	auto.commit.interval.ms = 5000
	auto.offset.reset = earliest
	bootstrap.servers = [localhost:9092]
	check.crcs = true
	client.dns.lookup = use_all_dns_ips
	client.id = consumer-url-shortener-dlq-85
	client.rack = 
	connections.max.idle.ms = 540000
	default.api.timeout.ms = 60000
	enable.auto.commit = false
	enable.metrics.push = true
	exclude.internal.topics = true
	fetch.max.bytes = 52428800
	fetch.max.wait.ms = 500
	fetch.min.bytes = 1
	group.id = url-shortener-dlq
	group.instance.id = null
	group.protocol = classic
	group.remote.assignor = null
	heartbeat.interval.ms = 3000
	interceptor.classes = []
	internal.leave.group.on.close = true
	internal.throw.on.fetch.stable.offset.unsupported = false
	isolation.level = read_uncommitted
	key.deserializer = class org.apache.kafka.common.serialization.StringDeserializer
	max.partition.fetch.bytes = 1048576
	max.poll.interval.ms = 300000
	max.poll.records = 500
	metadata.max.age.ms = 300000
	metadata.recovery.rebootstrap.trigger.ms = 300000
	metadata.recovery.strategy = rebootstrap
	metric.reporters = [org.apache.kafka.common.metrics.JmxReporter]
	metrics.num.samples = 2
	metrics.recording.level = INFO
	metrics.sample.window.ms = 30000
	partition.assignment.strategy = [class org.apache.kafka.clients.consumer.RangeAssignor, class org.apache.kafka.clients.consumer.CooperativeStickyAssignor]
	receive.buffer.bytes = 65536
	reconnect.backoff.max.ms = 1000
	reconnect.backoff.ms = 50
	request.timeout.ms = 30000
	retry.backoff.max.ms = 1000
	retry.backoff.ms = 100
	sasl.client.callback.handler.class = null
	sasl.jaas.config = null
	sasl.kerberos.kinit.cmd = /usr/bin/kinit
	sasl.kerberos.min.time.before.relogin = 60000
	sasl.kerberos.service.name = null
	sasl.kerberos.ticket.renew.jitter = 0.05
	sasl.kerberos.ticket.renew.window.factor = 0.8
	sasl.login.callback.handler.class = null
	sasl.login.class = null
	sasl.login.connect.timeout.ms = null
	sasl.login.read.timeout.ms = null
	sasl.login.refresh.buffer.seconds = 300
	sasl.login.refresh.min.period.seconds = 60
	sasl.login.refresh.window.factor = 0.8
	sasl.login.refresh.window.jitter = 0.05
	sasl.login.retry.backoff.max.ms = 10000
	sasl.login.retry.backoff.ms = 100
	sasl.mechanism = GSSAPI
	sasl.oauthbearer.assertion.algorithm = RS256
	sasl.oauthbearer.assertion.claim.aud = null
	sasl.oauthbearer.assertion.claim.exp.seconds = 300
	sasl.oauthbearer.assertion.claim.iss = null
	sasl.oauthbearer.assertion.claim.jti.include = false
	sasl.oauthbearer.assertion.claim.nbf.seconds = 60
	sasl.oauthbearer.assertion.claim.sub = null
	sasl.oauthbearer.assertion.file = null
	sasl.oauthbearer.assertion.private.key.file = null
	sasl.oauthbearer.assertion.private.key.passphrase = null
	sasl.oauthbearer.assertion.template.file = null
	sasl.oauthbearer.client.credentials.client.id = null
	sasl.oauthbearer.client.credentials.client.secret = null
	sasl.oauthbearer.clock.skew.seconds = 30
	sasl.oauthbearer.expected.audience = null
	sasl.oauthbearer.expected.issuer = null
	sasl.oauthbearer.header.urlencode = false
	sasl.oauthbearer.jwks.endpoint.refresh.ms = 3600000
	sasl.oauthbearer.jwks.endpoint.retry.backoff.max.ms = 10000
	sasl.oauthbearer.jwks.endpoint.retry.backoff.ms = 100
	sasl.oauthbearer.jwks.endpoint.url = null
	sasl.oauthbearer.jwt.retriever.class = class org.apache.kafka.common.security.oauthbearer.DefaultJwtRetriever
	sasl.oauthbearer.jwt.validator.class = class org.apache.kafka.common.security.oauthbearer.DefaultJwtValidator
	sasl.oauthbearer.scope = null
	sasl.oauthbearer.scope.claim.name = scope
	sasl.oauthbearer.sub.claim.name = sub
	sasl.oauthbearer.token.endpoint.url = null
	security.protocol = PLAINTEXT
	security.providers = null
	send.buffer.bytes = 131072
	session.timeout.ms = 45000
	share.acknowledgement.mode = implicit
	socket.connection.setup.timeout.max.ms = 30000
	socket.connection.setup.timeout.ms = 10000
	ssl.cipher.suites = null
	ssl.enabled.protocols = [TLSv1.2, TLSv1.3]
	ssl.endpoint.identification.algorithm = https
	ssl.engine.factory.class = null
	ssl.key.password = null
	ssl.keymanager.algorithm = SunX509
	ssl.keystore.certificate.chain = null
	ssl.keystore.key = null
	ssl.keystore.location = null
	ssl.keystore.password = null
	ssl.keystore.type = JKS
	ssl.protocol = TLSv1.3
	ssl.provider = null
	ssl.secure.random.implementation = null
	ssl.trustmanager.algorithm = PKIX
	ssl.truststore.certificates = null
	ssl.truststore.location = null
	ssl.truststore.password = null
	ssl.truststore.type = JKS
	value.deserializer = class org.apache.kafka.common.serialization.StringDeserializer

2026-06-06T14:38:27.720-03:00  INFO 143126 --- [demo] [           main] o.a.k.c.t.i.KafkaMetricsCollector        : initializing Kafka metrics collector
2026-06-06T14:38:27.720-03:00  INFO 143126 --- [demo] [       kafka-84] org.apache.kafka.clients.Metadata        : [Consumer clientId=consumer-url-shortener-dlq-84, groupId=url-shortener-dlq] Cluster ID: redpanda.18cf06dc-a38c-4800-adbf-5345a5fc9456
2026-06-06T14:38:27.720-03:00  INFO 143126 --- [demo] [       kafka-84] o.a.k.c.c.internals.ConsumerCoordinator  : [Consumer clientId=consumer-url-shortener-dlq-84, groupId=url-shortener-dlq] Discovered group coordinator localhost:9092 (id: 2147483647 rack: null isFenced: false)
2026-06-06T14:38:27.721-03:00  INFO 143126 --- [demo] [       kafka-84] o.a.k.c.c.internals.ConsumerCoordinator  : [Consumer clientId=consumer-url-shortener-dlq-84, groupId=url-shortener-dlq] (Re-)joining group
2026-06-06T14:38:27.721-03:00  INFO 143126 --- [demo] [           main] o.a.kafka.common.utils.AppInfoParser     : Kafka version: 4.1.1
2026-06-06T14:38:27.721-03:00  INFO 143126 --- [demo] [           main] o.a.kafka.common.utils.AppInfoParser     : Kafka commitId: be816b82d25370ce
2026-06-06T14:38:27.721-03:00  INFO 143126 --- [demo] [           main] o.a.kafka.common.utils.AppInfoParser     : Kafka startTimeMs: 1780767507721
2026-06-06T14:38:27.722-03:00  INFO 143126 --- [demo] [       kafka-84] o.a.k.c.c.internals.ConsumerCoordinator  : [Consumer clientId=consumer-url-shortener-dlq-84, groupId=url-shortener-dlq] Request joining group due to: need to re-join with the given member-id: consumer-url-shortener-dlq-84-4ce72709-7479-4b95-b49a-5b84e805f6a8
2026-06-06T14:38:27.722-03:00  INFO 143126 --- [demo] [       kafka-84] o.a.k.c.c.internals.ConsumerCoordinator  : [Consumer clientId=consumer-url-shortener-dlq-84, groupId=url-shortener-dlq] (Re-)joining group
2026-06-06T14:38:27.723-03:00  INFO 143126 --- [demo] [           main] o.a.k.c.c.i.ClassicKafkaConsumer         : [Consumer clientId=consumer-url-shortener-dlq-85, groupId=url-shortener-dlq] Subscribed to topic(s): url.updated.dlq
2026-06-06T14:38:27.724-03:00  INFO 143126 --- [demo] [           main] o.a.kafka.common.config.AbstractConfig   : ConsumerConfig values: 
	allow.auto.create.topics = true
	auto.commit.interval.ms = 5000
	auto.offset.reset = earliest
	bootstrap.servers = [localhost:9092]
	check.crcs = true
	client.dns.lookup = use_all_dns_ips
	client.id = consumer-url-shortener-dlq-86
	client.rack = 
	connections.max.idle.ms = 540000
	default.api.timeout.ms = 60000
	enable.auto.commit = false
	enable.metrics.push = true
	exclude.internal.topics = true
	fetch.max.bytes = 52428800
	fetch.max.wait.ms = 500
	fetch.min.bytes = 1
	group.id = url-shortener-dlq
	group.instance.id = null
	group.protocol = classic
	group.remote.assignor = null
	heartbeat.interval.ms = 3000
	interceptor.classes = []
	internal.leave.group.on.close = true
	internal.throw.on.fetch.stable.offset.unsupported = false
	isolation.level = read_uncommitted
	key.deserializer = class org.apache.kafka.common.serialization.StringDeserializer
	max.partition.fetch.bytes = 1048576
	max.poll.interval.ms = 300000
	max.poll.records = 500
	metadata.max.age.ms = 300000
	metadata.recovery.rebootstrap.trigger.ms = 300000
	metadata.recovery.strategy = rebootstrap
	metric.reporters = [org.apache.kafka.common.metrics.JmxReporter]
	metrics.num.samples = 2
	metrics.recording.level = INFO
	metrics.sample.window.ms = 30000
	partition.assignment.strategy = [class org.apache.kafka.clients.consumer.RangeAssignor, class org.apache.kafka.clients.consumer.CooperativeStickyAssignor]
	receive.buffer.bytes = 65536
	reconnect.backoff.max.ms = 1000
	reconnect.backoff.ms = 50
	request.timeout.ms = 30000
	retry.backoff.max.ms = 1000
	retry.backoff.ms = 100
	sasl.client.callback.handler.class = null
	sasl.jaas.config = null
	sasl.kerberos.kinit.cmd = /usr/bin/kinit
	sasl.kerberos.min.time.before.relogin = 60000
	sasl.kerberos.service.name = null
	sasl.kerberos.ticket.renew.jitter = 0.05
	sasl.kerberos.ticket.renew.window.factor = 0.8
	sasl.login.callback.handler.class = null
	sasl.login.class = null
	sasl.login.connect.timeout.ms = null
	sasl.login.read.timeout.ms = null
	sasl.login.refresh.buffer.seconds = 300
	sasl.login.refresh.min.period.seconds = 60
	sasl.login.refresh.window.factor = 0.8
	sasl.login.refresh.window.jitter = 0.05
	sasl.login.retry.backoff.max.ms = 10000
	sasl.login.retry.backoff.ms = 100
	sasl.mechanism = GSSAPI
	sasl.oauthbearer.assertion.algorithm = RS256
	sasl.oauthbearer.assertion.claim.aud = null
	sasl.oauthbearer.assertion.claim.exp.seconds = 300
	sasl.oauthbearer.assertion.claim.iss = null
	sasl.oauthbearer.assertion.claim.jti.include = false
	sasl.oauthbearer.assertion.claim.nbf.seconds = 60
	sasl.oauthbearer.assertion.claim.sub = null
	sasl.oauthbearer.assertion.file = null
	sasl.oauthbearer.assertion.private.key.file = null
	sasl.oauthbearer.assertion.private.key.passphrase = null
	sasl.oauthbearer.assertion.template.file = null
	sasl.oauthbearer.client.credentials.client.id = null
	sasl.oauthbearer.client.credentials.client.secret = null
	sasl.oauthbearer.clock.skew.seconds = 30
	sasl.oauthbearer.expected.audience = null
	sasl.oauthbearer.expected.issuer = null
	sasl.oauthbearer.header.urlencode = false
	sasl.oauthbearer.jwks.endpoint.refresh.ms = 3600000
	sasl.oauthbearer.jwks.endpoint.retry.backoff.max.ms = 10000
	sasl.oauthbearer.jwks.endpoint.retry.backoff.ms = 100
	sasl.oauthbearer.jwks.endpoint.url = null
	sasl.oauthbearer.jwt.retriever.class = class org.apache.kafka.common.security.oauthbearer.DefaultJwtRetriever
	sasl.oauthbearer.jwt.validator.class = class org.apache.kafka.common.security.oauthbearer.DefaultJwtValidator
	sasl.oauthbearer.scope = null
	sasl.oauthbearer.scope.claim.name = scope
	sasl.oauthbearer.sub.claim.name = sub
	sasl.oauthbearer.token.endpoint.url = null
	security.protocol = PLAINTEXT
	security.providers = null
	send.buffer.bytes = 131072
	session.timeout.ms = 45000
	share.acknowledgement.mode = implicit
	socket.connection.setup.timeout.max.ms = 30000
	socket.connection.setup.timeout.ms = 10000
	ssl.cipher.suites = null
	ssl.enabled.protocols = [TLSv1.2, TLSv1.3]
	ssl.endpoint.identification.algorithm = https
	ssl.engine.factory.class = null
	ssl.key.password = null
	ssl.keymanager.algorithm = SunX509
	ssl.keystore.certificate.chain = null
	ssl.keystore.key = null
	ssl.keystore.location = null
	ssl.keystore.password = null
	ssl.keystore.type = JKS
	ssl.protocol = TLSv1.3
	ssl.provider = null
	ssl.secure.random.implementation = null
	ssl.trustmanager.algorithm = PKIX
	ssl.truststore.certificates = null
	ssl.truststore.location = null
	ssl.truststore.password = null
	ssl.truststore.type = JKS
	value.deserializer = class org.apache.kafka.common.serialization.StringDeserializer

2026-06-06T14:38:27.724-03:00  INFO 143126 --- [demo] [           main] o.a.k.c.t.i.KafkaMetricsCollector        : initializing Kafka metrics collector
2026-06-06T14:38:27.725-03:00  INFO 143126 --- [demo] [       kafka-85] org.apache.kafka.clients.Metadata        : [Consumer clientId=consumer-url-shortener-dlq-85, groupId=url-shortener-dlq] Cluster ID: redpanda.18cf06dc-a38c-4800-adbf-5345a5fc9456
2026-06-06T14:38:27.725-03:00  INFO 143126 --- [demo] [       kafka-85] o.a.k.c.c.internals.ConsumerCoordinator  : [Consumer clientId=consumer-url-shortener-dlq-85, groupId=url-shortener-dlq] Discovered group coordinator localhost:9092 (id: 2147483647 rack: null isFenced: false)
2026-06-06T14:38:27.725-03:00  INFO 143126 --- [demo] [       kafka-85] o.a.k.c.c.internals.ConsumerCoordinator  : [Consumer clientId=consumer-url-shortener-dlq-85, groupId=url-shortener-dlq] (Re-)joining group
2026-06-06T14:38:27.726-03:00  INFO 143126 --- [demo] [           main] o.a.kafka.common.utils.AppInfoParser     : Kafka version: 4.1.1
2026-06-06T14:38:27.726-03:00  INFO 143126 --- [demo] [           main] o.a.kafka.common.utils.AppInfoParser     : Kafka commitId: be816b82d25370ce
2026-06-06T14:38:27.726-03:00  INFO 143126 --- [demo] [           main] o.a.kafka.common.utils.AppInfoParser     : Kafka startTimeMs: 1780767507726
2026-06-06T14:38:27.727-03:00  INFO 143126 --- [demo] [       kafka-85] o.a.k.c.c.internals.ConsumerCoordinator  : [Consumer clientId=consumer-url-shortener-dlq-85, groupId=url-shortener-dlq] Request joining group due to: need to re-join with the given member-id: consumer-url-shortener-dlq-85-591b88d8-cf3e-427f-8eee-973d81c0322a
2026-06-06T14:38:27.727-03:00  INFO 143126 --- [demo] [       kafka-85] o.a.k.c.c.internals.ConsumerCoordinator  : [Consumer clientId=consumer-url-shortener-dlq-85, groupId=url-shortener-dlq] (Re-)joining group
2026-06-06T14:38:27.727-03:00  INFO 143126 --- [demo] [           main] o.a.k.c.c.i.ClassicKafkaConsumer         : [Consumer clientId=consumer-url-shortener-dlq-86, groupId=url-shortener-dlq] Subscribed to topic(s): url.access.rule.created.dlq
2026-06-06T14:38:27.728-03:00  INFO 143126 --- [demo] [           main] o.a.kafka.common.config.AbstractConfig   : ConsumerConfig values: 
	allow.auto.create.topics = true
	auto.commit.interval.ms = 5000
	auto.offset.reset = earliest
	bootstrap.servers = [localhost:9092]
	check.crcs = true
	client.dns.lookup = use_all_dns_ips
	client.id = consumer-url-shortener-dlq-87
	client.rack = 
	connections.max.idle.ms = 540000
	default.api.timeout.ms = 60000
	enable.auto.commit = false
	enable.metrics.push = true
	exclude.internal.topics = true
	fetch.max.bytes = 52428800
	fetch.max.wait.ms = 500
	fetch.min.bytes = 1
	group.id = url-shortener-dlq
	group.instance.id = null
	group.protocol = classic
	group.remote.assignor = null
	heartbeat.interval.ms = 3000
	interceptor.classes = []
	internal.leave.group.on.close = true
	internal.throw.on.fetch.stable.offset.unsupported = false
	isolation.level = read_uncommitted
	key.deserializer = class org.apache.kafka.common.serialization.StringDeserializer
	max.partition.fetch.bytes = 1048576
	max.poll.interval.ms = 300000
	max.poll.records = 500
	metadata.max.age.ms = 300000
	metadata.recovery.rebootstrap.trigger.ms = 300000
	metadata.recovery.strategy = rebootstrap
	metric.reporters = [org.apache.kafka.common.metrics.JmxReporter]
	metrics.num.samples = 2
	metrics.recording.level = INFO
	metrics.sample.window.ms = 30000
	partition.assignment.strategy = [class org.apache.kafka.clients.consumer.RangeAssignor, class org.apache.kafka.clients.consumer.CooperativeStickyAssignor]
	receive.buffer.bytes = 65536
	reconnect.backoff.max.ms = 1000
	reconnect.backoff.ms = 50
	request.timeout.ms = 30000
	retry.backoff.max.ms = 1000
	retry.backoff.ms = 100
	sasl.client.callback.handler.class = null
	sasl.jaas.config = null
	sasl.kerberos.kinit.cmd = /usr/bin/kinit
	sasl.kerberos.min.time.before.relogin = 60000
	sasl.kerberos.service.name = null
	sasl.kerberos.ticket.renew.jitter = 0.05
	sasl.kerberos.ticket.renew.window.factor = 0.8
	sasl.login.callback.handler.class = null
	sasl.login.class = null
	sasl.login.connect.timeout.ms = null
	sasl.login.read.timeout.ms = null
	sasl.login.refresh.buffer.seconds = 300
	sasl.login.refresh.min.period.seconds = 60
	sasl.login.refresh.window.factor = 0.8
	sasl.login.refresh.window.jitter = 0.05
	sasl.login.retry.backoff.max.ms = 10000
	sasl.login.retry.backoff.ms = 100
	sasl.mechanism = GSSAPI
	sasl.oauthbearer.assertion.algorithm = RS256
	sasl.oauthbearer.assertion.claim.aud = null
	sasl.oauthbearer.assertion.claim.exp.seconds = 300
	sasl.oauthbearer.assertion.claim.iss = null
	sasl.oauthbearer.assertion.claim.jti.include = false
	sasl.oauthbearer.assertion.claim.nbf.seconds = 60
	sasl.oauthbearer.assertion.claim.sub = null
	sasl.oauthbearer.assertion.file = null
	sasl.oauthbearer.assertion.private.key.file = null
	sasl.oauthbearer.assertion.private.key.passphrase = null
	sasl.oauthbearer.assertion.template.file = null
	sasl.oauthbearer.client.credentials.client.id = null
	sasl.oauthbearer.client.credentials.client.secret = null
	sasl.oauthbearer.clock.skew.seconds = 30
	sasl.oauthbearer.expected.audience = null
	sasl.oauthbearer.expected.issuer = null
	sasl.oauthbearer.header.urlencode = false
	sasl.oauthbearer.jwks.endpoint.refresh.ms = 3600000
	sasl.oauthbearer.jwks.endpoint.retry.backoff.max.ms = 10000
	sasl.oauthbearer.jwks.endpoint.retry.backoff.ms = 100
	sasl.oauthbearer.jwks.endpoint.url = null
	sasl.oauthbearer.jwt.retriever.class = class org.apache.kafka.common.security.oauthbearer.DefaultJwtRetriever
	sasl.oauthbearer.jwt.validator.class = class org.apache.kafka.common.security.oauthbearer.DefaultJwtValidator
	sasl.oauthbearer.scope = null
	sasl.oauthbearer.scope.claim.name = scope
	sasl.oauthbearer.sub.claim.name = sub
	sasl.oauthbearer.token.endpoint.url = null
	security.protocol = PLAINTEXT
	security.providers = null
	send.buffer.bytes = 131072
	session.timeout.ms = 45000
	share.acknowledgement.mode = implicit
	socket.connection.setup.timeout.max.ms = 30000
	socket.connection.setup.timeout.ms = 10000
	ssl.cipher.suites = null
	ssl.enabled.protocols = [TLSv1.2, TLSv1.3]
	ssl.endpoint.identification.algorithm = https
	ssl.engine.factory.class = null
	ssl.key.password = null
	ssl.keymanager.algorithm = SunX509
	ssl.keystore.certificate.chain = null
	ssl.keystore.key = null
	ssl.keystore.location = null
	ssl.keystore.password = null
	ssl.keystore.type = JKS
	ssl.protocol = TLSv1.3
	ssl.provider = null
	ssl.secure.random.implementation = null
	ssl.trustmanager.algorithm = PKIX
	ssl.truststore.certificates = null
	ssl.truststore.location = null
	ssl.truststore.password = null
	ssl.truststore.type = JKS
	value.deserializer = class org.apache.kafka.common.serialization.StringDeserializer

2026-06-06T14:38:27.728-03:00  INFO 143126 --- [demo] [           main] o.a.k.c.t.i.KafkaMetricsCollector        : initializing Kafka metrics collector
2026-06-06T14:38:27.729-03:00  INFO 143126 --- [demo] [       kafka-86] org.apache.kafka.clients.Metadata        : [Consumer clientId=consumer-url-shortener-dlq-86, groupId=url-shortener-dlq] Cluster ID: redpanda.18cf06dc-a38c-4800-adbf-5345a5fc9456
2026-06-06T14:38:27.729-03:00  INFO 143126 --- [demo] [       kafka-86] o.a.k.c.c.internals.ConsumerCoordinator  : [Consumer clientId=consumer-url-shortener-dlq-86, groupId=url-shortener-dlq] Discovered group coordinator localhost:9092 (id: 2147483647 rack: null isFenced: false)
2026-06-06T14:38:27.729-03:00  INFO 143126 --- [demo] [       kafka-86] o.a.k.c.c.internals.ConsumerCoordinator  : [Consumer clientId=consumer-url-shortener-dlq-86, groupId=url-shortener-dlq] (Re-)joining group
2026-06-06T14:38:27.730-03:00  INFO 143126 --- [demo] [           main] o.a.kafka.common.utils.AppInfoParser     : Kafka version: 4.1.1
2026-06-06T14:38:27.730-03:00  INFO 143126 --- [demo] [           main] o.a.kafka.common.utils.AppInfoParser     : Kafka commitId: be816b82d25370ce
2026-06-06T14:38:27.730-03:00  INFO 143126 --- [demo] [           main] o.a.kafka.common.utils.AppInfoParser     : Kafka startTimeMs: 1780767507730
2026-06-06T14:38:27.731-03:00  INFO 143126 --- [demo] [       kafka-86] o.a.k.c.c.internals.ConsumerCoordinator  : [Consumer clientId=consumer-url-shortener-dlq-86, groupId=url-shortener-dlq] Request joining group due to: need to re-join with the given member-id: consumer-url-shortener-dlq-86-56d6e530-5ee9-40b4-93a9-eda4b007fadc
2026-06-06T14:38:27.731-03:00  INFO 143126 --- [demo] [       kafka-86] o.a.k.c.c.internals.ConsumerCoordinator  : [Consumer clientId=consumer-url-shortener-dlq-86, groupId=url-shortener-dlq] (Re-)joining group
2026-06-06T14:38:27.731-03:00  INFO 143126 --- [demo] [           main] o.a.k.c.c.i.ClassicKafkaConsumer         : [Consumer clientId=consumer-url-shortener-dlq-87, groupId=url-shortener-dlq] Subscribed to topic(s): user.blocked.dlq
2026-06-06T14:38:27.732-03:00  INFO 143126 --- [demo] [           main] o.a.kafka.common.config.AbstractConfig   : ConsumerConfig values: 
	allow.auto.create.topics = true
	auto.commit.interval.ms = 5000
	auto.offset.reset = earliest
	bootstrap.servers = [localhost:9092]
	check.crcs = true
	client.dns.lookup = use_all_dns_ips
	client.id = consumer-url-shortener-dlq-88
	client.rack = 
	connections.max.idle.ms = 540000
	default.api.timeout.ms = 60000
	enable.auto.commit = false
	enable.metrics.push = true
	exclude.internal.topics = true
	fetch.max.bytes = 52428800
	fetch.max.wait.ms = 500
	fetch.min.bytes = 1
	group.id = url-shortener-dlq
	group.instance.id = null
	group.protocol = classic
	group.remote.assignor = null
	heartbeat.interval.ms = 3000
	interceptor.classes = []
	internal.leave.group.on.close = true
	internal.throw.on.fetch.stable.offset.unsupported = false
	isolation.level = read_uncommitted
	key.deserializer = class org.apache.kafka.common.serialization.StringDeserializer
	max.partition.fetch.bytes = 1048576
	max.poll.interval.ms = 300000
	max.poll.records = 500
	metadata.max.age.ms = 300000
	metadata.recovery.rebootstrap.trigger.ms = 300000
	metadata.recovery.strategy = rebootstrap
	metric.reporters = [org.apache.kafka.common.metrics.JmxReporter]
	metrics.num.samples = 2
	metrics.recording.level = INFO
	metrics.sample.window.ms = 30000
	partition.assignment.strategy = [class org.apache.kafka.clients.consumer.RangeAssignor, class org.apache.kafka.clients.consumer.CooperativeStickyAssignor]
	receive.buffer.bytes = 65536
	reconnect.backoff.max.ms = 1000
	reconnect.backoff.ms = 50
	request.timeout.ms = 30000
	retry.backoff.max.ms = 1000
	retry.backoff.ms = 100
	sasl.client.callback.handler.class = null
	sasl.jaas.config = null
	sasl.kerberos.kinit.cmd = /usr/bin/kinit
	sasl.kerberos.min.time.before.relogin = 60000
	sasl.kerberos.service.name = null
	sasl.kerberos.ticket.renew.jitter = 0.05
	sasl.kerberos.ticket.renew.window.factor = 0.8
	sasl.login.callback.handler.class = null
	sasl.login.class = null
	sasl.login.connect.timeout.ms = null
	sasl.login.read.timeout.ms = null
	sasl.login.refresh.buffer.seconds = 300
	sasl.login.refresh.min.period.seconds = 60
	sasl.login.refresh.window.factor = 0.8
	sasl.login.refresh.window.jitter = 0.05
	sasl.login.retry.backoff.max.ms = 10000
	sasl.login.retry.backoff.ms = 100
	sasl.mechanism = GSSAPI
	sasl.oauthbearer.assertion.algorithm = RS256
	sasl.oauthbearer.assertion.claim.aud = null
	sasl.oauthbearer.assertion.claim.exp.seconds = 300
	sasl.oauthbearer.assertion.claim.iss = null
	sasl.oauthbearer.assertion.claim.jti.include = false
	sasl.oauthbearer.assertion.claim.nbf.seconds = 60
	sasl.oauthbearer.assertion.claim.sub = null
	sasl.oauthbearer.assertion.file = null
	sasl.oauthbearer.assertion.private.key.file = null
	sasl.oauthbearer.assertion.private.key.passphrase = null
	sasl.oauthbearer.assertion.template.file = null
	sasl.oauthbearer.client.credentials.client.id = null
	sasl.oauthbearer.client.credentials.client.secret = null
	sasl.oauthbearer.clock.skew.seconds = 30
	sasl.oauthbearer.expected.audience = null
	sasl.oauthbearer.expected.issuer = null
	sasl.oauthbearer.header.urlencode = false
	sasl.oauthbearer.jwks.endpoint.refresh.ms = 3600000
	sasl.oauthbearer.jwks.endpoint.retry.backoff.max.ms = 10000
	sasl.oauthbearer.jwks.endpoint.retry.backoff.ms = 100
	sasl.oauthbearer.jwks.endpoint.url = null
	sasl.oauthbearer.jwt.retriever.class = class org.apache.kafka.common.security.oauthbearer.DefaultJwtRetriever
	sasl.oauthbearer.jwt.validator.class = class org.apache.kafka.common.security.oauthbearer.DefaultJwtValidator
	sasl.oauthbearer.scope = null
	sasl.oauthbearer.scope.claim.name = scope
	sasl.oauthbearer.sub.claim.name = sub
	sasl.oauthbearer.token.endpoint.url = null
	security.protocol = PLAINTEXT
	security.providers = null
	send.buffer.bytes = 131072
	session.timeout.ms = 45000
	share.acknowledgement.mode = implicit
	socket.connection.setup.timeout.max.ms = 30000
	socket.connection.setup.timeout.ms = 10000
	ssl.cipher.suites = null
	ssl.enabled.protocols = [TLSv1.2, TLSv1.3]
	ssl.endpoint.identification.algorithm = https
	ssl.engine.factory.class = null
	ssl.key.password = null
	ssl.keymanager.algorithm = SunX509
	ssl.keystore.certificate.chain = null
	ssl.keystore.key = null
	ssl.keystore.location = null
	ssl.keystore.password = null
	ssl.keystore.type = JKS
	ssl.protocol = TLSv1.3
	ssl.provider = null
	ssl.secure.random.implementation = null
	ssl.trustmanager.algorithm = PKIX
	ssl.truststore.certificates = null
	ssl.truststore.location = null
	ssl.truststore.password = null
	ssl.truststore.type = JKS
	value.deserializer = class org.apache.kafka.common.serialization.StringDeserializer

2026-06-06T14:38:27.732-03:00  INFO 143126 --- [demo] [           main] o.a.k.c.t.i.KafkaMetricsCollector        : initializing Kafka metrics collector
2026-06-06T14:38:27.733-03:00  INFO 143126 --- [demo] [       kafka-87] org.apache.kafka.clients.Metadata        : [Consumer clientId=consumer-url-shortener-dlq-87, groupId=url-shortener-dlq] Cluster ID: redpanda.18cf06dc-a38c-4800-adbf-5345a5fc9456
2026-06-06T14:38:27.733-03:00  INFO 143126 --- [demo] [       kafka-87] o.a.k.c.c.internals.ConsumerCoordinator  : [Consumer clientId=consumer-url-shortener-dlq-87, groupId=url-shortener-dlq] Discovered group coordinator localhost:9092 (id: 2147483647 rack: null isFenced: false)
2026-06-06T14:38:27.733-03:00  INFO 143126 --- [demo] [       kafka-87] o.a.k.c.c.internals.ConsumerCoordinator  : [Consumer clientId=consumer-url-shortener-dlq-87, groupId=url-shortener-dlq] (Re-)joining group
2026-06-06T14:38:27.734-03:00  INFO 143126 --- [demo] [           main] o.a.kafka.common.utils.AppInfoParser     : Kafka version: 4.1.1
2026-06-06T14:38:27.734-03:00  INFO 143126 --- [demo] [           main] o.a.kafka.common.utils.AppInfoParser     : Kafka commitId: be816b82d25370ce
2026-06-06T14:38:27.734-03:00  INFO 143126 --- [demo] [           main] o.a.kafka.common.utils.AppInfoParser     : Kafka startTimeMs: 1780767507734
2026-06-06T14:38:27.734-03:00  INFO 143126 --- [demo] [       kafka-87] o.a.k.c.c.internals.ConsumerCoordinator  : [Consumer clientId=consumer-url-shortener-dlq-87, groupId=url-shortener-dlq] Request joining group due to: need to re-join with the given member-id: consumer-url-shortener-dlq-87-32bfa850-c8b2-4d83-9ca2-fb0c809cf879
2026-06-06T14:38:27.734-03:00  INFO 143126 --- [demo] [       kafka-87] o.a.k.c.c.internals.ConsumerCoordinator  : [Consumer clientId=consumer-url-shortener-dlq-87, groupId=url-shortener-dlq] (Re-)joining group
2026-06-06T14:38:27.735-03:00  INFO 143126 --- [demo] [           main] o.a.k.c.c.i.ClassicKafkaConsumer         : [Consumer clientId=consumer-url-shortener-dlq-88, groupId=url-shortener-dlq] Subscribed to topic(s): user.created.dlq
2026-06-06T14:38:27.736-03:00  INFO 143126 --- [demo] [           main] o.a.kafka.common.config.AbstractConfig   : ConsumerConfig values: 
	allow.auto.create.topics = true
	auto.commit.interval.ms = 5000
	auto.offset.reset = earliest
	bootstrap.servers = [localhost:9092]
	check.crcs = true
	client.dns.lookup = use_all_dns_ips
	client.id = consumer-url-shortener-dlq-89
	client.rack = 
	connections.max.idle.ms = 540000
	default.api.timeout.ms = 60000
	enable.auto.commit = false
	enable.metrics.push = true
	exclude.internal.topics = true
	fetch.max.bytes = 52428800
	fetch.max.wait.ms = 500
	fetch.min.bytes = 1
	group.id = url-shortener-dlq
	group.instance.id = null
	group.protocol = classic
	group.remote.assignor = null
	heartbeat.interval.ms = 3000
	interceptor.classes = []
	internal.leave.group.on.close = true
	internal.throw.on.fetch.stable.offset.unsupported = false
	isolation.level = read_uncommitted
	key.deserializer = class org.apache.kafka.common.serialization.StringDeserializer
	max.partition.fetch.bytes = 1048576
	max.poll.interval.ms = 300000
	max.poll.records = 500
	metadata.max.age.ms = 300000
	metadata.recovery.rebootstrap.trigger.ms = 300000
	metadata.recovery.strategy = rebootstrap
	metric.reporters = [org.apache.kafka.common.metrics.JmxReporter]
	metrics.num.samples = 2
	metrics.recording.level = INFO
	metrics.sample.window.ms = 30000
	partition.assignment.strategy = [class org.apache.kafka.clients.consumer.RangeAssignor, class org.apache.kafka.clients.consumer.CooperativeStickyAssignor]
	receive.buffer.bytes = 65536
	reconnect.backoff.max.ms = 1000
	reconnect.backoff.ms = 50
	request.timeout.ms = 30000
	retry.backoff.max.ms = 1000
	retry.backoff.ms = 100
	sasl.client.callback.handler.class = null
	sasl.jaas.config = null
	sasl.kerberos.kinit.cmd = /usr/bin/kinit
	sasl.kerberos.min.time.before.relogin = 60000
	sasl.kerberos.service.name = null
	sasl.kerberos.ticket.renew.jitter = 0.05
	sasl.kerberos.ticket.renew.window.factor = 0.8
	sasl.login.callback.handler.class = null
	sasl.login.class = null
	sasl.login.connect.timeout.ms = null
	sasl.login.read.timeout.ms = null
	sasl.login.refresh.buffer.seconds = 300
	sasl.login.refresh.min.period.seconds = 60
	sasl.login.refresh.window.factor = 0.8
	sasl.login.refresh.window.jitter = 0.05
	sasl.login.retry.backoff.max.ms = 10000
	sasl.login.retry.backoff.ms = 100
	sasl.mechanism = GSSAPI
	sasl.oauthbearer.assertion.algorithm = RS256
	sasl.oauthbearer.assertion.claim.aud = null
	sasl.oauthbearer.assertion.claim.exp.seconds = 300
	sasl.oauthbearer.assertion.claim.iss = null
	sasl.oauthbearer.assertion.claim.jti.include = false
	sasl.oauthbearer.assertion.claim.nbf.seconds = 60
	sasl.oauthbearer.assertion.claim.sub = null
	sasl.oauthbearer.assertion.file = null
	sasl.oauthbearer.assertion.private.key.file = null
	sasl.oauthbearer.assertion.private.key.passphrase = null
	sasl.oauthbearer.assertion.template.file = null
	sasl.oauthbearer.client.credentials.client.id = null
	sasl.oauthbearer.client.credentials.client.secret = null
	sasl.oauthbearer.clock.skew.seconds = 30
	sasl.oauthbearer.expected.audience = null
	sasl.oauthbearer.expected.issuer = null
	sasl.oauthbearer.header.urlencode = false
	sasl.oauthbearer.jwks.endpoint.refresh.ms = 3600000
	sasl.oauthbearer.jwks.endpoint.retry.backoff.max.ms = 10000
	sasl.oauthbearer.jwks.endpoint.retry.backoff.ms = 100
	sasl.oauthbearer.jwks.endpoint.url = null
	sasl.oauthbearer.jwt.retriever.class = class org.apache.kafka.common.security.oauthbearer.DefaultJwtRetriever
	sasl.oauthbearer.jwt.validator.class = class org.apache.kafka.common.security.oauthbearer.DefaultJwtValidator
	sasl.oauthbearer.scope = null
	sasl.oauthbearer.scope.claim.name = scope
	sasl.oauthbearer.sub.claim.name = sub
	sasl.oauthbearer.token.endpoint.url = null
	security.protocol = PLAINTEXT
	security.providers = null
	send.buffer.bytes = 131072
	session.timeout.ms = 45000
	share.acknowledgement.mode = implicit
	socket.connection.setup.timeout.max.ms = 30000
	socket.connection.setup.timeout.ms = 10000
	ssl.cipher.suites = null
	ssl.enabled.protocols = [TLSv1.2, TLSv1.3]
	ssl.endpoint.identification.algorithm = https
	ssl.engine.factory.class = null
	ssl.key.password = null
	ssl.keymanager.algorithm = SunX509
	ssl.keystore.certificate.chain = null
	ssl.keystore.key = null
	ssl.keystore.location = null
	ssl.keystore.password = null
	ssl.keystore.type = JKS
	ssl.protocol = TLSv1.3
	ssl.provider = null
	ssl.secure.random.implementation = null
	ssl.trustmanager.algorithm = PKIX
	ssl.truststore.certificates = null
	ssl.truststore.location = null
	ssl.truststore.password = null
	ssl.truststore.type = JKS
	value.deserializer = class org.apache.kafka.common.serialization.StringDeserializer

2026-06-06T14:38:27.736-03:00  INFO 143126 --- [demo] [           main] o.a.k.c.t.i.KafkaMetricsCollector        : initializing Kafka metrics collector
2026-06-06T14:38:27.737-03:00  INFO 143126 --- [demo] [       kafka-88] org.apache.kafka.clients.Metadata        : [Consumer clientId=consumer-url-shortener-dlq-88, groupId=url-shortener-dlq] Cluster ID: redpanda.18cf06dc-a38c-4800-adbf-5345a5fc9456
2026-06-06T14:38:27.737-03:00  INFO 143126 --- [demo] [       kafka-88] o.a.k.c.c.internals.ConsumerCoordinator  : [Consumer clientId=consumer-url-shortener-dlq-88, groupId=url-shortener-dlq] Discovered group coordinator localhost:9092 (id: 2147483647 rack: null isFenced: false)
2026-06-06T14:38:27.737-03:00  INFO 143126 --- [demo] [       kafka-88] o.a.k.c.c.internals.ConsumerCoordinator  : [Consumer clientId=consumer-url-shortener-dlq-88, groupId=url-shortener-dlq] (Re-)joining group
2026-06-06T14:38:27.738-03:00  INFO 143126 --- [demo] [           main] o.a.kafka.common.utils.AppInfoParser     : Kafka version: 4.1.1
2026-06-06T14:38:27.738-03:00  INFO 143126 --- [demo] [           main] o.a.kafka.common.utils.AppInfoParser     : Kafka commitId: be816b82d25370ce
2026-06-06T14:38:27.738-03:00  INFO 143126 --- [demo] [           main] o.a.kafka.common.utils.AppInfoParser     : Kafka startTimeMs: 1780767507738
2026-06-06T14:38:27.738-03:00  INFO 143126 --- [demo] [       kafka-88] o.a.k.c.c.internals.ConsumerCoordinator  : [Consumer clientId=consumer-url-shortener-dlq-88, groupId=url-shortener-dlq] Request joining group due to: need to re-join with the given member-id: consumer-url-shortener-dlq-88-4a55204d-af90-4b01-bf17-c737c8fe8819
2026-06-06T14:38:27.738-03:00  INFO 143126 --- [demo] [       kafka-88] o.a.k.c.c.internals.ConsumerCoordinator  : [Consumer clientId=consumer-url-shortener-dlq-88, groupId=url-shortener-dlq] (Re-)joining group
2026-06-06T14:38:27.739-03:00  INFO 143126 --- [demo] [           main] o.a.k.c.c.i.ClassicKafkaConsumer         : [Consumer clientId=consumer-url-shortener-dlq-89, groupId=url-shortener-dlq] Subscribed to topic(s): url.created.dlq
2026-06-06T14:38:27.740-03:00  INFO 143126 --- [demo] [           main] o.a.kafka.common.config.AbstractConfig   : ConsumerConfig values: 
	allow.auto.create.topics = true
	auto.commit.interval.ms = 5000
	auto.offset.reset = earliest
	bootstrap.servers = [localhost:9092]
	check.crcs = true
	client.dns.lookup = use_all_dns_ips
	client.id = consumer-url-shortener-dlq-90
	client.rack = 
	connections.max.idle.ms = 540000
	default.api.timeout.ms = 60000
	enable.auto.commit = false
	enable.metrics.push = true
	exclude.internal.topics = true
	fetch.max.bytes = 52428800
	fetch.max.wait.ms = 500
	fetch.min.bytes = 1
	group.id = url-shortener-dlq
	group.instance.id = null
	group.protocol = classic
	group.remote.assignor = null
	heartbeat.interval.ms = 3000
	interceptor.classes = []
	internal.leave.group.on.close = true
	internal.throw.on.fetch.stable.offset.unsupported = false
	isolation.level = read_uncommitted
	key.deserializer = class org.apache.kafka.common.serialization.StringDeserializer
	max.partition.fetch.bytes = 1048576
	max.poll.interval.ms = 300000
	max.poll.records = 500
	metadata.max.age.ms = 300000
	metadata.recovery.rebootstrap.trigger.ms = 300000
	metadata.recovery.strategy = rebootstrap
	metric.reporters = [org.apache.kafka.common.metrics.JmxReporter]
	metrics.num.samples = 2
	metrics.recording.level = INFO
	metrics.sample.window.ms = 30000
	partition.assignment.strategy = [class org.apache.kafka.clients.consumer.RangeAssignor, class org.apache.kafka.clients.consumer.CooperativeStickyAssignor]
	receive.buffer.bytes = 65536
	reconnect.backoff.max.ms = 1000
	reconnect.backoff.ms = 50
	request.timeout.ms = 30000
	retry.backoff.max.ms = 1000
	retry.backoff.ms = 100
	sasl.client.callback.handler.class = null
	sasl.jaas.config = null
	sasl.kerberos.kinit.cmd = /usr/bin/kinit
	sasl.kerberos.min.time.before.relogin = 60000
	sasl.kerberos.service.name = null
	sasl.kerberos.ticket.renew.jitter = 0.05
	sasl.kerberos.ticket.renew.window.factor = 0.8
	sasl.login.callback.handler.class = null
	sasl.login.class = null
	sasl.login.connect.timeout.ms = null
	sasl.login.read.timeout.ms = null
	sasl.login.refresh.buffer.seconds = 300
	sasl.login.refresh.min.period.seconds = 60
	sasl.login.refresh.window.factor = 0.8
	sasl.login.refresh.window.jitter = 0.05
	sasl.login.retry.backoff.max.ms = 10000
	sasl.login.retry.backoff.ms = 100
	sasl.mechanism = GSSAPI
	sasl.oauthbearer.assertion.algorithm = RS256
	sasl.oauthbearer.assertion.claim.aud = null
	sasl.oauthbearer.assertion.claim.exp.seconds = 300
	sasl.oauthbearer.assertion.claim.iss = null
	sasl.oauthbearer.assertion.claim.jti.include = false
	sasl.oauthbearer.assertion.claim.nbf.seconds = 60
	sasl.oauthbearer.assertion.claim.sub = null
	sasl.oauthbearer.assertion.file = null
	sasl.oauthbearer.assertion.private.key.file = null
	sasl.oauthbearer.assertion.private.key.passphrase = null
	sasl.oauthbearer.assertion.template.file = null
	sasl.oauthbearer.client.credentials.client.id = null
	sasl.oauthbearer.client.credentials.client.secret = null
	sasl.oauthbearer.clock.skew.seconds = 30
	sasl.oauthbearer.expected.audience = null
	sasl.oauthbearer.expected.issuer = null
	sasl.oauthbearer.header.urlencode = false
	sasl.oauthbearer.jwks.endpoint.refresh.ms = 3600000
	sasl.oauthbearer.jwks.endpoint.retry.backoff.max.ms = 10000
	sasl.oauthbearer.jwks.endpoint.retry.backoff.ms = 100
	sasl.oauthbearer.jwks.endpoint.url = null
	sasl.oauthbearer.jwt.retriever.class = class org.apache.kafka.common.security.oauthbearer.DefaultJwtRetriever
	sasl.oauthbearer.jwt.validator.class = class org.apache.kafka.common.security.oauthbearer.DefaultJwtValidator
	sasl.oauthbearer.scope = null
	sasl.oauthbearer.scope.claim.name = scope
	sasl.oauthbearer.sub.claim.name = sub
	sasl.oauthbearer.token.endpoint.url = null
	security.protocol = PLAINTEXT
	security.providers = null
	send.buffer.bytes = 131072
	session.timeout.ms = 45000
	share.acknowledgement.mode = implicit
	socket.connection.setup.timeout.max.ms = 30000
	socket.connection.setup.timeout.ms = 10000
	ssl.cipher.suites = null
	ssl.enabled.protocols = [TLSv1.2, TLSv1.3]
	ssl.endpoint.identification.algorithm = https
	ssl.engine.factory.class = null
	ssl.key.password = null
	ssl.keymanager.algorithm = SunX509
	ssl.keystore.certificate.chain = null
	ssl.keystore.key = null
	ssl.keystore.location = null
	ssl.keystore.password = null
	ssl.keystore.type = JKS
	ssl.protocol = TLSv1.3
	ssl.provider = null
	ssl.secure.random.implementation = null
	ssl.trustmanager.algorithm = PKIX
	ssl.truststore.certificates = null
	ssl.truststore.location = null
	ssl.truststore.password = null
	ssl.truststore.type = JKS
	value.deserializer = class org.apache.kafka.common.serialization.StringDeserializer

2026-06-06T14:38:27.740-03:00  INFO 143126 --- [demo] [           main] o.a.k.c.t.i.KafkaMetricsCollector        : initializing Kafka metrics collector
2026-06-06T14:38:27.746-03:00  INFO 143126 --- [demo] [       kafka-89] org.apache.kafka.clients.Metadata        : [Consumer clientId=consumer-url-shortener-dlq-89, groupId=url-shortener-dlq] Cluster ID: redpanda.18cf06dc-a38c-4800-adbf-5345a5fc9456
2026-06-06T14:38:27.746-03:00  INFO 143126 --- [demo] [       kafka-89] o.a.k.c.c.internals.ConsumerCoordinator  : [Consumer clientId=consumer-url-shortener-dlq-89, groupId=url-shortener-dlq] Discovered group coordinator localhost:9092 (id: 2147483647 rack: null isFenced: false)
2026-06-06T14:38:27.746-03:00  INFO 143126 --- [demo] [       kafka-89] o.a.k.c.c.internals.ConsumerCoordinator  : [Consumer clientId=consumer-url-shortener-dlq-89, groupId=url-shortener-dlq] (Re-)joining group
2026-06-06T14:38:27.747-03:00  INFO 143126 --- [demo] [           main] o.a.kafka.common.utils.AppInfoParser     : Kafka version: 4.1.1
2026-06-06T14:38:27.747-03:00  INFO 143126 --- [demo] [           main] o.a.kafka.common.utils.AppInfoParser     : Kafka commitId: be816b82d25370ce
2026-06-06T14:38:27.747-03:00  INFO 143126 --- [demo] [           main] o.a.kafka.common.utils.AppInfoParser     : Kafka startTimeMs: 1780767507747
2026-06-06T14:38:27.748-03:00  INFO 143126 --- [demo] [       kafka-89] o.a.k.c.c.internals.ConsumerCoordinator  : [Consumer clientId=consumer-url-shortener-dlq-89, groupId=url-shortener-dlq] Request joining group due to: need to re-join with the given member-id: consumer-url-shortener-dlq-89-ac604e6b-9f4e-4d24-96b0-9d3933db39f4
2026-06-06T14:38:27.748-03:00  INFO 143126 --- [demo] [       kafka-89] o.a.k.c.c.internals.ConsumerCoordinator  : [Consumer clientId=consumer-url-shortener-dlq-89, groupId=url-shortener-dlq] (Re-)joining group
2026-06-06T14:38:27.749-03:00  INFO 143126 --- [demo] [           main] o.a.k.c.c.i.ClassicKafkaConsumer         : [Consumer clientId=consumer-url-shortener-dlq-90, groupId=url-shortener-dlq] Subscribed to topic(s): url.deleted.dlq
2026-06-06T14:38:27.753-03:00  INFO 143126 --- [demo] [       kafka-90] org.apache.kafka.clients.Metadata        : [Consumer clientId=consumer-url-shortener-dlq-90, groupId=url-shortener-dlq] Cluster ID: redpanda.18cf06dc-a38c-4800-adbf-5345a5fc9456
2026-06-06T14:38:27.753-03:00  INFO 143126 --- [demo] [       kafka-90] o.a.k.c.c.internals.ConsumerCoordinator  : [Consumer clientId=consumer-url-shortener-dlq-90, groupId=url-shortener-dlq] Discovered group coordinator localhost:9092 (id: 2147483647 rack: null isFenced: false)
2026-06-06T14:38:27.753-03:00  INFO 143126 --- [demo] [       kafka-90] o.a.k.c.c.internals.ConsumerCoordinator  : [Consumer clientId=consumer-url-shortener-dlq-90, groupId=url-shortener-dlq] (Re-)joining group
2026-06-06T14:38:27.755-03:00  INFO 143126 --- [demo] [       kafka-90] o.a.k.c.c.internals.ConsumerCoordinator  : [Consumer clientId=consumer-url-shortener-dlq-90, groupId=url-shortener-dlq] Request joining group due to: need to re-join with the given member-id: consumer-url-shortener-dlq-90-6a304b83-43a1-42ad-ab6e-e04f29c41edf
2026-06-06T14:38:27.755-03:00  INFO 143126 --- [demo] [       kafka-90] o.a.k.c.c.internals.ConsumerCoordinator  : [Consumer clientId=consumer-url-shortener-dlq-90, groupId=url-shortener-dlq] (Re-)joining group
]]></system-out>
  </testcase>
  <testcase name="shouldFindById" classname="com.write.api.adapters.out.persistence.repository.JooqApiKeyRepositoryTest" time="0.014"/>
  <testcase name="shouldFindByKeyHash" classname="com.write.api.adapters.out.persistence.repository.JooqApiKeyRepositoryTest" time="0.014"/>
  <testcase name="shouldFailWhenUpdatingNonExistingApiKey" classname="com.write.api.adapters.out.persistence.repository.JooqApiKeyRepositoryTest" time="0.01"/>
  <testcase name="shouldReturnEmptyWhenFindByIdNotFound" classname="com.write.api.adapters.out.persistence.repository.JooqApiKeyRepositoryTest" time="0.007"/>
  <testcase name="shouldFailWhenInsertingDuplicateHash" classname="com.write.api.adapters.out.persistence.repository.JooqApiKeyRepositoryTest" time="0.014"/>
  <testcase name="shouldUpdateApiKey" classname="com.write.api.adapters.out.persistence.repository.JooqApiKeyRepositoryTest" time="0.013"/>
  <testcase name="shouldDeleteApiKey" classname="com.write.api.adapters.out.persistence.repository.JooqApiKeyRepositoryTest" time="0.014"/>
  <testcase name="shouldReturnTrueWhenApiKeyExists" classname="com.write.api.adapters.out.persistence.repository.JooqApiKeyRepositoryTest" time="0.012"/>
  <testcase name="shouldReturnZeroWhenDeletingNonExistingApiKey" classname="com.write.api.adapters.out.persistence.repository.JooqApiKeyRepositoryTest" time="0.01"/>
  <testcase name="shouldReturnEmptyWhenKeyHashNotFound" classname="com.write.api.adapters.out.persistence.repository.JooqApiKeyRepositoryTest" time="0.009"/>
  <testcase name="shouldDeleteAndThenNotFindApiKey" classname="com.write.api.adapters.out.persistence.repository.JooqApiKeyRepositoryTest" time="0.018"/>
  <testcase name="shouldInsertApiKey" classname="com.write.api.adapters.out.persistence.repository.JooqApiKeyRepositoryTest" time="0.012"/>
</testsuite>