<?xml version="1.0" encoding="UTF-8"?>
<testsuite xmlns:xsi="http://www.w3.org/2001/XMLSchema-instance" xsi:noNamespaceSchemaLocation="https://maven.apache.org/surefire/maven-surefire-plugin/xsd/surefire-test-report.xsd" version="3.0.2" name="com.write.api.adapters.in.web.controller.urlTagLink.UrlTagLinkControllerTest" time="3.038" tests="21" errors="0" skipped="0" failures="0">
  <properties>
[...]
</properties>
  <testcase name="shouldFailBecauseTagAlreadyExistsInUrlTheLinkTagToUrl" classname="com.write.api.adapters.in.web.controller.urlTagLink.UrlTagLinkControllerTest" time="0.236">
    <system-out><![CDATA[2026-06-06T12:41:12.472-03:00  INFO 91099 --- [demo] [           main] t.c.s.AnnotationConfigContextLoaderUtils : Could not detect default configuration classes for test class [com.write.api.adapters.in.web.controller.urlTagLink.UrlTagLinkControllerTest]: UrlTagLinkControllerTest does not declare any static, non-private, non-final, nested classes annotated with @Configuration.
2026-06-06T12:41:12.489-03:00  INFO 91099 --- [demo] [           main] .b.t.c.SpringBootTestContextBootstrapper : Found @SpringBootConfiguration com.write.api.DemoApplication for test class com.write.api.adapters.in.web.controller.urlTagLink.UrlTagLinkControllerTest
2026-06-06T12:41:12.491-03:00  INFO 91099 --- [demo] [           main] o.a.kafka.common.config.AbstractConfig   : ConsumerConfig values: 
	allow.auto.create.topics = true
	auto.commit.interval.ms = 5000
	auto.offset.reset = earliest
	bootstrap.servers = [localhost:9092]
	check.crcs = true
	client.dns.lookup = use_all_dns_ips
	client.id = consumer-url-shortener-dlq-100
	client.rack = 
	connections.max.idle.ms = 540000
	default.api.timeout.ms = 60000
	enable.auto.commit = false
	enable.metrics.push = true
	exclude.internal.topics = true
	fetch.max.bytes = 52428800
	fetch.max.wait.ms = 500
	fetch.min.bytes = 1
	group.id = url-shortener-dlq
	group.instance.id = null
	group.protocol = classic
	group.remote.assignor = null
	heartbeat.interval.ms = 3000
	interceptor.classes = []
	internal.leave.group.on.close = true
	internal.throw.on.fetch.stable.offset.unsupported = false
	isolation.level = read_uncommitted
	key.deserializer = class org.apache.kafka.common.serialization.StringDeserializer
	max.partition.fetch.bytes = 1048576
	max.poll.interval.ms = 300000
	max.poll.records = 500
	metadata.max.age.ms = 300000
	metadata.recovery.rebootstrap.trigger.ms = 300000
	metadata.recovery.strategy = rebootstrap
	metric.reporters = [org.apache.kafka.common.metrics.JmxReporter]
	metrics.num.samples = 2
	metrics.recording.level = INFO
	metrics.sample.window.ms = 30000
	partition.assignment.strategy = [class org.apache.kafka.clients.consumer.RangeAssignor, class org.apache.kafka.clients.consumer.CooperativeStickyAssignor]
	receive.buffer.bytes = 65536
	reconnect.backoff.max.ms = 1000
	reconnect.backoff.ms = 50
	request.timeout.ms = 30000
	retry.backoff.max.ms = 1000
	retry.backoff.ms = 100
	sasl.client.callback.handler.class = null
	sasl.jaas.config = null
	sasl.kerberos.kinit.cmd = /usr/bin/kinit
	sasl.kerberos.min.time.before.relogin = 60000
	sasl.kerberos.service.name = null
	sasl.kerberos.ticket.renew.jitter = 0.05
	sasl.kerberos.ticket.renew.window.factor = 0.8
	sasl.login.callback.handler.class = null
	sasl.login.class = null
	sasl.login.connect.timeout.ms = null
	sasl.login.read.timeout.ms = null
	sasl.login.refresh.buffer.seconds = 300
	sasl.login.refresh.min.period.seconds = 60
	sasl.login.refresh.window.factor = 0.8
	sasl.login.refresh.window.jitter = 0.05
	sasl.login.retry.backoff.max.ms = 10000
	sasl.login.retry.backoff.ms = 100
	sasl.mechanism = GSSAPI
	sasl.oauthbearer.assertion.algorithm = RS256
	sasl.oauthbearer.assertion.claim.aud = null
	sasl.oauthbearer.assertion.claim.exp.seconds = 300
	sasl.oauthbearer.assertion.claim.iss = null
	sasl.oauthbearer.assertion.claim.jti.include = false
	sasl.oauthbearer.assertion.claim.nbf.seconds = 60
	sasl.oauthbearer.assertion.claim.sub = null
	sasl.oauthbearer.assertion.file = null
	sasl.oauthbearer.assertion.private.key.file = null
	sasl.oauthbearer.assertion.private.key.passphrase = null
	sasl.oauthbearer.assertion.template.file = null
	sasl.oauthbearer.client.credentials.client.id = null
	sasl.oauthbearer.client.credentials.client.secret = null
	sasl.oauthbearer.clock.skew.seconds = 30
	sasl.oauthbearer.expected.audience = null
	sasl.oauthbearer.expected.issuer = null
	sasl.oauthbearer.header.urlencode = false
	sasl.oauthbearer.jwks.endpoint.refresh.ms = 3600000
	sasl.oauthbearer.jwks.endpoint.retry.backoff.max.ms = 10000
	sasl.oauthbearer.jwks.endpoint.retry.backoff.ms = 100
	sasl.oauthbearer.jwks.endpoint.url = null
	sasl.oauthbearer.jwt.retriever.class = class org.apache.kafka.common.security.oauthbearer.DefaultJwtRetriever
	sasl.oauthbearer.jwt.validator.class = class org.apache.kafka.common.security.oauthbearer.DefaultJwtValidator
	sasl.oauthbearer.scope = null
	sasl.oauthbearer.scope.claim.name = scope
	sasl.oauthbearer.sub.claim.name = sub
	sasl.oauthbearer.token.endpoint.url = null
	security.protocol = PLAINTEXT
	security.providers = null
	send.buffer.bytes = 131072
	session.timeout.ms = 45000
	share.acknowledgement.mode = implicit
	socket.connection.setup.timeout.max.ms = 30000
	socket.connection.setup.timeout.ms = 10000
	ssl.cipher.suites = null
	ssl.enabled.protocols = [TLSv1.2, TLSv1.3]
	ssl.endpoint.identification.algorithm = https
	ssl.engine.factory.class = null
	ssl.key.password = null
	ssl.keymanager.algorithm = SunX509
	ssl.keystore.certificate.chain = null
	ssl.keystore.key = null
	ssl.keystore.location = null
	ssl.keystore.password = null
	ssl.keystore.type = JKS
	ssl.protocol = TLSv1.3
	ssl.provider = null
	ssl.secure.random.implementation = null
	ssl.trustmanager.algorithm = PKIX
	ssl.truststore.certificates = null
	ssl.truststore.location = null
	ssl.truststore.password = null
	ssl.truststore.type = JKS
	value.deserializer = class org.apache.kafka.common.serialization.StringDeserializer

2026-06-06T12:41:12.491-03:00  INFO 91099 --- [demo] [           main] o.a.k.c.t.i.KafkaMetricsCollector        : initializing Kafka metrics collector
2026-06-06T12:41:12.493-03:00  INFO 91099 --- [demo] [           main] o.a.kafka.common.utils.AppInfoParser     : Kafka version: 4.1.1
2026-06-06T12:41:12.493-03:00  INFO 91099 --- [demo] [           main] o.a.kafka.common.utils.AppInfoParser     : Kafka commitId: be816b82d25370ce
2026-06-06T12:41:12.493-03:00  INFO 91099 --- [demo] [           main] o.a.kafka.common.utils.AppInfoParser     : Kafka startTimeMs: 1780760472493
2026-06-06T12:41:12.494-03:00  INFO 91099 --- [demo] [           main] o.a.k.c.c.i.ClassicKafkaConsumer         : [Consumer clientId=consumer-url-shortener-dlq-100, groupId=url-shortener-dlq] Subscribed to topic(s): user.deleted.dlq
2026-06-06T12:41:12.495-03:00  INFO 91099 --- [demo] [           main] o.a.kafka.common.config.AbstractConfig   : ConsumerConfig values: 
	allow.auto.create.topics = true
	auto.commit.interval.ms = 5000
	auto.offset.reset = earliest
	bootstrap.servers = [localhost:9092]
	check.crcs = true
	client.dns.lookup = use_all_dns_ips
	client.id = consumer-url-shortener-dlq-101
	client.rack = 
	connections.max.idle.ms = 540000
	default.api.timeout.ms = 60000
	enable.auto.commit = false
	enable.metrics.push = true
	exclude.internal.topics = true
	fetch.max.bytes = 52428800
	fetch.max.wait.ms = 500
	fetch.min.bytes = 1
	group.id = url-shortener-dlq
	group.instance.id = null
	group.protocol = classic
	group.remote.assignor = null
	heartbeat.interval.ms = 3000
	interceptor.classes = []
	internal.leave.group.on.close = true
	internal.throw.on.fetch.stable.offset.unsupported = false
	isolation.level = read_uncommitted
	key.deserializer = class org.apache.kafka.common.serialization.StringDeserializer
	max.partition.fetch.bytes = 1048576
	max.poll.interval.ms = 300000
	max.poll.records = 500
	metadata.max.age.ms = 300000
	metadata.recovery.rebootstrap.trigger.ms = 300000
	metadata.recovery.strategy = rebootstrap
	metric.reporters = [org.apache.kafka.common.metrics.JmxReporter]
	metrics.num.samples = 2
	metrics.recording.level = INFO
	metrics.sample.window.ms = 30000
	partition.assignment.strategy = [class org.apache.kafka.clients.consumer.RangeAssignor, class org.apache.kafka.clients.consumer.CooperativeStickyAssignor]
	receive.buffer.bytes = 65536
	reconnect.backoff.max.ms = 1000
	reconnect.backoff.ms = 50
	request.timeout.ms = 30000
	retry.backoff.max.ms = 1000
	retry.backoff.ms = 100
	sasl.client.callback.handler.class = null
	sasl.jaas.config = null
	sasl.kerberos.kinit.cmd = /usr/bin/kinit
	sasl.kerberos.min.time.before.relogin = 60000
	sasl.kerberos.service.name = null
	sasl.kerberos.ticket.renew.jitter = 0.05
	sasl.kerberos.ticket.renew.window.factor = 0.8
	sasl.login.callback.handler.class = null
	sasl.login.class = null
	sasl.login.connect.timeout.ms = null
	sasl.login.read.timeout.ms = null
	sasl.login.refresh.buffer.seconds = 300
	sasl.login.refresh.min.period.seconds = 60
	sasl.login.refresh.window.factor = 0.8
	sasl.login.refresh.window.jitter = 0.05
	sasl.login.retry.backoff.max.ms = 10000
	sasl.login.retry.backoff.ms = 100
	sasl.mechanism = GSSAPI
	sasl.oauthbearer.assertion.algorithm = RS256
	sasl.oauthbearer.assertion.claim.aud = null
	sasl.oauthbearer.assertion.claim.exp.seconds = 300
	sasl.oauthbearer.assertion.claim.iss = null
	sasl.oauthbearer.assertion.claim.jti.include = false
	sasl.oauthbearer.assertion.claim.nbf.seconds = 60
	sasl.oauthbearer.assertion.claim.sub = null
	sasl.oauthbearer.assertion.file = null
	sasl.oauthbearer.assertion.private.key.file = null
	sasl.oauthbearer.assertion.private.key.passphrase = null
	sasl.oauthbearer.assertion.template.file = null
	sasl.oauthbearer.client.credentials.client.id = null
	sasl.oauthbearer.client.credentials.client.secret = null
	sasl.oauthbearer.clock.skew.seconds = 30
	sasl.oauthbearer.expected.audience = null
	sasl.oauthbearer.expected.issuer = null
	sasl.oauthbearer.header.urlencode = false
	sasl.oauthbearer.jwks.endpoint.refresh.ms = 3600000
	sasl.oauthbearer.jwks.endpoint.retry.backoff.max.ms = 10000
	sasl.oauthbearer.jwks.endpoint.retry.backoff.ms = 100
	sasl.oauthbearer.jwks.endpoint.url = null
	sasl.oauthbearer.jwt.retriever.class = class org.apache.kafka.common.security.oauthbearer.DefaultJwtRetriever
	sasl.oauthbearer.jwt.validator.class = class org.apache.kafka.common.security.oauthbearer.DefaultJwtValidator
	sasl.oauthbearer.scope = null
	sasl.oauthbearer.scope.claim.name = scope
	sasl.oauthbearer.sub.claim.name = sub
	sasl.oauthbearer.token.endpoint.url = null
	security.protocol = PLAINTEXT
	security.providers = null
	send.buffer.bytes = 131072
	session.timeout.ms = 45000
	share.acknowledgement.mode = implicit
	socket.connection.setup.timeout.max.ms = 30000
	socket.connection.setup.timeout.ms = 10000
	ssl.cipher.suites = null
	ssl.enabled.protocols = [TLSv1.2, TLSv1.3]
	ssl.endpoint.identification.algorithm = https
	ssl.engine.factory.class = null
	ssl.key.password = null
	ssl.keymanager.algorithm = SunX509
	ssl.keystore.certificate.chain = null
	ssl.keystore.key = null
	ssl.keystore.location = null
	ssl.keystore.password = null
	ssl.keystore.type = JKS
	ssl.protocol = TLSv1.3
	ssl.provider = null
	ssl.secure.random.implementation = null
	ssl.trustmanager.algorithm = PKIX
	ssl.truststore.certificates = null
	ssl.truststore.location = null
	ssl.truststore.password = null
	ssl.truststore.type = JKS
	value.deserializer = class org.apache.kafka.common.serialization.StringDeserializer

2026-06-06T12:41:12.496-03:00  INFO 91099 --- [demo] [           main] o.a.k.c.t.i.KafkaMetricsCollector        : initializing Kafka metrics collector
2026-06-06T12:41:12.496-03:00  INFO 91099 --- [demo] [      kafka-100] org.apache.kafka.clients.Metadata        : [Consumer clientId=consumer-url-shortener-dlq-100, groupId=url-shortener-dlq] Cluster ID: redpanda.18cf06dc-a38c-4800-adbf-5345a5fc9456
2026-06-06T12:41:12.497-03:00  INFO 91099 --- [demo] [      kafka-100] o.a.k.c.c.internals.ConsumerCoordinator  : [Consumer clientId=consumer-url-shortener-dlq-100, groupId=url-shortener-dlq] Discovered group coordinator localhost:9092 (id: 2147483647 rack: null isFenced: false)
2026-06-06T12:41:12.497-03:00  INFO 91099 --- [demo] [      kafka-100] o.a.k.c.c.internals.ConsumerCoordinator  : [Consumer clientId=consumer-url-shortener-dlq-100, groupId=url-shortener-dlq] (Re-)joining group
2026-06-06T12:41:12.497-03:00  INFO 91099 --- [demo] [           main] o.a.kafka.common.utils.AppInfoParser     : Kafka version: 4.1.1
2026-06-06T12:41:12.497-03:00  INFO 91099 --- [demo] [           main] o.a.kafka.common.utils.AppInfoParser     : Kafka commitId: be816b82d25370ce
2026-06-06T12:41:12.497-03:00  INFO 91099 --- [demo] [           main] o.a.kafka.common.utils.AppInfoParser     : Kafka startTimeMs: 1780760472497
2026-06-06T12:41:12.498-03:00  INFO 91099 --- [demo] [      kafka-100] o.a.k.c.c.internals.ConsumerCoordinator  : [Consumer clientId=consumer-url-shortener-dlq-100, groupId=url-shortener-dlq] Request joining group due to: need to re-join with the given member-id: consumer-url-shortener-dlq-100-91cf420e-adcf-4d6d-b2b8-8d4ee25c32cf
2026-06-06T12:41:12.498-03:00  INFO 91099 --- [demo] [      kafka-100] o.a.k.c.c.internals.ConsumerCoordinator  : [Consumer clientId=consumer-url-shortener-dlq-100, groupId=url-shortener-dlq] (Re-)joining group
2026-06-06T12:41:12.498-03:00  INFO 91099 --- [demo] [           main] o.a.k.c.c.i.ClassicKafkaConsumer         : [Consumer clientId=consumer-url-shortener-dlq-101, groupId=url-shortener-dlq] Subscribed to topic(s): user.login_failed.dlq
2026-06-06T12:41:12.498-03:00  INFO 91099 --- [demo] [      kafka-100] o.a.k.c.c.internals.ConsumerCoordinator  : [Consumer clientId=consumer-url-shortener-dlq-100, groupId=url-shortener-dlq] Successfully joined group with generation Generation{generationId=84, memberId='consumer-url-shortener-dlq-100-91cf420e-adcf-4d6d-b2b8-8d4ee25c32cf', protocol='range'}
2026-06-06T12:41:12.499-03:00  INFO 91099 --- [demo] [      kafka-100] o.a.k.c.c.internals.ConsumerCoordinator  : [Consumer clientId=consumer-url-shortener-dlq-100, groupId=url-shortener-dlq] Finished assignment for group at generation 84: {consumer-url-shortener-dlq-100-91cf420e-adcf-4d6d-b2b8-8d4ee25c32cf=Assignment(partitions=[user.deleted.dlq-0, user.deleted.dlq-1, user.deleted.dlq-2])}
2026-06-06T12:41:12.499-03:00  INFO 91099 --- [demo] [           main] o.a.kafka.common.config.AbstractConfig   : ConsumerConfig values: 
	allow.auto.create.topics = true
	auto.commit.interval.ms = 5000
	auto.offset.reset = earliest
	bootstrap.servers = [localhost:9092]
	check.crcs = true
	client.dns.lookup = use_all_dns_ips
	client.id = consumer-url-shortener-dlq-102
	client.rack = 
	connections.max.idle.ms = 540000
	default.api.timeout.ms = 60000
	enable.auto.commit = false
	enable.metrics.push = true
	exclude.internal.topics = true
	fetch.max.bytes = 52428800
	fetch.max.wait.ms = 500
	fetch.min.bytes = 1
	group.id = url-shortener-dlq
	group.instance.id = null
	group.protocol = classic
	group.remote.assignor = null
	heartbeat.interval.ms = 3000
	interceptor.classes = []
	internal.leave.group.on.close = true
	internal.throw.on.fetch.stable.offset.unsupported = false
	isolation.level = read_uncommitted
	key.deserializer = class org.apache.kafka.common.serialization.StringDeserializer
	max.partition.fetch.bytes = 1048576
	max.poll.interval.ms = 300000
	max.poll.records = 500
	metadata.max.age.ms = 300000
	metadata.recovery.rebootstrap.trigger.ms = 300000
	metadata.recovery.strategy = rebootstrap
	metric.reporters = [org.apache.kafka.common.metrics.JmxReporter]
	metrics.num.samples = 2
	metrics.recording.level = INFO
	metrics.sample.window.ms = 30000
	partition.assignment.strategy = [class org.apache.kafka.clients.consumer.RangeAssignor, class org.apache.kafka.clients.consumer.CooperativeStickyAssignor]
	receive.buffer.bytes = 65536
	reconnect.backoff.max.ms = 1000
	reconnect.backoff.ms = 50
	request.timeout.ms = 30000
	retry.backoff.max.ms = 1000
	retry.backoff.ms = 100
	sasl.client.callback.handler.class = null
	sasl.jaas.config = null
	sasl.kerberos.kinit.cmd = /usr/bin/kinit
	sasl.kerberos.min.time.before.relogin = 60000
	sasl.kerberos.service.name = null
	sasl.kerberos.ticket.renew.jitter = 0.05
	sasl.kerberos.ticket.renew.window.factor = 0.8
	sasl.login.callback.handler.class = null
	sasl.login.class = null
	sasl.login.connect.timeout.ms = null
	sasl.login.read.timeout.ms = null
	sasl.login.refresh.buffer.seconds = 300
	sasl.login.refresh.min.period.seconds = 60
	sasl.login.refresh.window.factor = 0.8
	sasl.login.refresh.window.jitter = 0.05
	sasl.login.retry.backoff.max.ms = 10000
	sasl.login.retry.backoff.ms = 100
	sasl.mechanism = GSSAPI
	sasl.oauthbearer.assertion.algorithm = RS256
	sasl.oauthbearer.assertion.claim.aud = null
	sasl.oauthbearer.assertion.claim.exp.seconds = 300
	sasl.oauthbearer.assertion.claim.iss = null
	sasl.oauthbearer.assertion.claim.jti.include = false
	sasl.oauthbearer.assertion.claim.nbf.seconds = 60
	sasl.oauthbearer.assertion.claim.sub = null
	sasl.oauthbearer.assertion.file = null
	sasl.oauthbearer.assertion.private.key.file = null
	sasl.oauthbearer.assertion.private.key.passphrase = null
	sasl.oauthbearer.assertion.template.file = null
	sasl.oauthbearer.client.credentials.client.id = null
	sasl.oauthbearer.client.credentials.client.secret = null
	sasl.oauthbearer.clock.skew.seconds = 30
	sasl.oauthbearer.expected.audience = null
	sasl.oauthbearer.expected.issuer = null
	sasl.oauthbearer.header.urlencode = false
	sasl.oauthbearer.jwks.endpoint.refresh.ms = 3600000
	sasl.oauthbearer.jwks.endpoint.retry.backoff.max.ms = 10000
	sasl.oauthbearer.jwks.endpoint.retry.backoff.ms = 100
	sasl.oauthbearer.jwks.endpoint.url = null
	sasl.oauthbearer.jwt.retriever.class = class org.apache.kafka.common.security.oauthbearer.DefaultJwtRetriever
	sasl.oauthbearer.jwt.validator.class = class org.apache.kafka.common.security.oauthbearer.DefaultJwtValidator
	sasl.oauthbearer.scope = null
	sasl.oauthbearer.scope.claim.name = scope
	sasl.oauthbearer.sub.claim.name = sub
	sasl.oauthbearer.token.endpoint.url = null
	security.protocol = PLAINTEXT
	security.providers = null
	send.buffer.bytes = 131072
	session.timeout.ms = 45000
	share.acknowledgement.mode = implicit
	socket.connection.setup.timeout.max.ms = 30000
	socket.connection.setup.timeout.ms = 10000
	ssl.cipher.suites = null
	ssl.enabled.protocols = [TLSv1.2, TLSv1.3]
	ssl.endpoint.identification.algorithm = https
	ssl.engine.factory.class = null
	ssl.key.password = null
	ssl.keymanager.algorithm = SunX509
	ssl.keystore.certificate.chain = null
	ssl.keystore.key = null
	ssl.keystore.location = null
	ssl.keystore.password = null
	ssl.keystore.type = JKS
	ssl.protocol = TLSv1.3
	ssl.provider = null
	ssl.secure.random.implementation = null
	ssl.trustmanager.algorithm = PKIX
	ssl.truststore.certificates = null
	ssl.truststore.location = null
	ssl.truststore.password = null
	ssl.truststore.type = JKS
	value.deserializer = class org.apache.kafka.common.serialization.StringDeserializer

2026-06-06T12:41:12.499-03:00  INFO 91099 --- [demo] [           main] o.a.k.c.t.i.KafkaMetricsCollector        : initializing Kafka metrics collector
2026-06-06T12:41:12.499-03:00  INFO 91099 --- [demo] [      kafka-100] o.a.k.c.c.internals.ConsumerCoordinator  : [Consumer clientId=consumer-url-shortener-dlq-100, groupId=url-shortener-dlq] Successfully synced group in generation Generation{generationId=84, memberId='consumer-url-shortener-dlq-100-91cf420e-adcf-4d6d-b2b8-8d4ee25c32cf', protocol='range'}
2026-06-06T12:41:12.500-03:00  INFO 91099 --- [demo] [      kafka-100] o.a.k.c.c.internals.ConsumerCoordinator  : [Consumer clientId=consumer-url-shortener-dlq-100, groupId=url-shortener-dlq] Notifying assignor about the new Assignment(partitions=[user.deleted.dlq-0, user.deleted.dlq-1, user.deleted.dlq-2])
2026-06-06T12:41:12.500-03:00  INFO 91099 --- [demo] [      kafka-100] k.c.c.i.ConsumerRebalanceListenerInvoker : [Consumer clientId=consumer-url-shortener-dlq-100, groupId=url-shortener-dlq] Adding newly assigned partitions: [user.deleted.dlq-0, user.deleted.dlq-1, user.deleted.dlq-2]
2026-06-06T12:41:12.500-03:00  INFO 91099 --- [demo] [      kafka-101] org.apache.kafka.clients.Metadata        : [Consumer clientId=consumer-url-shortener-dlq-101, groupId=url-shortener-dlq] Cluster ID: redpanda.18cf06dc-a38c-4800-adbf-5345a5fc9456
2026-06-06T12:41:12.500-03:00  INFO 91099 --- [demo] [      kafka-100] o.a.k.c.c.internals.ConsumerCoordinator  : [Consumer clientId=consumer-url-shortener-dlq-100, groupId=url-shortener-dlq] Found no committed offset for partition user.deleted.dlq-1
2026-06-06T12:41:12.500-03:00  INFO 91099 --- [demo] [      kafka-100] o.a.k.c.c.internals.ConsumerCoordinator  : [Consumer clientId=consumer-url-shortener-dlq-100, groupId=url-shortener-dlq] Found no committed offset for partition user.deleted.dlq-2
2026-06-06T12:41:12.500-03:00  INFO 91099 --- [demo] [      kafka-100] o.a.k.c.c.internals.ConsumerCoordinator  : [Consumer clientId=consumer-url-shortener-dlq-100, groupId=url-shortener-dlq] Found no committed offset for partition user.deleted.dlq-0
2026-06-06T12:41:12.500-03:00  INFO 91099 --- [demo] [      kafka-101] o.a.k.c.c.internals.ConsumerCoordinator  : [Consumer clientId=consumer-url-shortener-dlq-101, groupId=url-shortener-dlq] Discovered group coordinator localhost:9092 (id: 2147483647 rack: null isFenced: false)
2026-06-06T12:41:12.500-03:00  INFO 91099 --- [demo] [      kafka-101] o.a.k.c.c.internals.ConsumerCoordinator  : [Consumer clientId=consumer-url-shortener-dlq-101, groupId=url-shortener-dlq] (Re-)joining group
2026-06-06T12:41:12.501-03:00  INFO 91099 --- [demo] [           main] o.a.kafka.common.utils.AppInfoParser     : Kafka version: 4.1.1
2026-06-06T12:41:12.501-03:00  INFO 91099 --- [demo] [           main] o.a.kafka.common.utils.AppInfoParser     : Kafka commitId: be816b82d25370ce
2026-06-06T12:41:12.501-03:00  INFO 91099 --- [demo] [           main] o.a.kafka.common.utils.AppInfoParser     : Kafka startTimeMs: 1780760472501
2026-06-06T12:41:12.502-03:00  INFO 91099 --- [demo] [      kafka-101] o.a.k.c.c.internals.ConsumerCoordinator  : [Consumer clientId=consumer-url-shortener-dlq-101, groupId=url-shortener-dlq] Request joining group due to: need to re-join with the given member-id: consumer-url-shortener-dlq-101-40f154ee-28db-43ad-87f5-7f1937b7270a
2026-06-06T12:41:12.502-03:00  INFO 91099 --- [demo] [      kafka-101] o.a.k.c.c.internals.ConsumerCoordinator  : [Consumer clientId=consumer-url-shortener-dlq-101, groupId=url-shortener-dlq] (Re-)joining group
2026-06-06T12:41:12.502-03:00  INFO 91099 --- [demo] [      kafka-100] o.a.k.c.c.internals.SubscriptionState    : [Consumer clientId=consumer-url-shortener-dlq-100, groupId=url-shortener-dlq] Resetting offset for partition user.deleted.dlq-1 to position FetchPosition{offset=0, offsetEpoch=Optional.empty, currentLeader=LeaderAndEpoch{leader=Optional[localhost:9092 (id: 0 rack: null isFenced: false)], epoch=absent}}.
2026-06-06T12:41:12.502-03:00  INFO 91099 --- [demo] [      kafka-100] o.a.k.c.c.internals.SubscriptionState    : [Consumer clientId=consumer-url-shortener-dlq-100, groupId=url-shortener-dlq] Resetting offset for partition user.deleted.dlq-2 to position FetchPosition{offset=0, offsetEpoch=Optional.empty, currentLeader=LeaderAndEpoch{leader=Optional[localhost:9092 (id: 0 rack: null isFenced: false)], epoch=absent}}.
2026-06-06T12:41:12.502-03:00  INFO 91099 --- [demo] [      kafka-100] o.a.k.c.c.internals.SubscriptionState    : [Consumer clientId=consumer-url-shortener-dlq-100, groupId=url-shortener-dlq] Resetting offset for partition user.deleted.dlq-0 to position FetchPosition{offset=0, offsetEpoch=Optional.empty, currentLeader=LeaderAndEpoch{leader=Optional[localhost:9092 (id: 0 rack: null isFenced: false)], epoch=absent}}.
2026-06-06T12:41:12.502-03:00  INFO 91099 --- [demo] [      kafka-100] o.s.k.l.KafkaMessageListenerContainer    : url-shortener-dlq: partitions assigned: [user.deleted.dlq-0, user.deleted.dlq-1, user.deleted.dlq-2]
2026-06-06T12:41:12.503-03:00  INFO 91099 --- [demo] [           main] o.a.k.c.c.i.ClassicKafkaConsumer         : [Consumer clientId=consumer-url-shortener-dlq-102, groupId=url-shortener-dlq] Subscribed to topic(s): user.login_success.dlq
2026-06-06T12:41:12.504-03:00  INFO 91099 --- [demo] [           main] o.a.kafka.common.config.AbstractConfig   : ConsumerConfig values: 
	allow.auto.create.topics = true
	auto.commit.interval.ms = 5000
	auto.offset.reset = earliest
	bootstrap.servers = [localhost:9092]
	check.crcs = true
	client.dns.lookup = use_all_dns_ips
	client.id = consumer-url-shortener-dlq-103
	client.rack = 
	connections.max.idle.ms = 540000
	default.api.timeout.ms = 60000
	enable.auto.commit = false
	enable.metrics.push = true
	exclude.internal.topics = true
	fetch.max.bytes = 52428800
	fetch.max.wait.ms = 500
	fetch.min.bytes = 1
	group.id = url-shortener-dlq
	group.instance.id = null
	group.protocol = classic
	group.remote.assignor = null
	heartbeat.interval.ms = 3000
	interceptor.classes = []
	internal.leave.group.on.close = true
	internal.throw.on.fetch.stable.offset.unsupported = false
	isolation.level = read_uncommitted
	key.deserializer = class org.apache.kafka.common.serialization.StringDeserializer
	max.partition.fetch.bytes = 1048576
	max.poll.interval.ms = 300000
	max.poll.records = 500
	metadata.max.age.ms = 300000
	metadata.recovery.rebootstrap.trigger.ms = 300000
	metadata.recovery.strategy = rebootstrap
	metric.reporters = [org.apache.kafka.common.metrics.JmxReporter]
	metrics.num.samples = 2
	metrics.recording.level = INFO
	metrics.sample.window.ms = 30000
	partition.assignment.strategy = [class org.apache.kafka.clients.consumer.RangeAssignor, class org.apache.kafka.clients.consumer.CooperativeStickyAssignor]
	receive.buffer.bytes = 65536
	reconnect.backoff.max.ms = 1000
	reconnect.backoff.ms = 50
	request.timeout.ms = 30000
	retry.backoff.max.ms = 1000
	retry.backoff.ms = 100
	sasl.client.callback.handler.class = null
	sasl.jaas.config = null
	sasl.kerberos.kinit.cmd = /usr/bin/kinit
	sasl.kerberos.min.time.before.relogin = 60000
	sasl.kerberos.service.name = null
	sasl.kerberos.ticket.renew.jitter = 0.05
	sasl.kerberos.ticket.renew.window.factor = 0.8
	sasl.login.callback.handler.class = null
	sasl.login.class = null
	sasl.login.connect.timeout.ms = null
	sasl.login.read.timeout.ms = null
	sasl.login.refresh.buffer.seconds = 300
	sasl.login.refresh.min.period.seconds = 60
	sasl.login.refresh.window.factor = 0.8
	sasl.login.refresh.window.jitter = 0.05
	sasl.login.retry.backoff.max.ms = 10000
	sasl.login.retry.backoff.ms = 100
	sasl.mechanism = GSSAPI
	sasl.oauthbearer.assertion.algorithm = RS256
	sasl.oauthbearer.assertion.claim.aud = null
	sasl.oauthbearer.assertion.claim.exp.seconds = 300
	sasl.oauthbearer.assertion.claim.iss = null
	sasl.oauthbearer.assertion.claim.jti.include = false
	sasl.oauthbearer.assertion.claim.nbf.seconds = 60
	sasl.oauthbearer.assertion.claim.sub = null
	sasl.oauthbearer.assertion.file = null
	sasl.oauthbearer.assertion.private.key.file = null
	sasl.oauthbearer.assertion.private.key.passphrase = null
	sasl.oauthbearer.assertion.template.file = null
	sasl.oauthbearer.client.credentials.client.id = null
	sasl.oauthbearer.client.credentials.client.secret = null
	sasl.oauthbearer.clock.skew.seconds = 30
	sasl.oauthbearer.expected.audience = null
	sasl.oauthbearer.expected.issuer = null
	sasl.oauthbearer.header.urlencode = false
	sasl.oauthbearer.jwks.endpoint.refresh.ms = 3600000
	sasl.oauthbearer.jwks.endpoint.retry.backoff.max.ms = 10000
	sasl.oauthbearer.jwks.endpoint.retry.backoff.ms = 100
	sasl.oauthbearer.jwks.endpoint.url = null
	sasl.oauthbearer.jwt.retriever.class = class org.apache.kafka.common.security.oauthbearer.DefaultJwtRetriever
	sasl.oauthbearer.jwt.validator.class = class org.apache.kafka.common.security.oauthbearer.DefaultJwtValidator
	sasl.oauthbearer.scope = null
	sasl.oauthbearer.scope.claim.name = scope
	sasl.oauthbearer.sub.claim.name = sub
	sasl.oauthbearer.token.endpoint.url = null
	security.protocol = PLAINTEXT
	security.providers = null
	send.buffer.bytes = 131072
	session.timeout.ms = 45000
	share.acknowledgement.mode = implicit
	socket.connection.setup.timeout.max.ms = 30000
	socket.connection.setup.timeout.ms = 10000
	ssl.cipher.suites = null
	ssl.enabled.protocols = [TLSv1.2, TLSv1.3]
	ssl.endpoint.identification.algorithm = https
	ssl.engine.factory.class = null
	ssl.key.password = null
	ssl.keymanager.algorithm = SunX509
	ssl.keystore.certificate.chain = null
	ssl.keystore.key = null
	ssl.keystore.location = null
	ssl.keystore.password = null
	ssl.keystore.type = JKS
	ssl.protocol = TLSv1.3
	ssl.provider = null
	ssl.secure.random.implementation = null
	ssl.trustmanager.algorithm = PKIX
	ssl.truststore.certificates = null
	ssl.truststore.location = null
	ssl.truststore.password = null
	ssl.truststore.type = JKS
	value.deserializer = class org.apache.kafka.common.serialization.StringDeserializer

2026-06-06T12:41:12.504-03:00  INFO 91099 --- [demo] [           main] o.a.k.c.t.i.KafkaMetricsCollector        : initializing Kafka metrics collector
2026-06-06T12:41:12.504-03:00  INFO 91099 --- [demo] [      kafka-102] org.apache.kafka.clients.Metadata        : [Consumer clientId=consumer-url-shortener-dlq-102, groupId=url-shortener-dlq] Cluster ID: redpanda.18cf06dc-a38c-4800-adbf-5345a5fc9456
2026-06-06T12:41:12.505-03:00  INFO 91099 --- [demo] [      kafka-102] o.a.k.c.c.internals.ConsumerCoordinator  : [Consumer clientId=consumer-url-shortener-dlq-102, groupId=url-shortener-dlq] Discovered group coordinator localhost:9092 (id: 2147483647 rack: null isFenced: false)
2026-06-06T12:41:12.505-03:00  INFO 91099 --- [demo] [      kafka-102] o.a.k.c.c.internals.ConsumerCoordinator  : [Consumer clientId=consumer-url-shortener-dlq-102, groupId=url-shortener-dlq] (Re-)joining group
2026-06-06T12:41:12.506-03:00  INFO 91099 --- [demo] [           main] o.a.kafka.common.utils.AppInfoParser     : Kafka version: 4.1.1
2026-06-06T12:41:12.506-03:00  INFO 91099 --- [demo] [           main] o.a.kafka.common.utils.AppInfoParser     : Kafka commitId: be816b82d25370ce
2026-06-06T12:41:12.506-03:00  INFO 91099 --- [demo] [           main] o.a.kafka.common.utils.AppInfoParser     : Kafka startTimeMs: 1780760472506
2026-06-06T12:41:12.508-03:00  INFO 91099 --- [demo] [           main] o.a.k.c.c.i.ClassicKafkaConsumer         : [Consumer clientId=consumer-url-shortener-dlq-103, groupId=url-shortener-dlq] Subscribed to topic(s): url.updated.dlq
2026-06-06T12:41:12.508-03:00  INFO 91099 --- [demo] [      kafka-102] o.a.k.c.c.internals.ConsumerCoordinator  : [Consumer clientId=consumer-url-shortener-dlq-102, groupId=url-shortener-dlq] Request joining group due to: need to re-join with the given member-id: consumer-url-shortener-dlq-102-bc97788b-b91f-40ae-8a93-de220077e0cf
2026-06-06T12:41:12.508-03:00  INFO 91099 --- [demo] [      kafka-102] o.a.k.c.c.internals.ConsumerCoordinator  : [Consumer clientId=consumer-url-shortener-dlq-102, groupId=url-shortener-dlq] (Re-)joining group
2026-06-06T12:41:12.509-03:00  INFO 91099 --- [demo] [           main] o.a.kafka.common.config.AbstractConfig   : ConsumerConfig values: 
	allow.auto.create.topics = true
	auto.commit.interval.ms = 5000
	auto.offset.reset = earliest
	bootstrap.servers = [localhost:9092]
	check.crcs = true
	client.dns.lookup = use_all_dns_ips
	client.id = consumer-url-shortener-dlq-104
	client.rack = 
	connections.max.idle.ms = 540000
	default.api.timeout.ms = 60000
	enable.auto.commit = false
	enable.metrics.push = true
	exclude.internal.topics = true
	fetch.max.bytes = 52428800
	fetch.max.wait.ms = 500
	fetch.min.bytes = 1
	group.id = url-shortener-dlq
	group.instance.id = null
	group.protocol = classic
	group.remote.assignor = null
	heartbeat.interval.ms = 3000
	interceptor.classes = []
	internal.leave.group.on.close = true
	internal.throw.on.fetch.stable.offset.unsupported = false
	isolation.level = read_uncommitted
	key.deserializer = class org.apache.kafka.common.serialization.StringDeserializer
	max.partition.fetch.bytes = 1048576
	max.poll.interval.ms = 300000
	max.poll.records = 500
	metadata.max.age.ms = 300000
	metadata.recovery.rebootstrap.trigger.ms = 300000
	metadata.recovery.strategy = rebootstrap
	metric.reporters = [org.apache.kafka.common.metrics.JmxReporter]
	metrics.num.samples = 2
	metrics.recording.level = INFO
	metrics.sample.window.ms = 30000
	partition.assignment.strategy = [class org.apache.kafka.clients.consumer.RangeAssignor, class org.apache.kafka.clients.consumer.CooperativeStickyAssignor]
	receive.buffer.bytes = 65536
	reconnect.backoff.max.ms = 1000
	reconnect.backoff.ms = 50
	request.timeout.ms = 30000
	retry.backoff.max.ms = 1000
	retry.backoff.ms = 100
	sasl.client.callback.handler.class = null
	sasl.jaas.config = null
	sasl.kerberos.kinit.cmd = /usr/bin/kinit
	sasl.kerberos.min.time.before.relogin = 60000
	sasl.kerberos.service.name = null
	sasl.kerberos.ticket.renew.jitter = 0.05
	sasl.kerberos.ticket.renew.window.factor = 0.8
	sasl.login.callback.handler.class = null
	sasl.login.class = null
	sasl.login.connect.timeout.ms = null
	sasl.login.read.timeout.ms = null
	sasl.login.refresh.buffer.seconds = 300
	sasl.login.refresh.min.period.seconds = 60
	sasl.login.refresh.window.factor = 0.8
	sasl.login.refresh.window.jitter = 0.05
	sasl.login.retry.backoff.max.ms = 10000
	sasl.login.retry.backoff.ms = 100
	sasl.mechanism = GSSAPI
	sasl.oauthbearer.assertion.algorithm = RS256
	sasl.oauthbearer.assertion.claim.aud = null
	sasl.oauthbearer.assertion.claim.exp.seconds = 300
	sasl.oauthbearer.assertion.claim.iss = null
	sasl.oauthbearer.assertion.claim.jti.include = false
	sasl.oauthbearer.assertion.claim.nbf.seconds = 60
	sasl.oauthbearer.assertion.claim.sub = null
	sasl.oauthbearer.assertion.file = null
	sasl.oauthbearer.assertion.private.key.file = null
	sasl.oauthbearer.assertion.private.key.passphrase = null
	sasl.oauthbearer.assertion.template.file = null
	sasl.oauthbearer.client.credentials.client.id = null
	sasl.oauthbearer.client.credentials.client.secret = null
	sasl.oauthbearer.clock.skew.seconds = 30
	sasl.oauthbearer.expected.audience = null
	sasl.oauthbearer.expected.issuer = null
	sasl.oauthbearer.header.urlencode = false
	sasl.oauthbearer.jwks.endpoint.refresh.ms = 3600000
	sasl.oauthbearer.jwks.endpoint.retry.backoff.max.ms = 10000
	sasl.oauthbearer.jwks.endpoint.retry.backoff.ms = 100
	sasl.oauthbearer.jwks.endpoint.url = null
	sasl.oauthbearer.jwt.retriever.class = class org.apache.kafka.common.security.oauthbearer.DefaultJwtRetriever
	sasl.oauthbearer.jwt.validator.class = class org.apache.kafka.common.security.oauthbearer.DefaultJwtValidator
	sasl.oauthbearer.scope = null
	sasl.oauthbearer.scope.claim.name = scope
	sasl.oauthbearer.sub.claim.name = sub
	sasl.oauthbearer.token.endpoint.url = null
	security.protocol = PLAINTEXT
	security.providers = null
	send.buffer.bytes = 131072
	session.timeout.ms = 45000
	share.acknowledgement.mode = implicit
	socket.connection.setup.timeout.max.ms = 30000
	socket.connection.setup.timeout.ms = 10000
	ssl.cipher.suites = null
	ssl.enabled.protocols = [TLSv1.2, TLSv1.3]
	ssl.endpoint.identification.algorithm = https
	ssl.engine.factory.class = null
	ssl.key.password = null
	ssl.keymanager.algorithm = SunX509
	ssl.keystore.certificate.chain = null
	ssl.keystore.key = null
	ssl.keystore.location = null
	ssl.keystore.password = null
	ssl.keystore.type = JKS
	ssl.protocol = TLSv1.3
	ssl.provider = null
	ssl.secure.random.implementation = null
	ssl.trustmanager.algorithm = PKIX
	ssl.truststore.certificates = null
	ssl.truststore.location = null
	ssl.truststore.password = null
	ssl.truststore.type = JKS
	value.deserializer = class org.apache.kafka.common.serialization.StringDeserializer

2026-06-06T12:41:12.509-03:00  INFO 91099 --- [demo] [           main] o.a.k.c.t.i.KafkaMetricsCollector        : initializing Kafka metrics collector
2026-06-06T12:41:12.509-03:00  INFO 91099 --- [demo] [      kafka-103] org.apache.kafka.clients.Metadata        : [Consumer clientId=consumer-url-shortener-dlq-103, groupId=url-shortener-dlq] Cluster ID: redpanda.18cf06dc-a38c-4800-adbf-5345a5fc9456
2026-06-06T12:41:12.510-03:00  INFO 91099 --- [demo] [      kafka-103] o.a.k.c.c.internals.ConsumerCoordinator  : [Consumer clientId=consumer-url-shortener-dlq-103, groupId=url-shortener-dlq] Discovered group coordinator localhost:9092 (id: 2147483647 rack: null isFenced: false)
2026-06-06T12:41:12.510-03:00  INFO 91099 --- [demo] [      kafka-103] o.a.k.c.c.internals.ConsumerCoordinator  : [Consumer clientId=consumer-url-shortener-dlq-103, groupId=url-shortener-dlq] (Re-)joining group
2026-06-06T12:41:12.510-03:00  INFO 91099 --- [demo] [           main] o.a.kafka.common.utils.AppInfoParser     : Kafka version: 4.1.1
2026-06-06T12:41:12.510-03:00  INFO 91099 --- [demo] [           main] o.a.kafka.common.utils.AppInfoParser     : Kafka commitId: be816b82d25370ce
2026-06-06T12:41:12.510-03:00  INFO 91099 --- [demo] [           main] o.a.kafka.common.utils.AppInfoParser     : Kafka startTimeMs: 1780760472510
2026-06-06T12:41:12.512-03:00  INFO 91099 --- [demo] [           main] o.a.k.c.c.i.ClassicKafkaConsumer         : [Consumer clientId=consumer-url-shortener-dlq-104, groupId=url-shortener-dlq] Subscribed to topic(s): url.access.rule.created.dlq
2026-06-06T12:41:12.512-03:00  INFO 91099 --- [demo] [           main] o.a.kafka.common.config.AbstractConfig   : ConsumerConfig values: 
	allow.auto.create.topics = true
	auto.commit.interval.ms = 5000
	auto.offset.reset = earliest
	bootstrap.servers = [localhost:9092]
	check.crcs = true
	client.dns.lookup = use_all_dns_ips
	client.id = consumer-url-shortener-dlq-105
	client.rack = 
	connections.max.idle.ms = 540000
	default.api.timeout.ms = 60000
	enable.auto.commit = false
	enable.metrics.push = true
	exclude.internal.topics = true
	fetch.max.bytes = 52428800
	fetch.max.wait.ms = 500
	fetch.min.bytes = 1
	group.id = url-shortener-dlq
	group.instance.id = null
	group.protocol = classic
	group.remote.assignor = null
	heartbeat.interval.ms = 3000
	interceptor.classes = []
	internal.leave.group.on.close = true
	internal.throw.on.fetch.stable.offset.unsupported = false
	isolation.level = read_uncommitted
	key.deserializer = class org.apache.kafka.common.serialization.StringDeserializer
	max.partition.fetch.bytes = 1048576
	max.poll.interval.ms = 300000
	max.poll.records = 500
	metadata.max.age.ms = 300000
	metadata.recovery.rebootstrap.trigger.ms = 300000
	metadata.recovery.strategy = rebootstrap
	metric.reporters = [org.apache.kafka.common.metrics.JmxReporter]
	metrics.num.samples = 2
	metrics.recording.level = INFO
	metrics.sample.window.ms = 30000
	partition.assignment.strategy = [class org.apache.kafka.clients.consumer.RangeAssignor, class org.apache.kafka.clients.consumer.CooperativeStickyAssignor]
	receive.buffer.bytes = 65536
	reconnect.backoff.max.ms = 1000
	reconnect.backoff.ms = 50
	request.timeout.ms = 30000
	retry.backoff.max.ms = 1000
	retry.backoff.ms = 100
	sasl.client.callback.handler.class = null
	sasl.jaas.config = null
	sasl.kerberos.kinit.cmd = /usr/bin/kinit
	sasl.kerberos.min.time.before.relogin = 60000
	sasl.kerberos.service.name = null
	sasl.kerberos.ticket.renew.jitter = 0.05
	sasl.kerberos.ticket.renew.window.factor = 0.8
	sasl.login.callback.handler.class = null
	sasl.login.class = null
	sasl.login.connect.timeout.ms = null
	sasl.login.read.timeout.ms = null
	sasl.login.refresh.buffer.seconds = 300
	sasl.login.refresh.min.period.seconds = 60
	sasl.login.refresh.window.factor = 0.8
	sasl.login.refresh.window.jitter = 0.05
	sasl.login.retry.backoff.max.ms = 10000
	sasl.login.retry.backoff.ms = 100
	sasl.mechanism = GSSAPI
	sasl.oauthbearer.assertion.algorithm = RS256
	sasl.oauthbearer.assertion.claim.aud = null
	sasl.oauthbearer.assertion.claim.exp.seconds = 300
	sasl.oauthbearer.assertion.claim.iss = null
	sasl.oauthbearer.assertion.claim.jti.include = false
	sasl.oauthbearer.assertion.claim.nbf.seconds = 60
	sasl.oauthbearer.assertion.claim.sub = null
	sasl.oauthbearer.assertion.file = null
	sasl.oauthbearer.assertion.private.key.file = null
	sasl.oauthbearer.assertion.private.key.passphrase = null
	sasl.oauthbearer.assertion.template.file = null
	sasl.oauthbearer.client.credentials.client.id = null
	sasl.oauthbearer.client.credentials.client.secret = null
	sasl.oauthbearer.clock.skew.seconds = 30
	sasl.oauthbearer.expected.audience = null
	sasl.oauthbearer.expected.issuer = null
	sasl.oauthbearer.header.urlencode = false
	sasl.oauthbearer.jwks.endpoint.refresh.ms = 3600000
	sasl.oauthbearer.jwks.endpoint.retry.backoff.max.ms = 10000
	sasl.oauthbearer.jwks.endpoint.retry.backoff.ms = 100
	sasl.oauthbearer.jwks.endpoint.url = null
	sasl.oauthbearer.jwt.retriever.class = class org.apache.kafka.common.security.oauthbearer.DefaultJwtRetriever
	sasl.oauthbearer.jwt.validator.class = class org.apache.kafka.common.security.oauthbearer.DefaultJwtValidator
	sasl.oauthbearer.scope = null
	sasl.oauthbearer.scope.claim.name = scope
	sasl.oauthbearer.sub.claim.name = sub
	sasl.oauthbearer.token.endpoint.url = null
	security.protocol = PLAINTEXT
	security.providers = null
	send.buffer.bytes = 131072
	session.timeout.ms = 45000
	share.acknowledgement.mode = implicit
	socket.connection.setup.timeout.max.ms = 30000
	socket.connection.setup.timeout.ms = 10000
	ssl.cipher.suites = null
	ssl.enabled.protocols = [TLSv1.2, TLSv1.3]
	ssl.endpoint.identification.algorithm = https
	ssl.engine.factory.class = null
	ssl.key.password = null
	ssl.keymanager.algorithm = SunX509
	ssl.keystore.certificate.chain = null
	ssl.keystore.key = null
	ssl.keystore.location = null
	ssl.keystore.password = null
	ssl.keystore.type = JKS
	ssl.protocol = TLSv1.3
	ssl.provider = null
	ssl.secure.random.implementation = null
	ssl.trustmanager.algorithm = PKIX
	ssl.truststore.certificates = null
	ssl.truststore.location = null
	ssl.truststore.password = null
	ssl.truststore.type = JKS
	value.deserializer = class org.apache.kafka.common.serialization.StringDeserializer

2026-06-06T12:41:12.513-03:00  INFO 91099 --- [demo] [           main] o.a.k.c.t.i.KafkaMetricsCollector        : initializing Kafka metrics collector
2026-06-06T12:41:12.513-03:00  INFO 91099 --- [demo] [      kafka-103] o.a.k.c.c.internals.ConsumerCoordinator  : [Consumer clientId=consumer-url-shortener-dlq-103, groupId=url-shortener-dlq] Request joining group due to: need to re-join with the given member-id: consumer-url-shortener-dlq-103-f00007e4-5685-47d4-bc35-d1c64241c2e6
2026-06-06T12:41:12.513-03:00  INFO 91099 --- [demo] [      kafka-103] o.a.k.c.c.internals.ConsumerCoordinator  : [Consumer clientId=consumer-url-shortener-dlq-103, groupId=url-shortener-dlq] (Re-)joining group
2026-06-06T12:41:12.513-03:00  INFO 91099 --- [demo] [      kafka-104] org.apache.kafka.clients.Metadata        : [Consumer clientId=consumer-url-shortener-dlq-104, groupId=url-shortener-dlq] Cluster ID: redpanda.18cf06dc-a38c-4800-adbf-5345a5fc9456
2026-06-06T12:41:12.513-03:00  INFO 91099 --- [demo] [      kafka-104] o.a.k.c.c.internals.ConsumerCoordinator  : [Consumer clientId=consumer-url-shortener-dlq-104, groupId=url-shortener-dlq] Discovered group coordinator localhost:9092 (id: 2147483647 rack: null isFenced: false)
2026-06-06T12:41:12.514-03:00  INFO 91099 --- [demo] [      kafka-104] o.a.k.c.c.internals.ConsumerCoordinator  : [Consumer clientId=consumer-url-shortener-dlq-104, groupId=url-shortener-dlq] (Re-)joining group
2026-06-06T12:41:12.514-03:00  INFO 91099 --- [demo] [           main] o.a.kafka.common.utils.AppInfoParser     : Kafka version: 4.1.1
2026-06-06T12:41:12.514-03:00  INFO 91099 --- [demo] [           main] o.a.kafka.common.utils.AppInfoParser     : Kafka commitId: be816b82d25370ce
2026-06-06T12:41:12.514-03:00  INFO 91099 --- [demo] [           main] o.a.kafka.common.utils.AppInfoParser     : Kafka startTimeMs: 1780760472514
2026-06-06T12:41:12.515-03:00  INFO 91099 --- [demo] [      kafka-104] o.a.k.c.c.internals.ConsumerCoordinator  : [Consumer clientId=consumer-url-shortener-dlq-104, groupId=url-shortener-dlq] Request joining group due to: need to re-join with the given member-id: consumer-url-shortener-dlq-104-f0bf78af-c289-4df3-9b02-f09d68e7cf4e
2026-06-06T12:41:12.515-03:00  INFO 91099 --- [demo] [      kafka-104] o.a.k.c.c.internals.ConsumerCoordinator  : [Consumer clientId=consumer-url-shortener-dlq-104, groupId=url-shortener-dlq] (Re-)joining group
2026-06-06T12:41:12.516-03:00  INFO 91099 --- [demo] [           main] o.a.k.c.c.i.ClassicKafkaConsumer         : [Consumer clientId=consumer-url-shortener-dlq-105, groupId=url-shortener-dlq] Subscribed to topic(s): user.blocked.dlq
2026-06-06T12:41:12.516-03:00  INFO 91099 --- [demo] [           main] o.a.kafka.common.config.AbstractConfig   : ConsumerConfig values: 
	allow.auto.create.topics = true
	auto.commit.interval.ms = 5000
	auto.offset.reset = earliest
	bootstrap.servers = [localhost:9092]
	check.crcs = true
	client.dns.lookup = use_all_dns_ips
	client.id = consumer-url-shortener-dlq-106
	client.rack = 
	connections.max.idle.ms = 540000
	default.api.timeout.ms = 60000
	enable.auto.commit = false
	enable.metrics.push = true
	exclude.internal.topics = true
	fetch.max.bytes = 52428800
	fetch.max.wait.ms = 500
	fetch.min.bytes = 1
	group.id = url-shortener-dlq
	group.instance.id = null
	group.protocol = classic
	group.remote.assignor = null
	heartbeat.interval.ms = 3000
	interceptor.classes = []
	internal.leave.group.on.close = true
	internal.throw.on.fetch.stable.offset.unsupported = false
	isolation.level = read_uncommitted
	key.deserializer = class org.apache.kafka.common.serialization.StringDeserializer
	max.partition.fetch.bytes = 1048576
	max.poll.interval.ms = 300000
	max.poll.records = 500
	metadata.max.age.ms = 300000
	metadata.recovery.rebootstrap.trigger.ms = 300000
	metadata.recovery.strategy = rebootstrap
	metric.reporters = [org.apache.kafka.common.metrics.JmxReporter]
	metrics.num.samples = 2
	metrics.recording.level = INFO
	metrics.sample.window.ms = 30000
	partition.assignment.strategy = [class org.apache.kafka.clients.consumer.RangeAssignor, class org.apache.kafka.clients.consumer.CooperativeStickyAssignor]
	receive.buffer.bytes = 65536
	reconnect.backoff.max.ms = 1000
	reconnect.backoff.ms = 50
	request.timeout.ms = 30000
	retry.backoff.max.ms = 1000
	retry.backoff.ms = 100
	sasl.client.callback.handler.class = null
	sasl.jaas.config = null
	sasl.kerberos.kinit.cmd = /usr/bin/kinit
	sasl.kerberos.min.time.before.relogin = 60000
	sasl.kerberos.service.name = null
	sasl.kerberos.ticket.renew.jitter = 0.05
	sasl.kerberos.ticket.renew.window.factor = 0.8
	sasl.login.callback.handler.class = null
	sasl.login.class = null
	sasl.login.connect.timeout.ms = null
	sasl.login.read.timeout.ms = null
	sasl.login.refresh.buffer.seconds = 300
	sasl.login.refresh.min.period.seconds = 60
	sasl.login.refresh.window.factor = 0.8
	sasl.login.refresh.window.jitter = 0.05
	sasl.login.retry.backoff.max.ms = 10000
	sasl.login.retry.backoff.ms = 100
	sasl.mechanism = GSSAPI
	sasl.oauthbearer.assertion.algorithm = RS256
	sasl.oauthbearer.assertion.claim.aud = null
	sasl.oauthbearer.assertion.claim.exp.seconds = 300
	sasl.oauthbearer.assertion.claim.iss = null
	sasl.oauthbearer.assertion.claim.jti.include = false
	sasl.oauthbearer.assertion.claim.nbf.seconds = 60
	sasl.oauthbearer.assertion.claim.sub = null
	sasl.oauthbearer.assertion.file = null
	sasl.oauthbearer.assertion.private.key.file = null
	sasl.oauthbearer.assertion.private.key.passphrase = null
	sasl.oauthbearer.assertion.template.file = null
	sasl.oauthbearer.client.credentials.client.id = null
	sasl.oauthbearer.client.credentials.client.secret = null
	sasl.oauthbearer.clock.skew.seconds = 30
	sasl.oauthbearer.expected.audience = null
	sasl.oauthbearer.expected.issuer = null
	sasl.oauthbearer.header.urlencode = false
	sasl.oauthbearer.jwks.endpoint.refresh.ms = 3600000
	sasl.oauthbearer.jwks.endpoint.retry.backoff.max.ms = 10000
	sasl.oauthbearer.jwks.endpoint.retry.backoff.ms = 100
	sasl.oauthbearer.jwks.endpoint.url = null
	sasl.oauthbearer.jwt.retriever.class = class org.apache.kafka.common.security.oauthbearer.DefaultJwtRetriever
	sasl.oauthbearer.jwt.validator.class = class org.apache.kafka.common.security.oauthbearer.DefaultJwtValidator
	sasl.oauthbearer.scope = null
	sasl.oauthbearer.scope.claim.name = scope
	sasl.oauthbearer.sub.claim.name = sub
	sasl.oauthbearer.token.endpoint.url = null
	security.protocol = PLAINTEXT
	security.providers = null
	send.buffer.bytes = 131072
	session.timeout.ms = 45000
	share.acknowledgement.mode = implicit
	socket.connection.setup.timeout.max.ms = 30000
	socket.connection.setup.timeout.ms = 10000
	ssl.cipher.suites = null
	ssl.enabled.protocols = [TLSv1.2, TLSv1.3]
	ssl.endpoint.identification.algorithm = https
	ssl.engine.factory.class = null
	ssl.key.password = null
	ssl.keymanager.algorithm = SunX509
	ssl.keystore.certificate.chain = null
	ssl.keystore.key = null
	ssl.keystore.location = null
	ssl.keystore.password = null
	ssl.keystore.type = JKS
	ssl.protocol = TLSv1.3
	ssl.provider = null
	ssl.secure.random.implementation = null
	ssl.trustmanager.algorithm = PKIX
	ssl.truststore.certificates = null
	ssl.truststore.location = null
	ssl.truststore.password = null
	ssl.truststore.type = JKS
	value.deserializer = class org.apache.kafka.common.serialization.StringDeserializer

2026-06-06T12:41:12.516-03:00  INFO 91099 --- [demo] [           main] o.a.k.c.t.i.KafkaMetricsCollector        : initializing Kafka metrics collector
2026-06-06T12:41:12.518-03:00  INFO 91099 --- [demo] [      kafka-105] org.apache.kafka.clients.Metadata        : [Consumer clientId=consumer-url-shortener-dlq-105, groupId=url-shortener-dlq] Cluster ID: redpanda.18cf06dc-a38c-4800-adbf-5345a5fc9456
2026-06-06T12:41:12.518-03:00  INFO 91099 --- [demo] [      kafka-105] o.a.k.c.c.internals.ConsumerCoordinator  : [Consumer clientId=consumer-url-shortener-dlq-105, groupId=url-shortener-dlq] Discovered group coordinator localhost:9092 (id: 2147483647 rack: null isFenced: false)
2026-06-06T12:41:12.518-03:00  INFO 91099 --- [demo] [           main] o.a.kafka.common.utils.AppInfoParser     : Kafka version: 4.1.1
2026-06-06T12:41:12.518-03:00  INFO 91099 --- [demo] [           main] o.a.kafka.common.utils.AppInfoParser     : Kafka commitId: be816b82d25370ce
2026-06-06T12:41:12.518-03:00  INFO 91099 --- [demo] [           main] o.a.kafka.common.utils.AppInfoParser     : Kafka startTimeMs: 1780760472518
2026-06-06T12:41:12.518-03:00  INFO 91099 --- [demo] [      kafka-105] o.a.k.c.c.internals.ConsumerCoordinator  : [Consumer clientId=consumer-url-shortener-dlq-105, groupId=url-shortener-dlq] (Re-)joining group
2026-06-06T12:41:12.519-03:00  INFO 91099 --- [demo] [      kafka-105] o.a.k.c.c.internals.ConsumerCoordinator  : [Consumer clientId=consumer-url-shortener-dlq-105, groupId=url-shortener-dlq] Request joining group due to: need to re-join with the given member-id: consumer-url-shortener-dlq-105-82d568bb-3f06-443c-b60c-0158a08e50f3
2026-06-06T12:41:12.520-03:00  INFO 91099 --- [demo] [      kafka-105] o.a.k.c.c.internals.ConsumerCoordinator  : [Consumer clientId=consumer-url-shortener-dlq-105, groupId=url-shortener-dlq] (Re-)joining group
2026-06-06T12:41:12.520-03:00  INFO 91099 --- [demo] [           main] o.a.k.c.c.i.ClassicKafkaConsumer         : [Consumer clientId=consumer-url-shortener-dlq-106, groupId=url-shortener-dlq] Subscribed to topic(s): user.created.dlq
2026-06-06T12:41:12.520-03:00  INFO 91099 --- [demo] [           main] o.a.kafka.common.config.AbstractConfig   : ConsumerConfig values: 
	allow.auto.create.topics = true
	auto.commit.interval.ms = 5000
	auto.offset.reset = earliest
	bootstrap.servers = [localhost:9092]
	check.crcs = true
	client.dns.lookup = use_all_dns_ips
	client.id = consumer-url-shortener-dlq-107
	client.rack = 
	connections.max.idle.ms = 540000
	default.api.timeout.ms = 60000
	enable.auto.commit = false
	enable.metrics.push = true
	exclude.internal.topics = true
	fetch.max.bytes = 52428800
	fetch.max.wait.ms = 500
	fetch.min.bytes = 1
	group.id = url-shortener-dlq
	group.instance.id = null
	group.protocol = classic
	group.remote.assignor = null
	heartbeat.interval.ms = 3000
	interceptor.classes = []
	internal.leave.group.on.close = true
	internal.throw.on.fetch.stable.offset.unsupported = false
	isolation.level = read_uncommitted
	key.deserializer = class org.apache.kafka.common.serialization.StringDeserializer
	max.partition.fetch.bytes = 1048576
	max.poll.interval.ms = 300000
	max.poll.records = 500
	metadata.max.age.ms = 300000
	metadata.recovery.rebootstrap.trigger.ms = 300000
	metadata.recovery.strategy = rebootstrap
	metric.reporters = [org.apache.kafka.common.metrics.JmxReporter]
	metrics.num.samples = 2
	metrics.recording.level = INFO
	metrics.sample.window.ms = 30000
	partition.assignment.strategy = [class org.apache.kafka.clients.consumer.RangeAssignor, class org.apache.kafka.clients.consumer.CooperativeStickyAssignor]
	receive.buffer.bytes = 65536
	reconnect.backoff.max.ms = 1000
	reconnect.backoff.ms = 50
	request.timeout.ms = 30000
	retry.backoff.max.ms = 1000
	retry.backoff.ms = 100
	sasl.client.callback.handler.class = null
	sasl.jaas.config = null
	sasl.kerberos.kinit.cmd = /usr/bin/kinit
	sasl.kerberos.min.time.before.relogin = 60000
	sasl.kerberos.service.name = null
	sasl.kerberos.ticket.renew.jitter = 0.05
	sasl.kerberos.ticket.renew.window.factor = 0.8
	sasl.login.callback.handler.class = null
	sasl.login.class = null
	sasl.login.connect.timeout.ms = null
	sasl.login.read.timeout.ms = null
	sasl.login.refresh.buffer.seconds = 300
	sasl.login.refresh.min.period.seconds = 60
	sasl.login.refresh.window.factor = 0.8
	sasl.login.refresh.window.jitter = 0.05
	sasl.login.retry.backoff.max.ms = 10000
	sasl.login.retry.backoff.ms = 100
	sasl.mechanism = GSSAPI
	sasl.oauthbearer.assertion.algorithm = RS256
	sasl.oauthbearer.assertion.claim.aud = null
	sasl.oauthbearer.assertion.claim.exp.seconds = 300
	sasl.oauthbearer.assertion.claim.iss = null
	sasl.oauthbearer.assertion.claim.jti.include = false
	sasl.oauthbearer.assertion.claim.nbf.seconds = 60
	sasl.oauthbearer.assertion.claim.sub = null
	sasl.oauthbearer.assertion.file = null
	sasl.oauthbearer.assertion.private.key.file = null
	sasl.oauthbearer.assertion.private.key.passphrase = null
	sasl.oauthbearer.assertion.template.file = null
	sasl.oauthbearer.client.credentials.client.id = null
	sasl.oauthbearer.client.credentials.client.secret = null
	sasl.oauthbearer.clock.skew.seconds = 30
	sasl.oauthbearer.expected.audience = null
	sasl.oauthbearer.expected.issuer = null
	sasl.oauthbearer.header.urlencode = false
	sasl.oauthbearer.jwks.endpoint.refresh.ms = 3600000
	sasl.oauthbearer.jwks.endpoint.retry.backoff.max.ms = 10000
	sasl.oauthbearer.jwks.endpoint.retry.backoff.ms = 100
	sasl.oauthbearer.jwks.endpoint.url = null
	sasl.oauthbearer.jwt.retriever.class = class org.apache.kafka.common.security.oauthbearer.DefaultJwtRetriever
	sasl.oauthbearer.jwt.validator.class = class org.apache.kafka.common.security.oauthbearer.DefaultJwtValidator
	sasl.oauthbearer.scope = null
	sasl.oauthbearer.scope.claim.name = scope
	sasl.oauthbearer.sub.claim.name = sub
	sasl.oauthbearer.token.endpoint.url = null
	security.protocol = PLAINTEXT
	security.providers = null
	send.buffer.bytes = 131072
	session.timeout.ms = 45000
	share.acknowledgement.mode = implicit
	socket.connection.setup.timeout.max.ms = 30000
	socket.connection.setup.timeout.ms = 10000
	ssl.cipher.suites = null
	ssl.enabled.protocols = [TLSv1.2, TLSv1.3]
	ssl.endpoint.identification.algorithm = https
	ssl.engine.factory.class = null
	ssl.key.password = null
	ssl.keymanager.algorithm = SunX509
	ssl.keystore.certificate.chain = null
	ssl.keystore.key = null
	ssl.keystore.location = null
	ssl.keystore.password = null
	ssl.keystore.type = JKS
	ssl.protocol = TLSv1.3
	ssl.provider = null
	ssl.secure.random.implementation = null
	ssl.trustmanager.algorithm = PKIX
	ssl.truststore.certificates = null
	ssl.truststore.location = null
	ssl.truststore.password = null
	ssl.truststore.type = JKS
	value.deserializer = class org.apache.kafka.common.serialization.StringDeserializer

2026-06-06T12:41:12.521-03:00  INFO 91099 --- [demo] [           main] o.a.k.c.t.i.KafkaMetricsCollector        : initializing Kafka metrics collector
2026-06-06T12:41:12.521-03:00  INFO 91099 --- [demo] [      kafka-106] org.apache.kafka.clients.Metadata        : [Consumer clientId=consumer-url-shortener-dlq-106, groupId=url-shortener-dlq] Cluster ID: redpanda.18cf06dc-a38c-4800-adbf-5345a5fc9456
2026-06-06T12:41:12.521-03:00  INFO 91099 --- [demo] [      kafka-106] o.a.k.c.c.internals.ConsumerCoordinator  : [Consumer clientId=consumer-url-shortener-dlq-106, groupId=url-shortener-dlq] Discovered group coordinator localhost:9092 (id: 2147483647 rack: null isFenced: false)
2026-06-06T12:41:12.522-03:00  INFO 91099 --- [demo] [      kafka-106] o.a.k.c.c.internals.ConsumerCoordinator  : [Consumer clientId=consumer-url-shortener-dlq-106, groupId=url-shortener-dlq] (Re-)joining group
2026-06-06T12:41:12.522-03:00  INFO 91099 --- [demo] [           main] o.a.kafka.common.utils.AppInfoParser     : Kafka version: 4.1.1
2026-06-06T12:41:12.522-03:00  INFO 91099 --- [demo] [           main] o.a.kafka.common.utils.AppInfoParser     : Kafka commitId: be816b82d25370ce
2026-06-06T12:41:12.522-03:00  INFO 91099 --- [demo] [           main] o.a.kafka.common.utils.AppInfoParser     : Kafka startTimeMs: 1780760472522
2026-06-06T12:41:12.523-03:00  INFO 91099 --- [demo] [      kafka-106] o.a.k.c.c.internals.ConsumerCoordinator  : [Consumer clientId=consumer-url-shortener-dlq-106, groupId=url-shortener-dlq] Request joining group due to: need to re-join with the given member-id: consumer-url-shortener-dlq-106-064cc5ee-2dfe-4951-8c93-f2095c82cd0a
2026-06-06T12:41:12.523-03:00  INFO 91099 --- [demo] [      kafka-106] o.a.k.c.c.internals.ConsumerCoordinator  : [Consumer clientId=consumer-url-shortener-dlq-106, groupId=url-shortener-dlq] (Re-)joining group
2026-06-06T12:41:12.524-03:00  INFO 91099 --- [demo] [           main] o.a.k.c.c.i.ClassicKafkaConsumer         : [Consumer clientId=consumer-url-shortener-dlq-107, groupId=url-shortener-dlq] Subscribed to topic(s): url.created.dlq
2026-06-06T12:41:12.524-03:00  INFO 91099 --- [demo] [           main] o.a.kafka.common.config.AbstractConfig   : ConsumerConfig values: 
	allow.auto.create.topics = true
	auto.commit.interval.ms = 5000
	auto.offset.reset = earliest
	bootstrap.servers = [localhost:9092]
	check.crcs = true
	client.dns.lookup = use_all_dns_ips
	client.id = consumer-url-shortener-dlq-108
	client.rack = 
	connections.max.idle.ms = 540000
	default.api.timeout.ms = 60000
	enable.auto.commit = false
	enable.metrics.push = true
	exclude.internal.topics = true
	fetch.max.bytes = 52428800
	fetch.max.wait.ms = 500
	fetch.min.bytes = 1
	group.id = url-shortener-dlq
	group.instance.id = null
	group.protocol = classic
	group.remote.assignor = null
	heartbeat.interval.ms = 3000
	interceptor.classes = []
	internal.leave.group.on.close = true
	internal.throw.on.fetch.stable.offset.unsupported = false
	isolation.level = read_uncommitted
	key.deserializer = class org.apache.kafka.common.serialization.StringDeserializer
	max.partition.fetch.bytes = 1048576
	max.poll.interval.ms = 300000
	max.poll.records = 500
	metadata.max.age.ms = 300000
	metadata.recovery.rebootstrap.trigger.ms = 300000
	metadata.recovery.strategy = rebootstrap
	metric.reporters = [org.apache.kafka.common.metrics.JmxReporter]
	metrics.num.samples = 2
	metrics.recording.level = INFO
	metrics.sample.window.ms = 30000
	partition.assignment.strategy = [class org.apache.kafka.clients.consumer.RangeAssignor, class org.apache.kafka.clients.consumer.CooperativeStickyAssignor]
	receive.buffer.bytes = 65536
	reconnect.backoff.max.ms = 1000
	reconnect.backoff.ms = 50
	request.timeout.ms = 30000
	retry.backoff.max.ms = 1000
	retry.backoff.ms = 100
	sasl.client.callback.handler.class = null
	sasl.jaas.config = null
	sasl.kerberos.kinit.cmd = /usr/bin/kinit
	sasl.kerberos.min.time.before.relogin = 60000
	sasl.kerberos.service.name = null
	sasl.kerberos.ticket.renew.jitter = 0.05
	sasl.kerberos.ticket.renew.window.factor = 0.8
	sasl.login.callback.handler.class = null
	sasl.login.class = null
	sasl.login.connect.timeout.ms = null
	sasl.login.read.timeout.ms = null
	sasl.login.refresh.buffer.seconds = 300
	sasl.login.refresh.min.period.seconds = 60
	sasl.login.refresh.window.factor = 0.8
	sasl.login.refresh.window.jitter = 0.05
	sasl.login.retry.backoff.max.ms = 10000
	sasl.login.retry.backoff.ms = 100
	sasl.mechanism = GSSAPI
	sasl.oauthbearer.assertion.algorithm = RS256
	sasl.oauthbearer.assertion.claim.aud = null
	sasl.oauthbearer.assertion.claim.exp.seconds = 300
	sasl.oauthbearer.assertion.claim.iss = null
	sasl.oauthbearer.assertion.claim.jti.include = false
	sasl.oauthbearer.assertion.claim.nbf.seconds = 60
	sasl.oauthbearer.assertion.claim.sub = null
	sasl.oauthbearer.assertion.file = null
	sasl.oauthbearer.assertion.private.key.file = null
	sasl.oauthbearer.assertion.private.key.passphrase = null
	sasl.oauthbearer.assertion.template.file = null
	sasl.oauthbearer.client.credentials.client.id = null
	sasl.oauthbearer.client.credentials.client.secret = null
	sasl.oauthbearer.clock.skew.seconds = 30
	sasl.oauthbearer.expected.audience = null
	sasl.oauthbearer.expected.issuer = null
	sasl.oauthbearer.header.urlencode = false
	sasl.oauthbearer.jwks.endpoint.refresh.ms = 3600000
	sasl.oauthbearer.jwks.endpoint.retry.backoff.max.ms = 10000
	sasl.oauthbearer.jwks.endpoint.retry.backoff.ms = 100
	sasl.oauthbearer.jwks.endpoint.url = null
	sasl.oauthbearer.jwt.retriever.class = class org.apache.kafka.common.security.oauthbearer.DefaultJwtRetriever
	sasl.oauthbearer.jwt.validator.class = class org.apache.kafka.common.security.oauthbearer.DefaultJwtValidator
	sasl.oauthbearer.scope = null
	sasl.oauthbearer.scope.claim.name = scope
	sasl.oauthbearer.sub.claim.name = sub
	sasl.oauthbearer.token.endpoint.url = null
	security.protocol = PLAINTEXT
	security.providers = null
	send.buffer.bytes = 131072
	session.timeout.ms = 45000
	share.acknowledgement.mode = implicit
	socket.connection.setup.timeout.max.ms = 30000
	socket.connection.setup.timeout.ms = 10000
	ssl.cipher.suites = null
	ssl.enabled.protocols = [TLSv1.2, TLSv1.3]
	ssl.endpoint.identification.algorithm = https
	ssl.engine.factory.class = null
	ssl.key.password = null
	ssl.keymanager.algorithm = SunX509
	ssl.keystore.certificate.chain = null
	ssl.keystore.key = null
	ssl.keystore.location = null
	ssl.keystore.password = null
	ssl.keystore.type = JKS
	ssl.protocol = TLSv1.3
	ssl.provider = null
	ssl.secure.random.implementation = null
	ssl.trustmanager.algorithm = PKIX
	ssl.truststore.certificates = null
	ssl.truststore.location = null
	ssl.truststore.password = null
	ssl.truststore.type = JKS
	value.deserializer = class org.apache.kafka.common.serialization.StringDeserializer

2026-06-06T12:41:12.525-03:00  INFO 91099 --- [demo] [           main] o.a.k.c.t.i.KafkaMetricsCollector        : initializing Kafka metrics collector
2026-06-06T12:41:12.525-03:00  INFO 91099 --- [demo] [      kafka-107] org.apache.kafka.clients.Metadata        : [Consumer clientId=consumer-url-shortener-dlq-107, groupId=url-shortener-dlq] Cluster ID: redpanda.18cf06dc-a38c-4800-adbf-5345a5fc9456
2026-06-06T12:41:12.525-03:00  INFO 91099 --- [demo] [      kafka-107] o.a.k.c.c.internals.ConsumerCoordinator  : [Consumer clientId=consumer-url-shortener-dlq-107, groupId=url-shortener-dlq] Discovered group coordinator localhost:9092 (id: 2147483647 rack: null isFenced: false)
2026-06-06T12:41:12.526-03:00  INFO 91099 --- [demo] [      kafka-107] o.a.k.c.c.internals.ConsumerCoordinator  : [Consumer clientId=consumer-url-shortener-dlq-107, groupId=url-shortener-dlq] (Re-)joining group
2026-06-06T12:41:12.527-03:00  INFO 91099 --- [demo] [      kafka-107] o.a.k.c.c.internals.ConsumerCoordinator  : [Consumer clientId=consumer-url-shortener-dlq-107, groupId=url-shortener-dlq] Request joining group due to: need to re-join with the given member-id: consumer-url-shortener-dlq-107-dff9b8dd-23ab-43d3-977f-240af5bdf4cf
2026-06-06T12:41:12.527-03:00  INFO 91099 --- [demo] [           main] o.a.kafka.common.utils.AppInfoParser     : Kafka version: 4.1.1
2026-06-06T12:41:12.527-03:00  INFO 91099 --- [demo] [           main] o.a.kafka.common.utils.AppInfoParser     : Kafka commitId: be816b82d25370ce
2026-06-06T12:41:12.527-03:00  INFO 91099 --- [demo] [           main] o.a.kafka.common.utils.AppInfoParser     : Kafka startTimeMs: 1780760472527
2026-06-06T12:41:12.527-03:00  INFO 91099 --- [demo] [      kafka-107] o.a.k.c.c.internals.ConsumerCoordinator  : [Consumer clientId=consumer-url-shortener-dlq-107, groupId=url-shortener-dlq] (Re-)joining group
2026-06-06T12:41:12.529-03:00  INFO 91099 --- [demo] [           main] o.a.k.c.c.i.ClassicKafkaConsumer         : [Consumer clientId=consumer-url-shortener-dlq-108, groupId=url-shortener-dlq] Subscribed to topic(s): url.deleted.dlq
2026-06-06T12:41:12.531-03:00  INFO 91099 --- [demo] [      kafka-108] org.apache.kafka.clients.Metadata        : [Consumer clientId=consumer-url-shortener-dlq-108, groupId=url-shortener-dlq] Cluster ID: redpanda.18cf06dc-a38c-4800-adbf-5345a5fc9456
2026-06-06T12:41:12.532-03:00  INFO 91099 --- [demo] [      kafka-108] o.a.k.c.c.internals.ConsumerCoordinator  : [Consumer clientId=consumer-url-shortener-dlq-108, groupId=url-shortener-dlq] Discovered group coordinator localhost:9092 (id: 2147483647 rack: null isFenced: false)
2026-06-06T12:41:12.532-03:00  INFO 91099 --- [demo] [      kafka-108] o.a.k.c.c.internals.ConsumerCoordinator  : [Consumer clientId=consumer-url-shortener-dlq-108, groupId=url-shortener-dlq] (Re-)joining group
2026-06-06T12:41:12.534-03:00  INFO 91099 --- [demo] [      kafka-108] o.a.k.c.c.internals.ConsumerCoordinator  : [Consumer clientId=consumer-url-shortener-dlq-108, groupId=url-shortener-dlq] Request joining group due to: need to re-join with the given member-id: consumer-url-shortener-dlq-108-f7a58436-9446-47a2-8a73-c65d22266e34
2026-06-06T12:41:12.534-03:00  INFO 91099 --- [demo] [      kafka-108] o.a.k.c.c.internals.ConsumerCoordinator  : [Consumer clientId=consumer-url-shortener-dlq-108, groupId=url-shortener-dlq] (Re-)joining group
2026-06-06T12:41:12.621-03:00  INFO 91099 --- [demo] [           main] c.w.a.i.c.s.config.SecurityFilter        : User 'usercb9db0c9-bd54-44df-8bf0-3cba16bc3e30@gmail.com' authenticated successfully.
2026-06-06T12:41:12.675-03:00  INFO 91099 --- [demo] [           main] c.w.a.i.c.s.config.SecurityFilter        : User 'usercb9db0c9-bd54-44df-8bf0-3cba16bc3e30@gmail.com' authenticated successfully.
2026-06-06T12:41:12.703-03:00  INFO 91099 --- [demo] [           main] c.w.a.i.c.s.config.SecurityFilter        : User 'usercb9db0c9-bd54-44df-8bf0-3cba16bc3e30@gmail.com' authenticated successfully.
2026-06-06T12:41:12.753-03:00  INFO 91099 --- [demo] [           main] c.w.a.i.c.s.config.SecurityFilter        : User 'usercb9db0c9-bd54-44df-8bf0-3cba16bc3e30@gmail.com' authenticated successfully.
]]></system-out>
  </testcase>
  <testcase name="shouldLinkTagToUrl" classname="com.write.api.adapters.in.web.controller.urlTagLink.UrlTagLinkControllerTest" time="0.126">
    <system-out><![CDATA[2026-06-06T12:41:12.848-03:00  INFO 91099 --- [demo] [           main] c.w.a.i.c.s.config.SecurityFilter        : User 'usered40acb3-6853-43b0-8f59-6a7aad98eb37@gmail.com' authenticated successfully.
2026-06-06T12:41:12.868-03:00  INFO 91099 --- [demo] [           main] c.w.a.i.c.s.config.SecurityFilter        : User 'usered40acb3-6853-43b0-8f59-6a7aad98eb37@gmail.com' authenticated successfully.
2026-06-06T12:41:12.885-03:00  INFO 91099 --- [demo] [           main] c.w.a.i.c.s.config.SecurityFilter        : User 'usered40acb3-6853-43b0-8f59-6a7aad98eb37@gmail.com' authenticated successfully.
]]></system-out>
  </testcase>
  <testcase name="shouldFailLinkTagToUrlBecauseIdempotencyKeyIsMissing" classname="com.write.api.adapters.in.web.controller.urlTagLink.UrlTagLinkControllerTest" time="0.127">
    <system-out><![CDATA[2026-06-06T12:41:12.976-03:00  INFO 91099 --- [demo] [           main] c.w.a.i.c.s.config.SecurityFilter        : User 'user83514cac-79ef-430c-9e31-739aa0d8aeeb@gmail.com' authenticated successfully.
2026-06-06T12:41:12.999-03:00  INFO 91099 --- [demo] [           main] c.w.a.i.c.s.config.SecurityFilter        : User 'user83514cac-79ef-430c-9e31-739aa0d8aeeb@gmail.com' authenticated successfully.
2026-06-06T12:41:13.018-03:00  INFO 91099 --- [demo] [           main] c.w.a.i.c.s.config.SecurityFilter        : User 'user83514cac-79ef-430c-9e31-739aa0d8aeeb@gmail.com' authenticated successfully.
2026-06-06T12:41:13.020-03:00  WARN 91099 --- [demo] [           main] .w.s.m.s.DefaultHandlerExceptionResolver : Resolved [org.springframework.web.bind.MissingRequestHeaderException: Required request header 'X-Idempotency-Key' for method parameter type String is not present]
]]></system-out>
  </testcase>
  <testcase name="shouldFailDeleteUrlTagLinkBecauseUserIsUnauthorized" classname="com.write.api.adapters.in.web.controller.urlTagLink.UrlTagLinkControllerTest" time="0.006"/>
  <testcase name="shouldFailLinkTagToUrlBecausePrimaryTagIsNull" classname="com.write.api.adapters.in.web.controller.urlTagLink.UrlTagLinkControllerTest" time="0.119">
    <system-out><![CDATA[2026-06-06T12:41:13.107-03:00  INFO 91099 --- [demo] [           main] c.w.a.i.c.s.config.SecurityFilter        : User 'user95165845-a23a-41ab-82e8-7f8de7693fc8@gmail.com' authenticated successfully.
2026-06-06T12:41:13.127-03:00  INFO 91099 --- [demo] [           main] c.w.a.i.c.s.config.SecurityFilter        : User 'user95165845-a23a-41ab-82e8-7f8de7693fc8@gmail.com' authenticated successfully.
2026-06-06T12:41:13.143-03:00  INFO 91099 --- [demo] [           main] c.w.a.i.c.s.config.SecurityFilter        : User 'user95165845-a23a-41ab-82e8-7f8de7693fc8@gmail.com' authenticated successfully.
2026-06-06T12:41:13.146-03:00  WARN 91099 --- [demo] [           main] .w.s.m.s.DefaultHandlerExceptionResolver : Resolved [org.springframework.http.converter.HttpMessageNotReadableException: JSON parse error: Cannot map `null` into type `boolean` (set DeserializationConfig.DeserializationFeature.FAIL_ON_NULL_FOR_PRIMITIVES to 'false' to allow)]
]]></system-out>
  </testcase>
  <testcase name="shouldFailBecauseUrlTagNotFoundTheLinkTagToUrl" classname="com.write.api.adapters.in.web.controller.urlTagLink.UrlTagLinkControllerTest" time="0.115">
    <system-out><![CDATA[2026-06-06T12:41:13.228-03:00  INFO 91099 --- [demo] [           main] c.w.a.i.c.s.config.SecurityFilter        : User 'user72f71fc4-7857-4a06-8e4a-194088f86b60@gmail.com' authenticated successfully.
2026-06-06T12:41:13.254-03:00  INFO 91099 --- [demo] [           main] c.w.a.i.c.s.config.SecurityFilter        : User 'user72f71fc4-7857-4a06-8e4a-194088f86b60@gmail.com' authenticated successfully.
]]></system-out>
  </testcase>
  <testcase name="shouldFailBecauseUrlTagLinkNotFound" classname="com.write.api.adapters.in.web.controller.urlTagLink.UrlTagLinkControllerTest" time="0.093">
    <system-out><![CDATA[2026-06-06T12:41:13.348-03:00  INFO 91099 --- [demo] [           main] c.w.a.i.c.s.config.SecurityFilter        : User 'userba00025e-addd-4282-8bc5-fee9425bcc8a@gmail.com' authenticated successfully.
]]></system-out>
  </testcase>
  <testcase name="shouldFailBecauseIdempotencyKeyIsMissing" classname="com.write.api.adapters.in.web.controller.urlTagLink.UrlTagLinkControllerTest" time="0.143">
    <system-out><![CDATA[2026-06-06T12:41:13.436-03:00  INFO 91099 --- [demo] [           main] c.w.a.i.c.s.config.SecurityFilter        : User 'userf66c641f-92e2-4e15-906b-65c98683f052@gmail.com' authenticated successfully.
2026-06-06T12:41:13.458-03:00  INFO 91099 --- [demo] [           main] c.w.a.i.c.s.config.SecurityFilter        : User 'userf66c641f-92e2-4e15-906b-65c98683f052@gmail.com' authenticated successfully.
2026-06-06T12:41:13.477-03:00  INFO 91099 --- [demo] [           main] c.w.a.i.c.s.config.SecurityFilter        : User 'userf66c641f-92e2-4e15-906b-65c98683f052@gmail.com' authenticated successfully.
2026-06-06T12:41:13.498-03:00  INFO 91099 --- [demo] [           main] c.w.a.i.c.s.config.SecurityFilter        : User 'userf66c641f-92e2-4e15-906b-65c98683f052@gmail.com' authenticated successfully.
2026-06-06T12:41:13.499-03:00  WARN 91099 --- [demo] [           main] .w.s.m.s.DefaultHandlerExceptionResolver : Resolved [org.springframework.web.bind.MissingRequestHeaderException: Required request header 'X-Idempotency-Key' for method parameter type String is not present]
]]></system-out>
  </testcase>
  <testcase name="shouldFailDeleteUrlTagLinkBecauseIdempotencyKeyIsMissing" classname="com.write.api.adapters.in.web.controller.urlTagLink.UrlTagLinkControllerTest" time="0.136">
    <system-out><![CDATA[2026-06-06T12:41:13.579-03:00  INFO 91099 --- [demo] [           main] c.w.a.i.c.s.config.SecurityFilter        : User 'usera1eb36c3-d464-499f-a049-54228f2243eb@gmail.com' authenticated successfully.
2026-06-06T12:41:13.600-03:00  INFO 91099 --- [demo] [           main] c.w.a.i.c.s.config.SecurityFilter        : User 'usera1eb36c3-d464-499f-a049-54228f2243eb@gmail.com' authenticated successfully.
2026-06-06T12:41:13.618-03:00  INFO 91099 --- [demo] [           main] c.w.a.i.c.s.config.SecurityFilter        : User 'usera1eb36c3-d464-499f-a049-54228f2243eb@gmail.com' authenticated successfully.
2026-06-06T12:41:13.634-03:00  INFO 91099 --- [demo] [           main] c.w.a.i.c.s.config.SecurityFilter        : User 'usera1eb36c3-d464-499f-a049-54228f2243eb@gmail.com' authenticated successfully.
2026-06-06T12:41:13.635-03:00  WARN 91099 --- [demo] [           main] .w.s.m.s.DefaultHandlerExceptionResolver : Resolved [org.springframework.web.bind.MissingRequestHeaderException: Required request header 'X-Idempotency-Key' for method parameter type String is not present]
]]></system-out>
  </testcase>
  <testcase name="shouldFailBecauseUserIsUnauthorized" classname="com.write.api.adapters.in.web.controller.urlTagLink.UrlTagLinkControllerTest" time="0.003"/>
  <testcase name="shouldFailLinkTagToUrlBecauseUrlIdIsInvalid" classname="com.write.api.adapters.in.web.controller.urlTagLink.UrlTagLinkControllerTest" time="0.11">
    <system-out><![CDATA[2026-06-06T12:41:13.722-03:00  INFO 91099 --- [demo] [           main] c.w.a.i.c.s.config.SecurityFilter        : User 'user10e2fc2f-19f1-4196-a3dc-99a822412fd2@gmail.com' authenticated successfully.
2026-06-06T12:41:13.741-03:00  INFO 91099 --- [demo] [           main] c.w.a.i.c.s.config.SecurityFilter        : User 'user10e2fc2f-19f1-4196-a3dc-99a822412fd2@gmail.com' authenticated successfully.
]]></system-out>
  </testcase>
  <testcase name="shouldFailLinkTagToUrlBecauseUserIsUnauthorized" classname="com.write.api.adapters.in.web.controller.urlTagLink.UrlTagLinkControllerTest" time="0.004"/>
  <testcase name="shouldFailBecauseIdIsInvalid" classname="com.write.api.adapters.in.web.controller.urlTagLink.UrlTagLinkControllerTest" time="0.084">
    <system-out><![CDATA[2026-06-06T12:41:13.835-03:00  INFO 91099 --- [demo] [           main] c.w.a.i.c.s.config.SecurityFilter        : User 'user6cd0143c-8618-435b-bc81-f96d1e7d3d78@gmail.com' authenticated successfully.
]]></system-out>
  </testcase>
  <testcase name="shouldFailDeleteUrlTagLinkBecauseIdIsInvalid" classname="com.write.api.adapters.in.web.controller.urlTagLink.UrlTagLinkControllerTest" time="0.082">
    <system-out><![CDATA[2026-06-06T12:41:13.918-03:00  INFO 91099 --- [demo] [           main] c.w.a.i.c.s.config.SecurityFilter        : User 'userf79f4791-56c1-4d56-b8c3-8b14a7ab7566@gmail.com' authenticated successfully.
]]></system-out>
  </testcase>
  <testcase name="shouldFailBecauseUrlNotFoundTheLinkTagToUrl" classname="com.write.api.adapters.in.web.controller.urlTagLink.UrlTagLinkControllerTest" time="0.103">
    <system-out><![CDATA[2026-06-06T12:41:14.001-03:00  INFO 91099 --- [demo] [           main] c.w.a.i.c.s.config.SecurityFilter        : User 'user97754280-7ac5-435d-b9c1-b21da9d62f8e@gmail.com' authenticated successfully.
2026-06-06T12:41:14.018-03:00  INFO 91099 --- [demo] [           main] c.w.a.i.c.s.config.SecurityFilter        : User 'user97754280-7ac5-435d-b9c1-b21da9d62f8e@gmail.com' authenticated successfully.
]]></system-out>
  </testcase>
  <testcase name="shouldFailLinkTagToUrlBecauseNoteExceededLimit" classname="com.write.api.adapters.in.web.controller.urlTagLink.UrlTagLinkControllerTest" time="0.115">
    <system-out><![CDATA[2026-06-06T12:41:14.102-03:00  INFO 91099 --- [demo] [           main] c.w.a.i.c.s.config.SecurityFilter        : User 'user5c7f3d27-f2d7-4c7b-a92b-4f18050a17fa@gmail.com' authenticated successfully.
2026-06-06T12:41:14.122-03:00  INFO 91099 --- [demo] [           main] c.w.a.i.c.s.config.SecurityFilter        : User 'user5c7f3d27-f2d7-4c7b-a92b-4f18050a17fa@gmail.com' authenticated successfully.
2026-06-06T12:41:14.137-03:00  INFO 91099 --- [demo] [           main] c.w.a.i.c.s.config.SecurityFilter        : User 'user5c7f3d27-f2d7-4c7b-a92b-4f18050a17fa@gmail.com' authenticated successfully.
]]></system-out>
  </testcase>
  <testcase name="shouldFailLinkTagToUrlBecauseTagIdIsInvalid" classname="com.write.api.adapters.in.web.controller.urlTagLink.UrlTagLinkControllerTest" time="0.104">
    <system-out><![CDATA[2026-06-06T12:41:14.218-03:00  INFO 91099 --- [demo] [           main] c.w.a.i.c.s.config.SecurityFilter        : User 'user513b9a00-112c-4c22-872a-0d1c107239d2@gmail.com' authenticated successfully.
2026-06-06T12:41:14.241-03:00  INFO 91099 --- [demo] [           main] c.w.a.i.c.s.config.SecurityFilter        : User 'user513b9a00-112c-4c22-872a-0d1c107239d2@gmail.com' authenticated successfully.
]]></system-out>
  </testcase>
  <testcase name="shouldDeleteUrlTagLink" classname="com.write.api.adapters.in.web.controller.urlTagLink.UrlTagLinkControllerTest" time="0.141">
    <system-out><![CDATA[2026-06-06T12:41:14.328-03:00  INFO 91099 --- [demo] [           main] c.w.a.i.c.s.config.SecurityFilter        : User 'user6d63b049-bb36-4e8e-a3e4-de46eb6f0027@gmail.com' authenticated successfully.
2026-06-06T12:41:14.351-03:00  INFO 91099 --- [demo] [           main] c.w.a.i.c.s.config.SecurityFilter        : User 'user6d63b049-bb36-4e8e-a3e4-de46eb6f0027@gmail.com' authenticated successfully.
2026-06-06T12:41:14.365-03:00  INFO 91099 --- [demo] [           main] c.w.a.i.c.s.config.SecurityFilter        : User 'user6d63b049-bb36-4e8e-a3e4-de46eb6f0027@gmail.com' authenticated successfully.
2026-06-06T12:41:14.381-03:00  INFO 91099 --- [demo] [           main] c.w.a.i.c.s.config.SecurityFilter        : User 'user6d63b049-bb36-4e8e-a3e4-de46eb6f0027@gmail.com' authenticated successfully.
]]></system-out>
  </testcase>
  <testcase name="shouldUpdateUrlTagLink" classname="com.write.api.adapters.in.web.controller.urlTagLink.UrlTagLinkControllerTest" time="0.15">
    <system-out><![CDATA[2026-06-06T12:41:14.470-03:00  INFO 91099 --- [demo] [           main] c.w.a.i.c.s.config.SecurityFilter        : User 'user0d135396-2801-49bd-924f-955c60c89cfd@gmail.com' authenticated successfully.
2026-06-06T12:41:14.497-03:00  INFO 91099 --- [demo] [           main] c.w.a.i.c.s.config.SecurityFilter        : User 'user0d135396-2801-49bd-924f-955c60c89cfd@gmail.com' authenticated successfully.
2026-06-06T12:41:14.514-03:00  INFO 91099 --- [demo] [           main] c.w.a.i.c.s.config.SecurityFilter        : User 'user0d135396-2801-49bd-924f-955c60c89cfd@gmail.com' authenticated successfully.
2026-06-06T12:41:14.530-03:00  INFO 91099 --- [demo] [           main] c.w.a.i.c.s.config.SecurityFilter        : User 'user0d135396-2801-49bd-924f-955c60c89cfd@gmail.com' authenticated successfully.
]]></system-out>
  </testcase>
  <testcase name="shouldFailDeleteUrlTagLinkBecauseNotFound" classname="com.write.api.adapters.in.web.controller.urlTagLink.UrlTagLinkControllerTest" time="0.083">
    <system-out><![CDATA[2026-06-06T12:41:14.616-03:00  INFO 91099 --- [demo] [           main] c.w.a.i.c.s.config.SecurityFilter        : User 'userfeb1392f-3215-4048-b766-32d4d07a120b@gmail.com' authenticated successfully.
]]></system-out>
  </testcase>
  <testcase name="shouldFailBecauseUrlNotFoundInUpdate" classname="com.write.api.adapters.in.web.controller.urlTagLink.UrlTagLinkControllerTest" time="0.143">
    <system-out><![CDATA[2026-06-06T12:41:14.702-03:00  INFO 91099 --- [demo] [           main] c.w.a.i.c.s.config.SecurityFilter        : User 'userb0531432-771f-4845-abb6-aaf01888857f@gmail.com' authenticated successfully.
2026-06-06T12:41:14.718-03:00  INFO 91099 --- [demo] [           main] c.w.a.i.c.s.config.SecurityFilter        : User 'userb0531432-771f-4845-abb6-aaf01888857f@gmail.com' authenticated successfully.
2026-06-06T12:41:14.738-03:00  INFO 91099 --- [demo] [           main] c.w.a.i.c.s.config.SecurityFilter        : User 'userb0531432-771f-4845-abb6-aaf01888857f@gmail.com' authenticated successfully.
2026-06-06T12:41:14.756-03:00  INFO 91099 --- [demo] [           main] c.w.a.i.c.s.config.SecurityFilter        : User 'userb0531432-771f-4845-abb6-aaf01888857f@gmail.com' authenticated successfully.
]]></system-out>
  </testcase>
</testsuite>